#
# A fatal error has been detected by the Java Runtime Environment:
#
#  EXCEPTION_ACCESS_VIOLATION (0xc0000005) at pc=0x00007ffefec8e0a9, pid=9440, tid=14300
#
# JRE version: OpenJDK Runtime Environment Microsoft-8035246 (17.0.8+7) (build 17.0.8+7-LTS)
# Java VM: OpenJDK 64-Bit Server VM Microsoft-8035246 (17.0.8+7-LTS, mixed mode, sharing, tiered, compressed oops, compressed class ptrs, g1 gc, windows-amd64)
# Problematic frame:
# V  [jvm.dll+0x2be0a9]
#
# No core dump will be written. Minidumps are not enabled by default on client versions of Windows
#
# If you would like to submit a bug report, please visit:
#   https://github.com/microsoft/openjdk/issues
#

---------------  S U M M A R Y ------------

Command Line: -XX:MaxMetaspaceSize=512m --add-opens=java.base/java.util=ALL-UNNAMED --add-opens=java.base/java.lang=ALL-UNNAMED --add-opens=java.base/java.lang.invoke=ALL-UNNAMED --add-opens=java.prefs/java.util.prefs=ALL-UNNAMED --add-opens=java.base/java.nio.charset=ALL-UNNAMED --add-opens=java.base/java.net=ALL-UNNAMED --add-opens=java.base/java.util.concurrent.atomic=ALL-UNNAMED -Xmx2048m -Dfile.encoding=windows-1252 -Duser.country=US -Duser.language=en -Duser.variant -javaagent:C:\Users\Hasan\.gradle\wrapper\dists\gradle-8.3-all\6en3ugtfdg5xnpx44z4qbwgas\gradle-8.3\lib\agents\gradle-instrumentation-agent-8.3.jar org.gradle.launcher.daemon.bootstrap.GradleDaemon 8.3

Host: Intel(R) Core(TM) i5-2400 CPU @ 3.10GHz, 4 cores, 11G,  Windows 11 , 64 bit Build 22000 (10.0.22000.2600)
Time: Mon Feb 19 10:13:19 2024 Pakistan Standard Time elapsed time: 65.530476 seconds (0d 0h 1m 5s)

---------------  T H R E A D  ---------------

Current thread (0x0000022bc1aed5c0):  JavaThread "C2 CompilerThread1" daemon [_thread_in_native, id=14300, stack(0x000000cede900000,0x000000cedea00000)]


Current CompileTask:
C2:  65530 15572       4       org.gradle.cache.internal.ExclusiveCacheAccessingWorker$1::call (10 bytes)

Stack: [0x000000cede900000,0x000000cedea00000],  sp=0x000000cede9fb4d0,  free space=1005k
Native frames: (J=compiled Java code, j=interpreted, Vv=VM code, C=native code)
V  [jvm.dll+0x2be0a9]
V  [jvm.dll+0x21ba8b]
V  [jvm.dll+0x21944b]
V  [jvm.dll+0x1a56b6]
V  [jvm.dll+0x2291ea]
V  [jvm.dll+0x22724c]
V  [jvm.dll+0x7efd0c]
V  [jvm.dll+0x7ea13a]
V  [jvm.dll+0x67ad85]
C  [ucrtbase.dll+0x26c0c]
C  [KERNEL32.DLL+0x153e0]
C  [ntdll.dll+0x485b]


siginfo: EXCEPTION_ACCESS_VIOLATION (0xc0000005), reading address 0x0000000000000028


Register to memory mapping:

RIP=0x00007ffefec8e0a9 jvm.dll
RAX=0x0000022bcd285280 points into unknown readable memory: 0x0000000000000000 | 00 00 00 00 00 00 00 00
RBX=0x000000000000180d is an unknown value
RCX=0x0000022bcd295280 points into unknown readable memory: 0x0000022bc3731580 | 80 15 73 c3 2b 02 00 00
RDX=0x0 is NULL
RSP=0x000000cede9fb4d0 is pointing into the stack for thread: 0x0000022bc1aed5c0
RBP=0x000000cede9fb540 is pointing into the stack for thread: 0x0000022bc1aed5c0
RSI=0x0 is NULL
RDI=0x0000000000000048 is an unknown value
R8 =0x0 is NULL
R9 =0x0 is NULL
R10=0x00007fff4fc40000 VCRUNTIME140.dll
R11=0x0000022bcd2852a0 points into unknown readable memory: 0x0000000000000000 | 00 00 00 00 00 00 00 00
R12=0x0000000000000050 is an unknown value
R13=0x0 is NULL
R14=0x0 is NULL
R15=0x000000cede9fe6f0 is pointing into the stack for thread: 0x0000022bc1aed5c0


Registers:
RAX=0x0000022bcd285280, RBX=0x000000000000180d, RCX=0x0000022bcd295280, RDX=0x0000000000000000
RSP=0x000000cede9fb4d0, RBP=0x000000cede9fb540, RSI=0x0000000000000000, RDI=0x0000000000000048
R8 =0x0000000000000000, R9 =0x0000000000000000, R10=0x00007fff4fc40000, R11=0x0000022bcd2852a0
R12=0x0000000000000050, R13=0x0000000000000000, R14=0x0000000000000000, R15=0x000000cede9fe6f0
RIP=0x00007ffefec8e0a9, EFLAGS=0x0000000000010246

Top of Stack: (sp=0x000000cede9fb4d0)
0x000000cede9fb4d0:   000000000000180d 0000000000000000
0x000000cede9fb4e0:   000000cede9fe6f0 00007ffefebf38d1
0x000000cede9fb4f0:   0000022bcb63df60 00007ffe00002000
0x000000cede9fb500:   0000022bcd285280 0000022b00000000
0x000000cede9fb510:   0000000000000002 0000022bcc301950
0x000000cede9fb520:   0000000000000002 0000022bcb63df60
0x000000cede9fb530:   0000000000000000 0000000000000000
0x000000cede9fb540:   0000022bc42dff80 0000022b80d07cc0
0x000000cede9fb550:   0000000000000048 00007ffeff314c08
0x000000cede9fb560:   000000cede9fb670 00007ffefebeba8b
0x000000cede9fb570:   000000cede9fe6f0 00007ffeff314c08
0x000000cede9fb580:   000000cede9fe6f0 000000cede9fb670
0x000000cede9fb590:   000000ce00000000 000000cede9ff250
0x000000cede9fb5a0:   000000ce0000000f 000000cede9fe6f0
0x000000cede9fb5b0:   000000cede9fb720 00007ffe00000000
0x000000cede9fb5c0:   0000022b00000100 00007ffeff314c08 

Instructions: (pc=0x00007ffefec8e0a9)
0x00007ffefec8dfa9:   3b d0 75 0b ff c1 41 3b c9 7c dc 48 8b c2 c3 33
0x00007ffefec8dfb9:   c0 c3 cc cc cc cc cc 48 89 5c 24 18 55 56 57 41
0x00007ffefec8dfc9:   55 41 57 48 8b ec 48 83 ec 70 65 48 8b 04 25 58
0x00007ffefec8dfd9:   00 00 00 48 8b f2 44 8b 05 d2 8b 90 00 4c 8b f9
0x00007ffefec8dfe9:   4a 8b 1c c0 b8 50 00 00 00 80 3c 18 00 75 05 e8
0x00007ffefec8dff9:   8b 6f 5d 00 b8 20 00 00 00 48 8b 04 18 48 8b 98
0x00007ffefec8e009:   38 02 00 00 48 89 5d b0 c7 45 b8 04 00 00 00 48
0x00007ffefec8e019:   8b 43 18 48 83 f8 df 76 18 4c 8d 05 37 a9 65 00
0x00007ffefec8e029:   ba 20 00 00 00 48 8b cb e8 5a eb de ff 48 8b 43
0x00007ffefec8e039:   18 48 8d 48 20 48 3b 4b 20 76 11 45 33 c0 48 8b
0x00007ffefec8e049:   cb 41 8d 50 20 e8 fd e8 de ff eb 04 48 89 4b 18
0x00007ffefec8e059:   44 8b 45 b8 33 d2 49 c1 e0 03 48 8b c8 48 89 45
0x00007ffefec8e069:   c0 e8 e3 80 5d 00 45 33 ed 48 8d 4d d0 44 89 6d
0x00007ffefec8e079:   c8 e8 01 59 56 00 41 8b 9f 40 02 00 00 41 2b 9f
0x00007ffefec8e089:   68 02 00 00 44 89 6d f0 3b 5d b8 72 0b 8b d3 48
0x00007ffefec8e099:   8d 4d b0 e8 6f b3 39 00 48 8b 45 c0 4c 89 2c d8
0x00007ffefec8e0a9:   8b 7e 28 8b df c1 eb 05 3b 5d d0 72 0b 8b d3 48
0x00007ffefec8e0b9:   8d 4d d0 e8 1f 59 56 00 48 8b 45 d8 83 e7 1f 48
0x00007ffefec8e0c9:   8d 14 98 40 0f b6 cf 41 b8 01 00 00 00 41 d3 e0
0x00007ffefec8e0d9:   8b 0a 8b c1 41 0b c0 89 02 41 85 c8 75 21 8b 5d
0x00007ffefec8e0e9:   c8 8d 43 01 89 45 c8 3b 5d b8 72 0b 8b d3 48 8d
0x00007ffefec8e0f9:   4d b0 e8 10 b3 39 00 48 8b 45 c0 48 89 34 d8 44
0x00007ffefec8e109:   39 6d c8 0f 86 77 01 00 00 4c 89 a4 24 a0 00 00
0x00007ffefec8e119:   00 4c 89 b4 24 a8 00 00 00 48 8b 45 c0 41 8b cd
0x00007ffefec8e129:   48 8b 34 c8 8b 46 2c 25 ff 1f 00 00 3d 04 10 00
0x00007ffefec8e139:   00 0f 85 a7 00 00 00 bb 01 00 00 00 39 5e 18 76
0x00007ffefec8e149:   39 66 0f 1f 44 00 00 48 8b 46 08 8b cb 48 8b 14
0x00007ffefec8e159:   c8 48 85 d2 74 1d 48 83 7a 10 00 74 16 80 7a 2c
0x00007ffefec8e169:   84 74 10 e8 7f 7e ee ff 48 8b d0 49 8b cf e8 a4
0x00007ffefec8e179:   61 f6 ff ff c3 3b 5e 18 72 cd 48 8b 5e 10 8b 46
0x00007ffefec8e189:   20 4c 8d 34 c3 49 3b de 73 54 48 8b 3b 8b 47 2c
0x00007ffefec8e199:   83 e0 03 3c 03 75 2e 48 8b 07 48 8b cf ff 90 88 


Stack slot to memory mapping:
stack at sp + 0 slots: 0x000000000000180d is an unknown value
stack at sp + 1 slots: 0x0 is NULL
stack at sp + 2 slots: 0x000000cede9fe6f0 is pointing into the stack for thread: 0x0000022bc1aed5c0
stack at sp + 3 slots: 0x00007ffefebf38d1 jvm.dll
stack at sp + 4 slots: 0x0000022bcb63df60 points into unknown readable memory: 0x2f6e757300000006 | 06 00 00 00 73 75 6e 2f
stack at sp + 5 slots: 0x00007ffe00002000 is an unknown value
stack at sp + 6 slots: 0x0000022bcd285280 points into unknown readable memory: 0x0000000000000000 | 00 00 00 00 00 00 00 00
stack at sp + 7 slots: 0x0000022b00000000 is an unknown value


---------------  P R O C E S S  ---------------

Threads class SMR info:
_java_thread_list=0x0000022bccf6a030, length=92, elements={
0x0000022b80cefce0, 0x0000022ba1198ab0, 0x0000022ba1199930, 0x0000022ba11b3e40,
0x0000022ba11b5b70, 0x0000022ba11b8ce0, 0x0000022ba11b96a0, 0x0000022ba11be890,
0x0000022ba11bf340, 0x0000022ba11edc10, 0x0000022ba13ba9c0, 0x0000022ba14be990,
0x0000022bc1815e10, 0x0000022bc1073910, 0x0000022bc17e8c50, 0x0000022bc170ca80,
0x0000022bc2105f00, 0x0000022bc1ff54b0, 0x0000022bc1ff7310, 0x0000022bc1ff4580,
0x0000022bc1ff7820, 0x0000022bc1ff59c0, 0x0000022bc1ff4a90, 0x0000022bc1ff4070,
0x0000022bc1ff5ed0, 0x0000022bc1ff6e00, 0x0000022bc1ff63e0, 0x0000022bc1ff68f0,
0x0000022ba143fd00, 0x0000022ba143e8c0, 0x0000022ba1441650, 0x0000022ba143c550,
0x0000022ba143f2e0, 0x0000022ba143f7f0, 0x0000022ba143c040, 0x0000022ba143d990,
0x0000022ba143bb30, 0x0000022ba1440210, 0x0000022ba143cf70, 0x0000022ba143ac00,
0x0000022ba143a6f0, 0x0000022ba143b110, 0x0000022ba143b620, 0x0000022ba1440c30,
0x0000022ba143e3b0, 0x0000022ba1441140, 0x0000022bc225b800, 0x0000022bc2258050,
0x0000022bc22552c0, 0x0000022bc2259490, 0x0000022bc225a3c0, 0x0000022bc225bd10,
0x0000022bc2256c10, 0x0000022bc2258560, 0x0000022bc2257b40, 0x0000022bc225c730,
0x0000022bc2257120, 0x0000022bc225c220, 0x0000022bc2255ce0, 0x0000022bc22561f0,
0x0000022bc2258a70, 0x0000022bc2256700, 0x0000022bc225cc40, 0x0000022bc22557d0,
0x0000022bc22599a0, 0x0000022bc225b2f0, 0x0000022bc29b1bd0, 0x0000022bc29b3010,
0x0000022bc29b3a30, 0x0000022bc29afd70, 0x0000022bc29b3f40, 0x0000022bc29b0ca0,
0x0000022bc29af350, 0x0000022bc29b0280, 0x0000022bc29ae420, 0x0000022bc1aed5c0,
0x0000022bc29b16c0, 0x0000022bc29b20e0, 0x0000022bc29b3520, 0x0000022bc29b4450,
0x0000022bc29b4960, 0x0000022bc29b4e70, 0x0000022bc29b5380, 0x0000022bc29adf10,
0x0000022bc29b5890, 0x0000022bc1ff4fa0, 0x0000022bccd77c10, 0x0000022bccd78120,
0x0000022bccd76ce0, 0x0000022bccd78b40, 0x0000022bccd77700, 0x0000022bccd771f0
}

Java Threads: ( => current thread )
  0x0000022b80cefce0 JavaThread "main" [_thread_blocked, id=13964, stack(0x000000cedad00000,0x000000cedae00000)]
  0x0000022ba1198ab0 JavaThread "Reference Handler" daemon [_thread_blocked, id=2796, stack(0x000000cedb400000,0x000000cedb500000)]
  0x0000022ba1199930 JavaThread "Finalizer" daemon [_thread_blocked, id=12300, stack(0x000000cedb500000,0x000000cedb600000)]
  0x0000022ba11b3e40 JavaThread "Signal Dispatcher" daemon [_thread_blocked, id=8300, stack(0x000000cedb600000,0x000000cedb700000)]
  0x0000022ba11b5b70 JavaThread "Attach Listener" daemon [_thread_blocked, id=9872, stack(0x000000cedb700000,0x000000cedb800000)]
  0x0000022ba11b8ce0 JavaThread "Service Thread" daemon [_thread_blocked, id=13408, stack(0x000000cedb800000,0x000000cedb900000)]
  0x0000022ba11b96a0 JavaThread "Monitor Deflation Thread" daemon [_thread_blocked, id=12724, stack(0x000000cedb900000,0x000000cedba00000)]
  0x0000022ba11be890 JavaThread "C2 CompilerThread0" daemon [_thread_in_native, id=4928, stack(0x000000cedba00000,0x000000cedbb00000)]
  0x0000022ba11bf340 JavaThread "C1 CompilerThread0" daemon [_thread_blocked, id=14932, stack(0x000000cedbb00000,0x000000cedbc00000)]
  0x0000022ba11edc10 JavaThread "Sweeper thread" daemon [_thread_blocked, id=11028, stack(0x000000cedbc00000,0x000000cedbd00000)]
  0x0000022ba13ba9c0 JavaThread "Common-Cleaner" daemon [_thread_blocked, id=11668, stack(0x000000cedbd00000,0x000000cedbe00000)]
  0x0000022ba14be990 JavaThread "Notification Thread" daemon [_thread_blocked, id=11912, stack(0x000000cedbe00000,0x000000cedbf00000)]
  0x0000022bc1815e10 JavaThread "Daemon health stats" [_thread_blocked, id=9244, stack(0x000000cedc400000,0x000000cedc500000)]
  0x0000022bc1073910 JavaThread "Incoming local TCP Connector on port 51470" [_thread_in_native, id=8240, stack(0x000000cedc000000,0x000000cedc100000)]
  0x0000022bc17e8c50 JavaThread "Daemon periodic checks" [_thread_blocked, id=14136, stack(0x000000cedc500000,0x000000cedc600000)]
  0x0000022bc170ca80 JavaThread "Daemon" [_thread_blocked, id=14052, stack(0x000000cedc600000,0x000000cedc700000)]
  0x0000022bc2105f00 JavaThread "Handler for socket connection from /127.0.0.1:51470 to /127.0.0.1:51471" [_thread_in_native, id=6524, stack(0x000000cedc700000,0x000000cedc800000)]
  0x0000022bc1ff54b0 JavaThread "Cancel handler" [_thread_blocked, id=5540, stack(0x000000cedc800000,0x000000cedc900000)]
  0x0000022bc1ff7310 JavaThread "Daemon worker" [_thread_blocked, id=2320, stack(0x000000cedc900000,0x000000cedca00000)]
  0x0000022bc1ff4580 JavaThread "Asynchronous log dispatcher for DefaultDaemonConnection: socket connection from /127.0.0.1:51470 to /127.0.0.1:51471" [_thread_blocked, id=2012, stack(0x000000cedca00000,0x000000cedcb00000)]
  0x0000022bc1ff7820 JavaThread "Stdin handler" [_thread_blocked, id=1764, stack(0x000000cedcb00000,0x000000cedcc00000)]
  0x0000022bc1ff59c0 JavaThread "Daemon client event forwarder" [_thread_blocked, id=2772, stack(0x000000cedcc00000,0x000000cedcd00000)]
  0x0000022bc1ff4a90 JavaThread "Cache worker for journal cache (C:\Users\Hasan\.gradle\caches\journal-1)" [_thread_blocked, id=6716, stack(0x000000cedcd00000,0x000000cedce00000)]
  0x0000022bc1ff4070 JavaThread "File lock request listener" [_thread_in_native, id=8416, stack(0x000000cedce00000,0x000000cedcf00000)]
  0x0000022bc1ff5ed0 JavaThread "Cache worker for file hash cache (C:\Users\Hasan\.gradle\caches\8.3\fileHashes)" [_thread_blocked, id=13776, stack(0x000000cedcf00000,0x000000cedd000000)]
  0x0000022bc1ff6e00 JavaThread "File watcher server" daemon [_thread_in_native, id=6696, stack(0x000000cedd000000,0x000000cedd100000)]
  0x0000022bc1ff63e0 JavaThread "File watcher consumer" daemon [_thread_blocked, id=10472, stack(0x000000cedd100000,0x000000cedd200000)]
  0x0000022bc1ff68f0 JavaThread "Cache worker for checksums cache (F:\Hasan Ali\Bitfender\android\.gradle\8.3\checksums)" [_thread_blocked, id=11544, stack(0x000000cedd200000,0x000000cedd300000)]
  0x0000022ba143fd00 JavaThread "Cache worker for file hash cache (F:\Hasan Ali\Bitfender\android\.gradle\8.3\fileHashes)" [_thread_blocked, id=4796, stack(0x000000cedd300000,0x000000cedd400000)]
  0x0000022ba143e8c0 JavaThread "Cache worker for cache directory md-supplier (C:\Users\Hasan\.gradle\caches\8.3\md-supplier)" [_thread_blocked, id=10392, stack(0x000000cedd400000,0x000000cedd500000)]
  0x0000022ba1441650 JavaThread "Cache worker for file content cache (C:\Users\Hasan\.gradle\caches\8.3\fileContent)" [_thread_blocked, id=5056, stack(0x000000cedd500000,0x000000cedd600000)]
  0x0000022ba143c550 JavaThread "Cache worker for cache directory md-rule (C:\Users\Hasan\.gradle\caches\8.3\md-rule)" [_thread_blocked, id=9228, stack(0x000000cedd600000,0x000000cedd700000)]
  0x0000022ba143f2e0 JavaThread "Cache worker for execution history cache (C:\Users\Hasan\.gradle\caches\8.3\executionHistory)" [_thread_blocked, id=13908, stack(0x000000cedd700000,0x000000cedd800000)]
  0x0000022ba143f7f0 JavaThread "jar transforms" [_thread_blocked, id=6248, stack(0x000000cedda00000,0x000000ceddb00000)]
  0x0000022ba143c040 JavaThread "jar transforms Thread 2" [_thread_blocked, id=10156, stack(0x000000ceddb00000,0x000000ceddc00000)]
  0x0000022ba143d990 JavaThread "jar transforms Thread 3" [_thread_blocked, id=4564, stack(0x000000ceddc00000,0x000000ceddd00000)]
  0x0000022ba143bb30 JavaThread "jar transforms Thread 4" [_thread_blocked, id=12204, stack(0x000000ceddd00000,0x000000cedde00000)]
  0x0000022ba1440210 JavaThread "Cache worker for kotlin-dsl (C:\Users\Hasan\.gradle\caches\8.3\kotlin-dsl)" [_thread_blocked, id=3372, stack(0x000000cedde00000,0x000000ceddf00000)]
  0x0000022ba143cf70 JavaThread "Unconstrained build operations" [_thread_blocked, id=12360, stack(0x000000ceddf00000,0x000000cede000000)]
  0x0000022ba143ac00 JavaThread "Unconstrained build operations Thread 2" [_thread_blocked, id=5736, stack(0x000000cede000000,0x000000cede100000)]
  0x0000022ba143a6f0 JavaThread "Cache worker for dependencies-accessors (F:\Hasan Ali\Bitfender\android\.gradle\8.3\dependencies-accessors)" [_thread_blocked, id=6152, stack(0x000000cede100000,0x000000cede200000)]
  0x0000022ba143b110 JavaThread "Cache worker for Build Output Cleanup Cache (F:\Hasan Ali\Bitfender\node_modules\@react-native\gradle-plugin\.gradle\buildOutputCleanup)" [_thread_blocked, id=6652, stack(0x000000cede200000,0x000000cede300000)]
  0x0000022ba143b620 JavaThread "Unconstrained build operations Thread 3" [_thread_blocked, id=11104, stack(0x000000cede300000,0x000000cede400000)]
  0x0000022ba1440c30 JavaThread "Unconstrained build operations Thread 4" [_thread_blocked, id=9960, stack(0x000000cede400000,0x000000cede500000)]
  0x0000022ba143e3b0 JavaThread "Unconstrained build operations Thread 5" [_thread_blocked, id=7516, stack(0x000000cede500000,0x000000cede600000)]
  0x0000022ba1441140 JavaThread "Memory manager" [_thread_blocked, id=11796, stack(0x000000cede600000,0x000000cede700000)]
  0x0000022bc225b800 JavaThread "Cache worker for Build Output Cleanup Cache (F:\Hasan Ali\Bitfender\android\.gradle\buildOutputCleanup)" [_thread_blocked, id=14320, stack(0x000000cede800000,0x000000cede900000)]
  0x0000022bc2258050 JavaThread "ForkJoinPool.commonPool-worker-1" daemon [_thread_blocked, id=12476, stack(0x000000cedea00000,0x000000cedeb00000)]
  0x0000022bc22552c0 JavaThread "ForkJoinPool.commonPool-worker-2" daemon [_thread_blocked, id=12272, stack(0x000000cedeb00000,0x000000cedec00000)]
  0x0000022bc2259490 JavaThread "ForkJoinPool.commonPool-worker-3" daemon [_thread_blocked, id=10584, stack(0x000000cedec00000,0x000000ceded00000)]
  0x0000022bc225a3c0 JavaThread "included builds" [_thread_blocked, id=9700, stack(0x000000ceded00000,0x000000cedee00000)]
  0x0000022bc225bd10 JavaThread "Execution worker" [_thread_blocked, id=4752, stack(0x000000cedee00000,0x000000cedef00000)]
  0x0000022bc2256c10 JavaThread "Execution worker Thread 2" [_thread_blocked, id=6980, stack(0x000000cedef00000,0x000000cedf000000)]
  0x0000022bc2258560 JavaThread "Execution worker Thread 3" [_thread_blocked, id=8268, stack(0x000000cedf000000,0x000000cedf100000)]
  0x0000022bc2257b40 JavaThread "Cache worker for execution history cache (F:\Hasan Ali\Bitfender\node_modules\@react-native\gradle-plugin\.gradle\8.3\executionHistory)" [_thread_blocked, id=15152, stack(0x000000cedf100000,0x000000cedf200000)]
  0x0000022bc225c730 JavaThread "Unconstrained build operations Thread 6" [_thread_blocked, id=13064, stack(0x000000cedf200000,0x000000cedf300000)]
  0x0000022bc2257120 JavaThread "Unconstrained build operations Thread 7" [_thread_in_native, id=12356, stack(0x000000cedf300000,0x000000cedf400000)]
  0x0000022bc225c220 JavaThread "Unconstrained build operations Thread 8" [_thread_blocked, id=8992, stack(0x000000cedf400000,0x000000cedf500000)]
  0x0000022bc2255ce0 JavaThread "Unconstrained build operations Thread 9" [_thread_blocked, id=4324, stack(0x000000cedf500000,0x000000cedf600000)]
  0x0000022bc22561f0 JavaThread "Unconstrained build operations Thread 10" [_thread_blocked, id=12196, stack(0x000000cedf600000,0x000000cedf700000)]
  0x0000022bc2258a70 JavaThread "Unconstrained build operations Thread 11" [_thread_blocked, id=9660, stack(0x000000cedf700000,0x000000cedf800000)]
  0x0000022bc2256700 JavaThread "Unconstrained build operations Thread 12" [_thread_blocked, id=10432, stack(0x000000cedf800000,0x000000cedf900000)]
  0x0000022bc225cc40 JavaThread "Unconstrained build operations Thread 13" [_thread_blocked, id=13000, stack(0x000000cedf900000,0x000000cedfa00000)]
  0x0000022bc22557d0 JavaThread "Unconstrained build operations Thread 14" [_thread_blocked, id=7136, stack(0x000000cedfa00000,0x000000cedfb00000)]
  0x0000022bc22599a0 JavaThread "Unconstrained build operations Thread 15" [_thread_blocked, id=9880, stack(0x000000cedfb00000,0x000000cedfc00000)]
  0x0000022bc225b2f0 JavaThread "Unconstrained build operations Thread 16" [_thread_blocked, id=3972, stack(0x000000cedfc00000,0x000000cedfd00000)]
  0x0000022bc29b1bd0 JavaThread "Unconstrained build operations Thread 17" [_thread_blocked, id=9256, stack(0x000000cedfd00000,0x000000cedfe00000)]
  0x0000022bc29b3010 JavaThread "Unconstrained build operations Thread 18" [_thread_blocked, id=14936, stack(0x000000cedfe00000,0x000000cedff00000)]
  0x0000022bc29b3a30 JavaThread "Unconstrained build operations Thread 19" [_thread_blocked, id=1136, stack(0x000000cedff00000,0x000000cee0000000)]
  0x0000022bc29afd70 JavaThread "Unconstrained build operations Thread 20" [_thread_blocked, id=10444, stack(0x000000cee0200000,0x000000cee0300000)]
  0x0000022bc29b3f40 JavaThread "Unconstrained build operations Thread 21" [_thread_blocked, id=9180, stack(0x000000cee0300000,0x000000cee0400000)]
  0x0000022bc29b0ca0 JavaThread "Unconstrained build operations Thread 22" [_thread_blocked, id=11112, stack(0x000000cee0400000,0x000000cee0500000)]
  0x0000022bc29af350 JavaThread "Unconstrained build operations Thread 23" [_thread_blocked, id=8996, stack(0x000000cee0500000,0x000000cee0600000)]
  0x0000022bc29b0280 JavaThread "Unconstrained build operations Thread 24" [_thread_blocked, id=6436, stack(0x000000cee0600000,0x000000cee0700000)]
  0x0000022bc29ae420 JavaThread "Unconstrained build operations Thread 25" [_thread_blocked, id=14012, stack(0x000000cee0700000,0x000000cee0800000)]
=>0x0000022bc1aed5c0 JavaThread "C2 CompilerThread1" daemon [_thread_in_native, id=14300, stack(0x000000cede900000,0x000000cedea00000)]
  0x0000022bc29b16c0 JavaThread "Unconstrained build operations Thread 26" [_thread_blocked, id=11768, stack(0x000000cee0800000,0x000000cee0900000)]
  0x0000022bc29b20e0 JavaThread "Unconstrained build operations Thread 27" [_thread_blocked, id=11980, stack(0x000000cee0900000,0x000000cee0a00000)]
  0x0000022bc29b3520 JavaThread "Unconstrained build operations Thread 28" [_thread_blocked, id=5796, stack(0x000000cee0a00000,0x000000cee0b00000)]
  0x0000022bc29b4450 JavaThread "Unconstrained build operations Thread 29" [_thread_blocked, id=13808, stack(0x000000cee0b00000,0x000000cee0c00000)]
  0x0000022bc29b4960 JavaThread "Unconstrained build operations Thread 30" [_thread_blocked, id=12348, stack(0x000000cee0c00000,0x000000cee0d00000)]
  0x0000022bc29b4e70 JavaThread "Unconstrained build operations Thread 31" [_thread_blocked, id=11704, stack(0x000000cee0d00000,0x000000cee0e00000)]
  0x0000022bc29b5380 JavaThread "Unconstrained build operations Thread 32" [_thread_blocked, id=8748, stack(0x000000cee0e00000,0x000000cee0f00000)]
  0x0000022bc29adf10 JavaThread "Unconstrained build operations Thread 33" [_thread_blocked, id=9204, stack(0x000000cee0f00000,0x000000cee1000000)]
  0x0000022bc29b5890 JavaThread "Unconstrained build operations Thread 34" [_thread_blocked, id=9984, stack(0x000000cee1000000,0x000000cee1100000)]
  0x0000022bc1ff4fa0 JavaThread "Unconstrained build operations Thread 35" [_thread_blocked, id=11948, stack(0x000000cee1100000,0x000000cee1200000)]
  0x0000022bccd77c10 JavaThread "Unconstrained build operations Thread 36" [_thread_blocked, id=1484, stack(0x000000cee1200000,0x000000cee1300000)]
  0x0000022bccd78120 JavaThread "Unconstrained build operations Thread 37" [_thread_blocked, id=4336, stack(0x000000cee1300000,0x000000cee1400000)]
  0x0000022bccd76ce0 JavaThread "Unconstrained build operations Thread 38" [_thread_blocked, id=13512, stack(0x000000cee1400000,0x000000cee1500000)]
  0x0000022bccd78b40 JavaThread "Unconstrained build operations Thread 39" [_thread_blocked, id=9412, stack(0x000000cee1500000,0x000000cee1600000)]
  0x0000022bccd77700 JavaThread "Unconstrained build operations Thread 40" [_thread_blocked, id=2028, stack(0x000000cee1600000,0x000000cee1700000)]
  0x0000022bccd771f0 JavaThread "Cache worker for execution history cache (F:\Hasan Ali\Bitfender\android\.gradle\8.3\executionHistory)" [_thread_blocked, id=14572, stack(0x000000cee1700000,0x000000cee1800000)]

Other Threads:
  0x0000022ba118fa40 VMThread "VM Thread" [stack: 0x000000cedb300000,0x000000cedb400000] [id=10276]
  0x0000022ba151de70 WatcherThread [stack: 0x000000cedbf00000,0x000000cedc000000] [id=8756]
  0x0000022b80d49b50 GCTaskThread "GC Thread#0" [stack: 0x000000cedae00000,0x000000cedaf00000] [id=14352]
  0x0000022ba1612c50 GCTaskThread "GC Thread#1" [stack: 0x000000cedc100000,0x000000cedc200000] [id=10068]
  0x0000022ba16dc640 GCTaskThread "GC Thread#2" [stack: 0x000000cedc200000,0x000000cedc300000] [id=10808]
  0x0000022ba16dc900 GCTaskThread "GC Thread#3" [stack: 0x000000cedc300000,0x000000cedc400000] [id=9604]
  0x0000022b80d5bab0 ConcurrentGCThread "G1 Main Marker" [stack: 0x000000cedaf00000,0x000000cedb000000] [id=8516]
  0x0000022b80d5cc60 ConcurrentGCThread "G1 Conc#0" [stack: 0x000000cedb000000,0x000000cedb100000] [id=7208]
  0x0000022b80d9d7e0 ConcurrentGCThread "G1 Refine#0" [stack: 0x000000cedb100000,0x000000cedb200000] [id=7488]
  0x0000022bc2daa030 ConcurrentGCThread "G1 Refine#1" [stack: 0x000000cedd800000,0x000000cedd900000] [id=3552]
  0x0000022bc19bdad0 ConcurrentGCThread "G1 Refine#2" [stack: 0x000000cee0000000,0x000000cee0100000] [id=3404]
  0x0000022bc19bddc0 ConcurrentGCThread "G1 Refine#3" [stack: 0x000000cee0100000,0x000000cee0200000] [id=11340]
  0x0000022b80d9e210 ConcurrentGCThread "G1 Service" [stack: 0x000000cedb200000,0x000000cedb300000] [id=8220]

Threads with active compile tasks:
C2 CompilerThread1    65733 15572       4       org.gradle.cache.internal.ExclusiveCacheAccessingWorker$1::call (10 bytes)

VM state: not at safepoint (normal execution)

VM Mutex/Monitor currently owned by a thread: None

Heap address: 0x0000000080000000, size: 2048 MB, Compressed Oops mode: 32-bit

CDS archive(s) mapped at: [0x0000022ba2000000-0x0000022ba2bd0000-0x0000022ba2bd0000), size 12386304, SharedBaseAddress: 0x0000022ba2000000, ArchiveRelocationMode: 1.
Compressed class space mapped at: 0x0000022ba3000000-0x0000022bbd000000, reserved size: 436207616
Narrow klass base: 0x0000022ba2000000, Narrow klass shift: 0, Narrow klass range: 0x100000000

GC Precious Log:
 CPUs: 4 total, 4 available
 Memory: 12176M
 Large Page Support: Disabled
 NUMA Support: Disabled
 Compressed Oops: Enabled (32-bit)
 Heap Region Size: 1M
 Heap Min Capacity: 8M
 Heap Initial Capacity: 192M
 Heap Max Capacity: 2G
 Pre-touch: Disabled
 Parallel Workers: 4
 Concurrent Workers: 1
 Concurrent Refinement Workers: 4
 Periodic GC: Disabled

Heap:
 garbage-first heap   total 243712K, used 197473K [0x0000000080000000, 0x0000000100000000)
  region size 1024K, 34 young (34816K), 6 survivors (6144K)
 Metaspace       used 106187K, committed 107136K, reserved 557056K
  class space    used 14699K, committed 15104K, reserved 425984K

Heap Regions: E=young(eden), S=young(survivor), O=old, HS=humongous(starts), HC=humongous(continues), CS=collection set, F=free, OA=open archive, CA=closed archive, TAMS=top-at-mark-start (previous, next)
|   0|0x0000000080000000, 0x0000000080100000, 0x0000000080100000|100%| O|  |TAMS 0x0000000080100000, 0x0000000080000000| Untracked 
|   1|0x0000000080100000, 0x0000000080200000, 0x0000000080200000|100%| O|  |TAMS 0x0000000080200000, 0x0000000080100000| Untracked 
|   2|0x0000000080200000, 0x0000000080300000, 0x0000000080300000|100%|HS|  |TAMS 0x0000000080300000, 0x0000000080200000| Complete 
|   3|0x0000000080300000, 0x0000000080400000, 0x0000000080400000|100%|HC|  |TAMS 0x0000000080400000, 0x0000000080300000| Complete 
|   4|0x0000000080400000, 0x0000000080500000, 0x0000000080500000|100%|HC|  |TAMS 0x0000000080500000, 0x0000000080400000| Complete 
|   5|0x0000000080500000, 0x0000000080600000, 0x0000000080600000|100%|HC|  |TAMS 0x0000000080600000, 0x0000000080500000| Complete 
|   6|0x0000000080600000, 0x0000000080700000, 0x0000000080700000|100%| O|  |TAMS 0x0000000080700000, 0x0000000080600000| Untracked 
|   7|0x0000000080700000, 0x0000000080800000, 0x0000000080800000|100%| O|  |TAMS 0x0000000080800000, 0x0000000080700000| Untracked 
|   8|0x0000000080800000, 0x0000000080900000, 0x0000000080900000|100%| O|  |TAMS 0x0000000080900000, 0x0000000080800000| Untracked 
|   9|0x0000000080900000, 0x0000000080a00000, 0x0000000080a00000|100%| O|  |TAMS 0x0000000080a00000, 0x0000000080900000| Untracked 
|  10|0x0000000080a00000, 0x0000000080b00000, 0x0000000080b00000|100%| O|  |TAMS 0x0000000080b00000, 0x0000000080a00000| Untracked 
|  11|0x0000000080b00000, 0x0000000080bd8400, 0x0000000080c00000| 84%| O|  |TAMS 0x0000000080bd8400, 0x0000000080b00000| Untracked 
|  12|0x0000000080c00000, 0x0000000080d00000, 0x0000000080d00000|100%| O|  |TAMS 0x0000000080d00000, 0x0000000080c00000| Untracked 
|  13|0x0000000080d00000, 0x0000000080e00000, 0x0000000080e00000|100%| O|  |TAMS 0x0000000080e00000, 0x0000000080d00000| Untracked 
|  14|0x0000000080e00000, 0x0000000080f00000, 0x0000000080f00000|100%| O|  |TAMS 0x0000000080f00000, 0x0000000080e00000| Untracked 
|  15|0x0000000080f00000, 0x0000000081000000, 0x0000000081000000|100%| O|  |TAMS 0x0000000081000000, 0x0000000080f00000| Untracked 
|  16|0x0000000081000000, 0x0000000081100000, 0x0000000081100000|100%| O|  |TAMS 0x0000000081100000, 0x0000000081000000| Untracked 
|  17|0x0000000081100000, 0x0000000081200000, 0x0000000081200000|100%| O|  |TAMS 0x0000000081200000, 0x0000000081100000| Untracked 
|  18|0x0000000081200000, 0x0000000081300000, 0x0000000081300000|100%| O|  |TAMS 0x0000000081300000, 0x0000000081200000| Untracked 
|  19|0x0000000081300000, 0x0000000081400000, 0x0000000081400000|100%| O|  |TAMS 0x0000000081400000, 0x0000000081300000| Untracked 
|  20|0x0000000081400000, 0x0000000081500000, 0x0000000081500000|100%| O|  |TAMS 0x0000000081500000, 0x0000000081400000| Untracked 
|  21|0x0000000081500000, 0x0000000081600000, 0x0000000081600000|100%| O|  |TAMS 0x0000000081600000, 0x0000000081500000| Untracked 
|  22|0x0000000081600000, 0x0000000081700000, 0x0000000081700000|100%| O|  |TAMS 0x0000000081700000, 0x0000000081600000| Untracked 
|  23|0x0000000081700000, 0x0000000081800000, 0x0000000081800000|100%| O|  |TAMS 0x0000000081800000, 0x0000000081700000| Untracked 
|  24|0x0000000081800000, 0x0000000081900000, 0x0000000081900000|100%| O|  |TAMS 0x0000000081900000, 0x0000000081800000| Untracked 
|  25|0x0000000081900000, 0x0000000081a00000, 0x0000000081a00000|100%| O|  |TAMS 0x0000000081a00000, 0x0000000081900000| Untracked 
|  26|0x0000000081a00000, 0x0000000081b00000, 0x0000000081b00000|100%| O|  |TAMS 0x0000000081b00000, 0x0000000081a00000| Untracked 
|  27|0x0000000081b00000, 0x0000000081c00000, 0x0000000081c00000|100%| O|  |TAMS 0x0000000081c00000, 0x0000000081b00000| Untracked 
|  28|0x0000000081c00000, 0x0000000081d00000, 0x0000000081d00000|100%| O|  |TAMS 0x0000000081d00000, 0x0000000081c00000| Untracked 
|  29|0x0000000081d00000, 0x0000000081e00000, 0x0000000081e00000|100%| O|  |TAMS 0x0000000081e00000, 0x0000000081d00000| Untracked 
|  30|0x0000000081e00000, 0x0000000081f00000, 0x0000000081f00000|100%| O|  |TAMS 0x0000000081f00000, 0x0000000081e00000| Untracked 
|  31|0x0000000081f00000, 0x0000000082000000, 0x0000000082000000|100%| O|  |TAMS 0x0000000082000000, 0x0000000081f00000| Untracked 
|  32|0x0000000082000000, 0x0000000082100000, 0x0000000082100000|100%| O|  |TAMS 0x0000000082100000, 0x0000000082000000| Untracked 
|  33|0x0000000082100000, 0x0000000082200000, 0x0000000082200000|100%| O|  |TAMS 0x0000000082200000, 0x0000000082100000| Untracked 
|  34|0x0000000082200000, 0x0000000082300000, 0x0000000082300000|100%| O|  |TAMS 0x0000000082300000, 0x0000000082200000| Untracked 
|  35|0x0000000082300000, 0x0000000082400000, 0x0000000082400000|100%| O|  |TAMS 0x0000000082400000, 0x0000000082300000| Untracked 
|  36|0x0000000082400000, 0x0000000082500000, 0x0000000082500000|100%| O|  |TAMS 0x0000000082500000, 0x0000000082400000| Untracked 
|  37|0x0000000082500000, 0x0000000082600000, 0x0000000082600000|100%| O|  |TAMS 0x0000000082600000, 0x0000000082500000| Untracked 
|  38|0x0000000082600000, 0x0000000082700000, 0x0000000082700000|100%| O|  |TAMS 0x0000000082700000, 0x0000000082600000| Untracked 
|  39|0x0000000082700000, 0x0000000082800000, 0x0000000082800000|100%| O|  |TAMS 0x0000000082800000, 0x0000000082700000| Untracked 
|  40|0x0000000082800000, 0x0000000082900000, 0x0000000082900000|100%| O|  |TAMS 0x0000000082900000, 0x0000000082800000| Untracked 
|  41|0x0000000082900000, 0x0000000082a00000, 0x0000000082a00000|100%| O|  |TAMS 0x0000000082900000, 0x0000000082900000| Untracked 
|  42|0x0000000082a00000, 0x0000000082b00000, 0x0000000082b00000|100%|HS|  |TAMS 0x0000000082a00000, 0x0000000082a00000| Complete 
|  43|0x0000000082b00000, 0x0000000082c00000, 0x0000000082c00000|100%|HS|  |TAMS 0x0000000082c00000, 0x0000000082b00000| Complete 
|  44|0x0000000082c00000, 0x0000000082d00000, 0x0000000082d00000|100%|HC|  |TAMS 0x0000000082d00000, 0x0000000082c00000| Complete 
|  45|0x0000000082d00000, 0x0000000082e00000, 0x0000000082e00000|100%|HS|  |TAMS 0x0000000082e00000, 0x0000000082d00000| Complete 
|  46|0x0000000082e00000, 0x0000000082f00000, 0x0000000082f00000|100%|HC|  |TAMS 0x0000000082f00000, 0x0000000082e00000| Complete 
|  47|0x0000000082f00000, 0x0000000083000000, 0x0000000083000000|100%| O|  |TAMS 0x0000000083000000, 0x0000000082f00000| Untracked 
|  48|0x0000000083000000, 0x0000000083100000, 0x0000000083100000|100%| O|  |TAMS 0x0000000083100000, 0x0000000083000000| Untracked 
|  49|0x0000000083100000, 0x0000000083200000, 0x0000000083200000|100%|HS|  |TAMS 0x0000000083200000, 0x0000000083100000| Complete 
|  50|0x0000000083200000, 0x0000000083300000, 0x0000000083300000|100%|HC|  |TAMS 0x0000000083300000, 0x0000000083200000| Complete 
|  51|0x0000000083300000, 0x0000000083400000, 0x0000000083400000|100%|HC|  |TAMS 0x0000000083400000, 0x0000000083300000| Complete 
|  52|0x0000000083400000, 0x0000000083500000, 0x0000000083500000|100%|HC|  |TAMS 0x0000000083500000, 0x0000000083400000| Complete 
|  53|0x0000000083500000, 0x0000000083600000, 0x0000000083600000|100%| O|  |TAMS 0x0000000083600000, 0x0000000083500000| Untracked 
|  54|0x0000000083600000, 0x0000000083700000, 0x0000000083700000|100%| O|  |TAMS 0x0000000083700000, 0x0000000083600000| Untracked 
|  55|0x0000000083700000, 0x0000000083800000, 0x0000000083800000|100%| O|  |TAMS 0x0000000083800000, 0x0000000083700000| Untracked 
|  56|0x0000000083800000, 0x0000000083900000, 0x0000000083900000|100%|HS|  |TAMS 0x0000000083900000, 0x0000000083800000| Complete 
|  57|0x0000000083900000, 0x0000000083a00000, 0x0000000083a00000|100%|HC|  |TAMS 0x0000000083a00000, 0x0000000083900000| Complete 
|  58|0x0000000083a00000, 0x0000000083b00000, 0x0000000083b00000|100%|HC|  |TAMS 0x0000000083b00000, 0x0000000083a00000| Complete 
|  59|0x0000000083b00000, 0x0000000083c00000, 0x0000000083c00000|100%|HC|  |TAMS 0x0000000083c00000, 0x0000000083b00000| Complete 
|  60|0x0000000083c00000, 0x0000000083d00000, 0x0000000083d00000|100%| O|  |TAMS 0x0000000083d00000, 0x0000000083c00000| Untracked 
|  61|0x0000000083d00000, 0x0000000083e00000, 0x0000000083e00000|100%| O|  |TAMS 0x0000000083e00000, 0x0000000083d00000| Untracked 
|  62|0x0000000083e00000, 0x0000000083f00000, 0x0000000083f00000|100%| O|  |TAMS 0x0000000083e20000, 0x0000000083e00000| Untracked 
|  63|0x0000000083f00000, 0x0000000084000000, 0x0000000084000000|100%| O|  |TAMS 0x0000000083f00000, 0x0000000083f00000| Untracked 
|  64|0x0000000084000000, 0x0000000084100000, 0x0000000084100000|100%| O|  |TAMS 0x0000000084000000, 0x0000000084000000| Untracked 
|  65|0x0000000084100000, 0x0000000084200000, 0x0000000084200000|100%| O|  |TAMS 0x0000000084100000, 0x0000000084100000| Untracked 
|  66|0x0000000084200000, 0x0000000084300000, 0x0000000084300000|100%|HS|  |TAMS 0x0000000084200000, 0x0000000084200000| Complete 
|  67|0x0000000084300000, 0x0000000084400000, 0x0000000084400000|100%|HS|  |TAMS 0x0000000084300000, 0x0000000084300000| Complete 
|  68|0x0000000084400000, 0x0000000084500000, 0x0000000084500000|100%| O|  |TAMS 0x0000000084400000, 0x0000000084400000| Untracked 
|  69|0x0000000084500000, 0x0000000084600000, 0x0000000084600000|100%|HS|  |TAMS 0x0000000084500000, 0x0000000084500000| Complete 
|  70|0x0000000084600000, 0x0000000084700000, 0x0000000084700000|100%| O|  |TAMS 0x0000000084600000, 0x0000000084600000| Untracked 
|  71|0x0000000084700000, 0x0000000084800000, 0x0000000084800000|100%| O|  |TAMS 0x0000000084700000, 0x0000000084700000| Untracked 
|  72|0x0000000084800000, 0x0000000084900000, 0x0000000084900000|100%| O|  |TAMS 0x0000000084800000, 0x0000000084800000| Untracked 
|  73|0x0000000084900000, 0x0000000084a00000, 0x0000000084a00000|100%| O|  |TAMS 0x0000000084900000, 0x0000000084900000| Untracked 
|  74|0x0000000084a00000, 0x0000000084b00000, 0x0000000084b00000|100%| O|  |TAMS 0x0000000084a00000, 0x0000000084a00000| Untracked 
|  75|0x0000000084b00000, 0x0000000084c00000, 0x0000000084c00000|100%| O|  |TAMS 0x0000000084b00000, 0x0000000084b00000| Untracked 
|  76|0x0000000084c00000, 0x0000000084d00000, 0x0000000084d00000|100%| O|  |TAMS 0x0000000084c00000, 0x0000000084c00000| Untracked 
|  77|0x0000000084d00000, 0x0000000084e00000, 0x0000000084e00000|100%| O|  |TAMS 0x0000000084d00000, 0x0000000084d00000| Untracked 
|  78|0x0000000084e00000, 0x0000000084f00000, 0x0000000084f00000|100%| O|  |TAMS 0x0000000084e00000, 0x0000000084e00000| Untracked 
|  79|0x0000000084f00000, 0x0000000085000000, 0x0000000085000000|100%| O|  |TAMS 0x0000000084f00000, 0x0000000084f00000| Untracked 
|  80|0x0000000085000000, 0x0000000085100000, 0x0000000085100000|100%| O|  |TAMS 0x0000000085000000, 0x0000000085000000| Untracked 
|  81|0x0000000085100000, 0x0000000085200000, 0x0000000085200000|100%| O|  |TAMS 0x0000000085100000, 0x0000000085100000| Untracked 
|  82|0x0000000085200000, 0x0000000085300000, 0x0000000085300000|100%| O|  |TAMS 0x0000000085200000, 0x0000000085200000| Untracked 
|  83|0x0000000085300000, 0x0000000085400000, 0x0000000085400000|100%| O|  |TAMS 0x0000000085300000, 0x0000000085300000| Untracked 
|  84|0x0000000085400000, 0x0000000085500000, 0x0000000085500000|100%| O|  |TAMS 0x0000000085400000, 0x0000000085400000| Untracked 
|  85|0x0000000085500000, 0x0000000085600000, 0x0000000085600000|100%| O|  |TAMS 0x0000000085500000, 0x0000000085500000| Untracked 
|  86|0x0000000085600000, 0x0000000085700000, 0x0000000085700000|100%| O|  |TAMS 0x0000000085600000, 0x0000000085600000| Untracked 
|  87|0x0000000085700000, 0x0000000085800000, 0x0000000085800000|100%| O|  |TAMS 0x0000000085700000, 0x0000000085700000| Untracked 
|  88|0x0000000085800000, 0x0000000085900000, 0x0000000085900000|100%| O|  |TAMS 0x0000000085800000, 0x0000000085800000| Untracked 
|  89|0x0000000085900000, 0x0000000085a00000, 0x0000000085a00000|100%| O|  |TAMS 0x0000000085900000, 0x0000000085900000| Untracked 
|  90|0x0000000085a00000, 0x0000000085b00000, 0x0000000085b00000|100%|HS|  |TAMS 0x0000000085a00000, 0x0000000085a00000| Complete 
|  91|0x0000000085b00000, 0x0000000085c00000, 0x0000000085c00000|100%|HS|  |TAMS 0x0000000085b00000, 0x0000000085b00000| Complete 
|  92|0x0000000085c00000, 0x0000000085d00000, 0x0000000085d00000|100%|HS|  |TAMS 0x0000000085c00000, 0x0000000085c00000| Complete 
|  93|0x0000000085d00000, 0x0000000085e00000, 0x0000000085e00000|100%|HC|  |TAMS 0x0000000085d00000, 0x0000000085d00000| Complete 
|  94|0x0000000085e00000, 0x0000000085f00000, 0x0000000085f00000|100%| O|  |TAMS 0x0000000085e00000, 0x0000000085e00000| Untracked 
|  95|0x0000000085f00000, 0x0000000086000000, 0x0000000086000000|100%| O|  |TAMS 0x0000000085f00000, 0x0000000085f00000| Untracked 
|  96|0x0000000086000000, 0x0000000086100000, 0x0000000086100000|100%| O|  |TAMS 0x0000000086000000, 0x0000000086000000| Untracked 
|  97|0x0000000086100000, 0x0000000086200000, 0x0000000086200000|100%| O|  |TAMS 0x0000000086100000, 0x0000000086100000| Untracked 
|  98|0x0000000086200000, 0x0000000086300000, 0x0000000086300000|100%| O|  |TAMS 0x0000000086200000, 0x0000000086200000| Untracked 
|  99|0x0000000086300000, 0x0000000086400000, 0x0000000086400000|100%| O|  |TAMS 0x0000000086300000, 0x0000000086300000| Untracked 
| 100|0x0000000086400000, 0x0000000086500000, 0x0000000086500000|100%| O|  |TAMS 0x0000000086400000, 0x0000000086400000| Untracked 
| 101|0x0000000086500000, 0x0000000086600000, 0x0000000086600000|100%| O|  |TAMS 0x0000000086500000, 0x0000000086500000| Untracked 
| 102|0x0000000086600000, 0x0000000086700000, 0x0000000086700000|100%| O|  |TAMS 0x0000000086600000, 0x0000000086600000| Untracked 
| 103|0x0000000086700000, 0x0000000086800000, 0x0000000086800000|100%| O|  |TAMS 0x0000000086700000, 0x0000000086700000| Untracked 
| 104|0x0000000086800000, 0x0000000086900000, 0x0000000086900000|100%| O|  |TAMS 0x0000000086800000, 0x0000000086800000| Untracked 
| 105|0x0000000086900000, 0x0000000086a00000, 0x0000000086a00000|100%|HS|  |TAMS 0x0000000086900000, 0x0000000086900000| Complete 
| 106|0x0000000086a00000, 0x0000000086b00000, 0x0000000086b00000|100%|HS|  |TAMS 0x0000000086a00000, 0x0000000086a00000| Complete 
| 107|0x0000000086b00000, 0x0000000086c00000, 0x0000000086c00000|100%|HS|  |TAMS 0x0000000086b00000, 0x0000000086b00000| Complete 
| 108|0x0000000086c00000, 0x0000000086d00000, 0x0000000086d00000|100%|HS|  |TAMS 0x0000000086c00000, 0x0000000086c00000| Complete 
| 109|0x0000000086d00000, 0x0000000086e00000, 0x0000000086e00000|100%| O|  |TAMS 0x0000000086d00000, 0x0000000086d00000| Untracked 
| 110|0x0000000086e00000, 0x0000000086f00000, 0x0000000086f00000|100%| O|  |TAMS 0x0000000086e00000, 0x0000000086e00000| Untracked 
| 111|0x0000000086f00000, 0x0000000087000000, 0x0000000087000000|100%| O|  |TAMS 0x0000000086f00000, 0x0000000086f00000| Untracked 
| 112|0x0000000087000000, 0x0000000087100000, 0x0000000087100000|100%| O|  |TAMS 0x0000000087000000, 0x0000000087000000| Untracked 
| 113|0x0000000087100000, 0x0000000087200000, 0x0000000087200000|100%| O|  |TAMS 0x0000000087100000, 0x0000000087100000| Untracked 
| 114|0x0000000087200000, 0x0000000087300000, 0x0000000087300000|100%| O|  |TAMS 0x0000000087200000, 0x0000000087200000| Untracked 
| 115|0x0000000087300000, 0x0000000087400000, 0x0000000087400000|100%| O|  |TAMS 0x0000000087300000, 0x0000000087300000| Untracked 
| 116|0x0000000087400000, 0x0000000087500000, 0x0000000087500000|100%| O|  |TAMS 0x0000000087400000, 0x0000000087400000| Untracked 
| 117|0x0000000087500000, 0x0000000087600000, 0x0000000087600000|100%| O|  |TAMS 0x0000000087500000, 0x0000000087500000| Untracked 
| 118|0x0000000087600000, 0x0000000087700000, 0x0000000087700000|100%| O|  |TAMS 0x0000000087600000, 0x0000000087600000| Untracked 
| 119|0x0000000087700000, 0x0000000087800000, 0x0000000087800000|100%| O|  |TAMS 0x0000000087700000, 0x0000000087700000| Untracked 
| 120|0x0000000087800000, 0x0000000087900000, 0x0000000087900000|100%| O|  |TAMS 0x0000000087800000, 0x0000000087800000| Untracked 
| 121|0x0000000087900000, 0x0000000087a00000, 0x0000000087a00000|100%| O|  |TAMS 0x0000000087900000, 0x0000000087900000| Untracked 
| 122|0x0000000087a00000, 0x0000000087b00000, 0x0000000087b00000|100%| O|  |TAMS 0x0000000087a00000, 0x0000000087a00000| Untracked 
| 123|0x0000000087b00000, 0x0000000087c00000, 0x0000000087c00000|100%| O|  |TAMS 0x0000000087b00000, 0x0000000087b00000| Untracked 
| 124|0x0000000087c00000, 0x0000000087d00000, 0x0000000087d00000|100%| O|  |TAMS 0x0000000087c00000, 0x0000000087c00000| Untracked 
| 125|0x0000000087d00000, 0x0000000087e00000, 0x0000000087e00000|100%| O|  |TAMS 0x0000000087d00000, 0x0000000087d00000| Untracked 
| 126|0x0000000087e00000, 0x0000000087f00000, 0x0000000087f00000|100%| O|  |TAMS 0x0000000087e00000, 0x0000000087e00000| Untracked 
| 127|0x0000000087f00000, 0x0000000088000000, 0x0000000088000000|100%|HS|  |TAMS 0x0000000087f00000, 0x0000000087f00000| Complete 
| 128|0x0000000088000000, 0x0000000088100000, 0x0000000088100000|100%| O|  |TAMS 0x0000000088000000, 0x0000000088000000| Untracked 
| 129|0x0000000088100000, 0x0000000088200000, 0x0000000088200000|100%| O|  |TAMS 0x0000000088100000, 0x0000000088100000| Untracked 
| 130|0x0000000088200000, 0x0000000088300000, 0x0000000088300000|100%| O|  |TAMS 0x0000000088200000, 0x0000000088200000| Untracked 
| 131|0x0000000088300000, 0x0000000088400000, 0x0000000088400000|100%| O|  |TAMS 0x0000000088300000, 0x0000000088300000| Untracked 
| 132|0x0000000088400000, 0x0000000088500000, 0x0000000088500000|100%| O|  |TAMS 0x0000000088400000, 0x0000000088400000| Untracked 
| 133|0x0000000088500000, 0x0000000088600000, 0x0000000088600000|100%| O|  |TAMS 0x0000000088500000, 0x0000000088500000| Untracked 
| 134|0x0000000088600000, 0x0000000088700000, 0x0000000088700000|100%| O|  |TAMS 0x0000000088600000, 0x0000000088600000| Untracked 
| 135|0x0000000088700000, 0x0000000088800000, 0x0000000088800000|100%| O|  |TAMS 0x0000000088700000, 0x0000000088700000| Untracked 
| 136|0x0000000088800000, 0x0000000088900000, 0x0000000088900000|100%| O|  |TAMS 0x0000000088800000, 0x0000000088800000| Untracked 
| 137|0x0000000088900000, 0x0000000088a00000, 0x0000000088a00000|100%| O|  |TAMS 0x0000000088900000, 0x0000000088900000| Untracked 
| 138|0x0000000088a00000, 0x0000000088b00000, 0x0000000088b00000|100%| O|  |TAMS 0x0000000088a00000, 0x0000000088a00000| Untracked 
| 139|0x0000000088b00000, 0x0000000088c00000, 0x0000000088c00000|100%| O|  |TAMS 0x0000000088b00000, 0x0000000088b00000| Untracked 
| 140|0x0000000088c00000, 0x0000000088d00000, 0x0000000088d00000|100%| O|  |TAMS 0x0000000088c00000, 0x0000000088c00000| Untracked 
| 141|0x0000000088d00000, 0x0000000088e00000, 0x0000000088e00000|100%| O|  |TAMS 0x0000000088d00000, 0x0000000088d00000| Untracked 
| 142|0x0000000088e00000, 0x0000000088f00000, 0x0000000088f00000|100%| O|  |TAMS 0x0000000088e00000, 0x0000000088e00000| Untracked 
| 143|0x0000000088f00000, 0x0000000089000000, 0x0000000089000000|100%| O|  |TAMS 0x0000000088f00000, 0x0000000088f00000| Untracked 
| 144|0x0000000089000000, 0x0000000089100000, 0x0000000089100000|100%| O|  |TAMS 0x0000000089000000, 0x0000000089000000| Untracked 
| 145|0x0000000089100000, 0x0000000089200000, 0x0000000089200000|100%| O|  |TAMS 0x0000000089100000, 0x0000000089100000| Untracked 
| 146|0x0000000089200000, 0x0000000089300000, 0x0000000089300000|100%| O|  |TAMS 0x0000000089200000, 0x0000000089200000| Untracked 
| 147|0x0000000089300000, 0x0000000089400000, 0x0000000089400000|100%| O|  |TAMS 0x0000000089300000, 0x0000000089300000| Untracked 
| 148|0x0000000089400000, 0x0000000089500000, 0x0000000089500000|100%| O|  |TAMS 0x0000000089400000, 0x0000000089400000| Untracked 
| 149|0x0000000089500000, 0x0000000089600000, 0x0000000089600000|100%| O|  |TAMS 0x0000000089500000, 0x0000000089500000| Untracked 
| 150|0x0000000089600000, 0x0000000089700000, 0x0000000089700000|100%| O|  |TAMS 0x0000000089600000, 0x0000000089600000| Untracked 
| 151|0x0000000089700000, 0x0000000089800000, 0x0000000089800000|100%| O|  |TAMS 0x0000000089700000, 0x0000000089700000| Untracked 
| 152|0x0000000089800000, 0x0000000089900000, 0x0000000089900000|100%| O|  |TAMS 0x0000000089800000, 0x0000000089800000| Untracked 
| 153|0x0000000089900000, 0x0000000089a00000, 0x0000000089a00000|100%| O|  |TAMS 0x0000000089900000, 0x0000000089900000| Untracked 
| 154|0x0000000089a00000, 0x0000000089b00000, 0x0000000089b00000|100%| O|  |TAMS 0x0000000089a00000, 0x0000000089a00000| Untracked 
| 155|0x0000000089b00000, 0x0000000089c00000, 0x0000000089c00000|100%| O|  |TAMS 0x0000000089b00000, 0x0000000089b00000| Untracked 
| 156|0x0000000089c00000, 0x0000000089d00000, 0x0000000089d00000|100%| O|  |TAMS 0x0000000089c00000, 0x0000000089c00000| Untracked 
| 157|0x0000000089d00000, 0x0000000089e00000, 0x0000000089e00000|100%| O|  |TAMS 0x0000000089d00000, 0x0000000089d00000| Untracked 
| 158|0x0000000089e00000, 0x0000000089f00000, 0x0000000089f00000|100%| O|  |TAMS 0x0000000089e00000, 0x0000000089e00000| Untracked 
| 159|0x0000000089f00000, 0x000000008a000000, 0x000000008a000000|100%| O|  |TAMS 0x0000000089f00000, 0x0000000089f00000| Untracked 
| 160|0x000000008a000000, 0x000000008a000000, 0x000000008a100000|  0%| F|  |TAMS 0x000000008a000000, 0x000000008a000000| Untracked 
| 161|0x000000008a100000, 0x000000008a100000, 0x000000008a200000|  0%| F|  |TAMS 0x000000008a100000, 0x000000008a100000| Untracked 
| 162|0x000000008a200000, 0x000000008a200000, 0x000000008a300000|  0%| F|  |TAMS 0x000000008a200000, 0x000000008a200000| Untracked 
| 163|0x000000008a300000, 0x000000008a300000, 0x000000008a400000|  0%| F|  |TAMS 0x000000008a300000, 0x000000008a300000| Untracked 
| 164|0x000000008a400000, 0x000000008a400000, 0x000000008a500000|  0%| F|  |TAMS 0x000000008a400000, 0x000000008a400000| Untracked 
| 165|0x000000008a500000, 0x000000008a500000, 0x000000008a600000|  0%| F|  |TAMS 0x000000008a500000, 0x000000008a500000| Untracked 
| 166|0x000000008a600000, 0x000000008a600000, 0x000000008a700000|  0%| F|  |TAMS 0x000000008a600000, 0x000000008a600000| Untracked 
| 167|0x000000008a700000, 0x000000008a700000, 0x000000008a800000|  0%| F|  |TAMS 0x000000008a700000, 0x000000008a700000| Untracked 
| 168|0x000000008a800000, 0x000000008a800000, 0x000000008a900000|  0%| F|  |TAMS 0x000000008a800000, 0x000000008a800000| Untracked 
| 169|0x000000008a900000, 0x000000008a900000, 0x000000008aa00000|  0%| F|  |TAMS 0x000000008a900000, 0x000000008a900000| Untracked 
| 170|0x000000008aa00000, 0x000000008aa00000, 0x000000008ab00000|  0%| F|  |TAMS 0x000000008aa00000, 0x000000008aa00000| Untracked 
| 171|0x000000008ab00000, 0x000000008ab00000, 0x000000008ac00000|  0%| F|  |TAMS 0x000000008ab00000, 0x000000008ab00000| Untracked 
| 172|0x000000008ac00000, 0x000000008ac00000, 0x000000008ad00000|  0%| F|  |TAMS 0x000000008ac00000, 0x000000008ac00000| Untracked 
| 173|0x000000008ad00000, 0x000000008ad00000, 0x000000008ae00000|  0%| F|  |TAMS 0x000000008ad00000, 0x000000008ad00000| Untracked 
| 174|0x000000008ae00000, 0x000000008ae00000, 0x000000008af00000|  0%| F|  |TAMS 0x000000008ae00000, 0x000000008ae00000| Untracked 
| 175|0x000000008af00000, 0x000000008af00000, 0x000000008b000000|  0%| F|  |TAMS 0x000000008af00000, 0x000000008af00000| Untracked 
| 176|0x000000008b000000, 0x000000008b000000, 0x000000008b100000|  0%| F|  |TAMS 0x000000008b000000, 0x000000008b000000| Untracked 
| 177|0x000000008b100000, 0x000000008b100000, 0x000000008b200000|  0%| F|  |TAMS 0x000000008b100000, 0x000000008b100000| Untracked 
| 178|0x000000008b200000, 0x000000008b200000, 0x000000008b300000|  0%| F|  |TAMS 0x000000008b200000, 0x000000008b200000| Untracked 
| 179|0x000000008b300000, 0x000000008b300000, 0x000000008b400000|  0%| F|  |TAMS 0x000000008b300000, 0x000000008b300000| Untracked 
| 180|0x000000008b400000, 0x000000008b400000, 0x000000008b500000|  0%| F|  |TAMS 0x000000008b400000, 0x000000008b400000| Untracked 
| 181|0x000000008b500000, 0x000000008b500000, 0x000000008b600000|  0%| F|  |TAMS 0x000000008b500000, 0x000000008b500000| Untracked 
| 182|0x000000008b600000, 0x000000008b600000, 0x000000008b700000|  0%| F|  |TAMS 0x000000008b600000, 0x000000008b600000| Untracked 
| 183|0x000000008b700000, 0x000000008b700000, 0x000000008b800000|  0%| F|  |TAMS 0x000000008b700000, 0x000000008b700000| Untracked 
| 184|0x000000008b800000, 0x000000008b800000, 0x000000008b900000|  0%| F|  |TAMS 0x000000008b800000, 0x000000008b800000| Untracked 
| 185|0x000000008b900000, 0x000000008b900000, 0x000000008ba00000|  0%| F|  |TAMS 0x000000008b900000, 0x000000008b900000| Untracked 
| 186|0x000000008ba00000, 0x000000008ba00000, 0x000000008bb00000|  0%| F|  |TAMS 0x000000008ba00000, 0x000000008ba00000| Untracked 
| 187|0x000000008bb00000, 0x000000008bb00000, 0x000000008bc00000|  0%| F|  |TAMS 0x000000008bb00000, 0x000000008bb00000| Untracked 
| 188|0x000000008bc00000, 0x000000008bc00000, 0x000000008bd00000|  0%| F|  |TAMS 0x000000008bc00000, 0x000000008bc00000| Untracked 
| 189|0x000000008bd00000, 0x000000008bd00000, 0x000000008be00000|  0%| F|  |TAMS 0x000000008bd00000, 0x000000008bd00000| Untracked 
| 190|0x000000008be00000, 0x000000008bf00000, 0x000000008bf00000|100%| S|CS|TAMS 0x000000008be00000, 0x000000008be00000| Complete 
| 191|0x000000008bf00000, 0x000000008c000000, 0x000000008c000000|100%| S|CS|TAMS 0x000000008bf00000, 0x000000008bf00000| Complete 
| 192|0x000000008c000000, 0x000000008c100000, 0x000000008c100000|100%| S|CS|TAMS 0x000000008c000000, 0x000000008c000000| Complete 
| 193|0x000000008c100000, 0x000000008c100000, 0x000000008c200000|  0%| F|  |TAMS 0x000000008c100000, 0x000000008c100000| Untracked 
| 194|0x000000008c200000, 0x000000008c300000, 0x000000008c300000|100%| S|CS|TAMS 0x000000008c200000, 0x000000008c200000| Complete 
| 195|0x000000008c300000, 0x000000008c400000, 0x000000008c400000|100%| S|CS|TAMS 0x000000008c300000, 0x000000008c300000| Complete 
| 196|0x000000008c400000, 0x000000008c400000, 0x000000008c500000|  0%| F|  |TAMS 0x000000008c400000, 0x000000008c400000| Untracked 
| 197|0x000000008c500000, 0x000000008c500000, 0x000000008c600000|  0%| F|  |TAMS 0x000000008c500000, 0x000000008c500000| Untracked 
| 198|0x000000008c600000, 0x000000008c700000, 0x000000008c700000|100%| S|CS|TAMS 0x000000008c600000, 0x000000008c600000| Complete 
| 199|0x000000008c700000, 0x000000008c700000, 0x000000008c800000|  0%| F|  |TAMS 0x000000008c700000, 0x000000008c700000| Untracked 
| 200|0x000000008c800000, 0x000000008c800000, 0x000000008c900000|  0%| F|  |TAMS 0x000000008c800000, 0x000000008c800000| Untracked 
| 201|0x000000008c900000, 0x000000008c900000, 0x000000008ca00000|  0%| F|  |TAMS 0x000000008c900000, 0x000000008c900000| Untracked 
| 202|0x000000008ca00000, 0x000000008ca00000, 0x000000008cb00000|  0%| F|  |TAMS 0x000000008ca00000, 0x000000008ca00000| Untracked 
| 203|0x000000008cb00000, 0x000000008cb00000, 0x000000008cc00000|  0%| F|  |TAMS 0x000000008cb00000, 0x000000008cb00000| Untracked 
| 204|0x000000008cc00000, 0x000000008cc00000, 0x000000008cd00000|  0%| F|  |TAMS 0x000000008cc00000, 0x000000008cc00000| Untracked 
| 205|0x000000008cd00000, 0x000000008cd00000, 0x000000008ce00000|  0%| F|  |TAMS 0x000000008cd00000, 0x000000008cd00000| Untracked 
| 206|0x000000008ce00000, 0x000000008ce00000, 0x000000008cf00000|  0%| F|  |TAMS 0x000000008ce00000, 0x000000008ce00000| Untracked 
| 207|0x000000008cf00000, 0x000000008cf00000, 0x000000008d000000|  0%| F|  |TAMS 0x000000008cf00000, 0x000000008cf00000| Untracked 
| 208|0x000000008d000000, 0x000000008d000000, 0x000000008d100000|  0%| F|  |TAMS 0x000000008d000000, 0x000000008d000000| Untracked 
| 209|0x000000008d100000, 0x000000008d100000, 0x000000008d200000|  0%| F|  |TAMS 0x000000008d100000, 0x000000008d100000| Untracked 
| 210|0x000000008d200000, 0x000000008d2f20a0, 0x000000008d300000| 94%| E|  |TAMS 0x000000008d200000, 0x000000008d200000| Complete 
| 211|0x000000008d300000, 0x000000008d400000, 0x000000008d400000|100%| E|CS|TAMS 0x000000008d300000, 0x000000008d300000| Complete 
| 212|0x000000008d400000, 0x000000008d500000, 0x000000008d500000|100%| E|CS|TAMS 0x000000008d400000, 0x000000008d400000| Complete 
| 213|0x000000008d500000, 0x000000008d600000, 0x000000008d600000|100%| E|CS|TAMS 0x000000008d500000, 0x000000008d500000| Complete 
| 214|0x000000008d600000, 0x000000008d700000, 0x000000008d700000|100%| E|CS|TAMS 0x000000008d600000, 0x000000008d600000| Complete 
| 215|0x000000008d700000, 0x000000008d800000, 0x000000008d800000|100%| E|CS|TAMS 0x000000008d700000, 0x000000008d700000| Complete 
| 216|0x000000008d800000, 0x000000008d900000, 0x000000008d900000|100%| E|CS|TAMS 0x000000008d800000, 0x000000008d800000| Complete 
| 217|0x000000008d900000, 0x000000008da00000, 0x000000008da00000|100%| E|CS|TAMS 0x000000008d900000, 0x000000008d900000| Complete 
| 218|0x000000008da00000, 0x000000008db00000, 0x000000008db00000|100%| E|CS|TAMS 0x000000008da00000, 0x000000008da00000| Complete 
| 219|0x000000008db00000, 0x000000008dc00000, 0x000000008dc00000|100%| E|CS|TAMS 0x000000008db00000, 0x000000008db00000| Complete 
| 220|0x000000008dc00000, 0x000000008dd00000, 0x000000008dd00000|100%| E|CS|TAMS 0x000000008dc00000, 0x000000008dc00000| Complete 
| 221|0x000000008dd00000, 0x000000008de00000, 0x000000008de00000|100%| E|CS|TAMS 0x000000008dd00000, 0x000000008dd00000| Complete 
| 222|0x000000008de00000, 0x000000008df00000, 0x000000008df00000|100%| E|CS|TAMS 0x000000008de00000, 0x000000008de00000| Complete 
| 223|0x000000008df00000, 0x000000008e000000, 0x000000008e000000|100%| E|CS|TAMS 0x000000008df00000, 0x000000008df00000| Complete 
| 224|0x000000008e000000, 0x000000008e100000, 0x000000008e100000|100%| E|CS|TAMS 0x000000008e000000, 0x000000008e000000| Complete 
| 225|0x000000008e100000, 0x000000008e200000, 0x000000008e200000|100%| E|CS|TAMS 0x000000008e100000, 0x000000008e100000| Complete 
| 226|0x000000008e200000, 0x000000008e300000, 0x000000008e300000|100%| E|CS|TAMS 0x000000008e200000, 0x000000008e200000| Complete 
| 227|0x000000008e300000, 0x000000008e400000, 0x000000008e400000|100%| E|CS|TAMS 0x000000008e300000, 0x000000008e300000| Complete 
| 228|0x000000008e400000, 0x000000008e500000, 0x000000008e500000|100%| E|CS|TAMS 0x000000008e400000, 0x000000008e400000| Complete 
| 229|0x000000008e500000, 0x000000008e600000, 0x000000008e600000|100%| E|CS|TAMS 0x000000008e500000, 0x000000008e500000| Complete 
| 230|0x000000008e600000, 0x000000008e700000, 0x000000008e700000|100%| E|CS|TAMS 0x000000008e600000, 0x000000008e600000| Complete 
| 231|0x000000008e700000, 0x000000008e800000, 0x000000008e800000|100%| E|CS|TAMS 0x000000008e700000, 0x000000008e700000| Complete 
| 232|0x000000008e800000, 0x000000008e900000, 0x000000008e900000|100%| E|CS|TAMS 0x000000008e800000, 0x000000008e800000| Complete 
| 233|0x000000008e900000, 0x000000008ea00000, 0x000000008ea00000|100%| E|CS|TAMS 0x000000008e900000, 0x000000008e900000| Complete 
| 234|0x000000008ea00000, 0x000000008eb00000, 0x000000008eb00000|100%| E|CS|TAMS 0x000000008ea00000, 0x000000008ea00000| Complete 
| 235|0x000000008eb00000, 0x000000008ec00000, 0x000000008ec00000|100%| E|CS|TAMS 0x000000008eb00000, 0x000000008eb00000| Complete 
| 236|0x000000008ec00000, 0x000000008ed00000, 0x000000008ed00000|100%| E|CS|TAMS 0x000000008ec00000, 0x000000008ec00000| Complete 
| 237|0x000000008ed00000, 0x000000008ee00000, 0x000000008ee00000|100%| E|CS|TAMS 0x000000008ed00000, 0x000000008ed00000| Complete 

Card table byte_map: [0x0000022b9a3b0000,0x0000022b9a7b0000] _byte_map_base: 0x0000022b99fb0000

Marking Bits (Prev, Next): (CMBitMap*) 0x0000022b80d4a1b0, (CMBitMap*) 0x0000022b80d4a170
 Prev Bits: [0x0000022b9cbb0000, 0x0000022b9ebb0000)
 Next Bits: [0x0000022b9abb0000, 0x0000022b9cbb0000)

Polling page: 0x0000022b80b90000

Metaspace:

Usage:
  Non-class:     89.34 MB used.
      Class:     14.36 MB used.
       Both:    103.70 MB used.

Virtual space:
  Non-class space:      128.00 MB reserved,      89.88 MB ( 70%) committed,  2 nodes.
      Class space:      416.00 MB reserved,      14.75 MB (  4%) committed,  1 nodes.
             Both:      544.00 MB reserved,     104.62 MB ( 19%) committed. 

Chunk freelists:
   Non-Class:  5.58 MB
       Class:  1.07 MB
        Both:  6.64 MB

MaxMetaspaceSize: 512.00 MB
CompressedClassSpaceSize: 416.00 MB
Initial GC threshold: 21.00 MB
Current GC threshold: 112.19 MB
CDS: on
MetaspaceReclaimPolicy: balanced
 - commit_granule_bytes: 65536.
 - commit_granule_words: 8192.
 - virtual_space_node_default_size: 8388608.
 - enlarge_chunks_in_place: 1.
 - new_chunks_are_fully_committed: 0.
 - uncommit_free_chunks: 1.
 - use_allocation_guard: 0.
 - handle_deallocations: 1.


Internal statistics:

num_allocs_failed_limit: 9.
num_arena_births: 1268.
num_arena_deaths: 0.
num_vsnodes_births: 3.
num_vsnodes_deaths: 0.
num_space_committed: 1674.
num_space_uncommitted: 0.
num_chunks_returned_to_freelist: 9.
num_chunks_taken_from_freelist: 5884.
num_chunk_merges: 9.
num_chunk_splits: 3837.
num_chunks_enlarged: 2495.
num_inconsistent_stats: 0.

CodeHeap 'non-profiled nmethods': size=120000Kb used=8846Kb max_used=8846Kb free=111153Kb
 bounds [0x0000022b92550000, 0x0000022b92e00000, 0x0000022b99a80000]
CodeHeap 'profiled nmethods': size=120000Kb used=26285Kb max_used=26285Kb free=93714Kb
 bounds [0x0000022b8aa80000, 0x0000022b8c430000, 0x0000022b91fb0000]
CodeHeap 'non-nmethods': size=5760Kb used=2408Kb max_used=2475Kb free=3351Kb
 bounds [0x0000022b91fb0000, 0x0000022b92230000, 0x0000022b92550000]
 total_blobs=14205 nmethods=13264 adapters=852
 compilation: enabled
              stopped_count=0, restarted_count=0
 full_count=0

Compilation events (20 events):
Event: 65.336 Thread 0x0000022bc1aed5c0 nmethod 15563 0x0000022b92dd2090 code [0x0000022b92dd2300, 0x0000022b92dd3ac0]
Event: 65.336 Thread 0x0000022bc1aed5c0 15565       4       org.gradle.cache.internal.btree.FileBackedBlockStore$BlockImpl::<init> (8 bytes)
Event: 65.340 Thread 0x0000022bc1aed5c0 nmethod 15565 0x0000022b92dd4a10 code [0x0000022b92dd4b80, 0x0000022b92dd4f78]
Event: 65.340 Thread 0x0000022bc1aed5c0 15566       4       org.gradle.cache.internal.btree.FileBackedBlockStore$BlockImpl::setPos (34 bytes)
Event: 65.341 Thread 0x0000022bc1aed5c0 nmethod 15566 0x0000022b92dd5090 code [0x0000022b92dd5200, 0x0000022b92dd5338]
Event: 65.341 Thread 0x0000022bc1aed5c0 15562       4       org.gradle.cache.internal.DefaultFileLockManager$DefaultFileLock::assertOpenAndIntegral (41 bytes)
Event: 65.342 Thread 0x0000022bc1aed5c0 nmethod 15562 0x0000022b92dd5390 code [0x0000022b92dd5520, 0x0000022b92dd5638]
Event: 65.348 Thread 0x0000022bc1aed5c0 15567       4       com.google.common.cache.LocalCache$Segment::expireEntries (113 bytes)
Event: 65.368 Thread 0x0000022bc1aed5c0 nmethod 15567 0x0000022b92dd5790 code [0x0000022b92dd5980, 0x0000022b92dd6438]
Event: 65.369 Thread 0x0000022bc1aed5c0 15568       4       java.util.concurrent.locks.ReentrantLock$FairSync::initialTryLock (70 bytes)
Event: 65.371 Thread 0x0000022bc1aed5c0 nmethod 15568 0x0000022b92dd6b90 code [0x0000022b92dd6d00, 0x0000022b92dd6ef8]
Event: 65.371 Thread 0x0000022bc1aed5c0 15569       4       java.util.concurrent.FutureTask::awaitDone (214 bytes)
Event: 65.381 Thread 0x0000022bc1aed5c0 nmethod 15569 0x0000022b92dd7010 code [0x0000022b92dd71c0, 0x0000022b92dd7a58]
Event: 65.381 Thread 0x0000022bc1aed5c0 15570   !   4       org.gradle.internal.concurrent.ExecutorPolicy$CatchAndRecordFailures::onExecute (29 bytes)
Event: 65.383 Thread 0x0000022bc1aed5c0 nmethod 15570 0x0000022b92dd7c90 code [0x0000022b92dd7e20, 0x0000022b92dd7f98]
Event: 65.391 Thread 0x0000022bc1aed5c0 15571       4       org.gradle.cache.internal.InMemoryDecoratedCache$$Lambda$510/0x0000022ba347bc48::call (12 bytes)
Event: 65.437 Thread 0x0000022bc1aed5c0 nmethod 15571 0x0000022b92dd8110 code [0x0000022b92dd83a0, 0x0000022b92dd9f00]
Event: 65.437 Thread 0x0000022bc1aed5c0 15572       4       org.gradle.cache.internal.ExclusiveCacheAccessingWorker$1::call (10 bytes)
Event: 65.456 Thread 0x0000022ba11be890 nmethod 15560 0x0000022b92ddad10 code [0x0000022b92ddb240, 0x0000022b92de0c70]
Event: 65.457 Thread 0x0000022ba11be890 15573   !   4       org.gradle.cache.internal.DefaultMultiProcessSafeIndexedCache::getIfPresent (25 bytes)

GC Heap History (20 events):
Event: 51.951 GC heap before
{Heap before GC invocations=43 (full 0):
 garbage-first heap   total 243712K, used 176869K [0x0000000080000000, 0x0000000100000000)
  region size 1024K, 88 young (90112K), 5 survivors (5120K)
 Metaspace       used 88584K, committed 89344K, reserved 557056K
  class space    used 12205K, committed 12544K, reserved 425984K
}
Event: 51.961 GC heap after
{Heap after GC invocations=44 (full 0):
 garbage-first heap   total 243712K, used 96790K [0x0000000080000000, 0x0000000100000000)
  region size 1024K, 10 young (10240K), 10 survivors (10240K)
 Metaspace       used 88584K, committed 89344K, reserved 557056K
  class space    used 12205K, committed 12544K, reserved 425984K
}
Event: 53.350 GC heap before
{Heap before GC invocations=44 (full 0):
 garbage-first heap   total 243712K, used 182806K [0x0000000080000000, 0x0000000100000000)
  region size 1024K, 94 young (96256K), 10 survivors (10240K)
 Metaspace       used 93560K, committed 94400K, reserved 557056K
  class space    used 13046K, committed 13376K, reserved 425984K
}
Event: 53.370 GC heap after
{Heap after GC invocations=45 (full 0):
 garbage-first heap   total 243712K, used 101766K [0x0000000080000000, 0x0000000100000000)
  region size 1024K, 10 young (10240K), 10 survivors (10240K)
 Metaspace       used 93560K, committed 94400K, reserved 557056K
  class space    used 13046K, committed 13376K, reserved 425984K
}
Event: 56.289 GC heap before
{Heap before GC invocations=45 (full 0):
 garbage-first heap   total 243712K, used 190854K [0x0000000080000000, 0x0000000100000000)
  region size 1024K, 94 young (96256K), 10 survivors (10240K)
 Metaspace       used 96275K, committed 97152K, reserved 557056K
  class space    used 13414K, committed 13824K, reserved 425984K
}
Event: 56.320 GC heap after
{Heap after GC invocations=46 (full 0):
 garbage-first heap   total 243712K, used 119479K [0x0000000080000000, 0x0000000100000000)
  region size 1024K, 12 young (12288K), 12 survivors (12288K)
 Metaspace       used 96275K, committed 97152K, reserved 557056K
  class space    used 13414K, committed 13824K, reserved 425984K
}
Event: 58.695 GC heap before
{Heap before GC invocations=46 (full 0):
 garbage-first heap   total 243712K, used 193207K [0x0000000080000000, 0x0000000100000000)
  region size 1024K, 81 young (82944K), 12 survivors (12288K)
 Metaspace       used 96929K, committed 97920K, reserved 557056K
  class space    used 13483K, committed 13952K, reserved 425984K
}
Event: 58.720 GC heap after
{Heap after GC invocations=47 (full 0):
 garbage-first heap   total 243712K, used 139558K [0x0000000080000000, 0x0000000100000000)
  region size 1024K, 11 young (11264K), 11 survivors (11264K)
 Metaspace       used 96929K, committed 97920K, reserved 557056K
  class space    used 13483K, committed 13952K, reserved 425984K
}
Event: 59.896 GC heap before
{Heap before GC invocations=47 (full 0):
 garbage-first heap   total 243712K, used 194854K [0x0000000080000000, 0x0000000100000000)
  region size 1024K, 63 young (64512K), 11 survivors (11264K)
 Metaspace       used 99342K, committed 100352K, reserved 557056K
  class space    used 13817K, committed 14272K, reserved 425984K
}
Event: 59.916 GC heap after
{Heap after GC invocations=48 (full 0):
 garbage-first heap   total 243712K, used 149751K [0x0000000080000000, 0x0000000100000000)
  region size 1024K, 8 young (8192K), 8 survivors (8192K)
 Metaspace       used 99342K, committed 100352K, reserved 557056K
  class space    used 13817K, committed 14272K, reserved 425984K
}
Event: 61.230 GC heap before
{Heap before GC invocations=48 (full 0):
 garbage-first heap   total 243712K, used 196855K [0x0000000080000000, 0x0000000100000000)
  region size 1024K, 54 young (55296K), 8 survivors (8192K)
 Metaspace       used 103130K, committed 104064K, reserved 557056K
  class space    used 14338K, committed 14784K, reserved 425984K
}
Event: 61.256 GC heap after
{Heap after GC invocations=49 (full 0):
 garbage-first heap   total 243712K, used 154677K [0x0000000080000000, 0x0000000100000000)
  region size 1024K, 5 young (5120K), 5 survivors (5120K)
 Metaspace       used 103130K, committed 104064K, reserved 557056K
  class space    used 14338K, committed 14784K, reserved 425984K
}
Event: 62.426 GC heap before
{Heap before GC invocations=49 (full 0):
 garbage-first heap   total 243712K, used 199733K [0x0000000080000000, 0x0000000100000000)
  region size 1024K, 49 young (50176K), 5 survivors (5120K)
 Metaspace       used 104638K, committed 105536K, reserved 557056K
  class space    used 14522K, committed 14912K, reserved 425984K
}
Event: 62.444 GC heap after
{Heap after GC invocations=50 (full 0):
 garbage-first heap   total 243712K, used 158888K [0x0000000080000000, 0x0000000100000000)
  region size 1024K, 5 young (5120K), 5 survivors (5120K)
 Metaspace       used 104638K, committed 105536K, reserved 557056K
  class space    used 14522K, committed 14912K, reserved 425984K
}
Event: 63.266 GC heap before
{Heap before GC invocations=50 (full 0):
 garbage-first heap   total 243712K, used 201896K [0x0000000080000000, 0x0000000100000000)
  region size 1024K, 47 young (48128K), 5 survivors (5120K)
 Metaspace       used 105134K, committed 106112K, reserved 557056K
  class space    used 14567K, committed 14976K, reserved 425984K
}
Event: 63.283 GC heap after
{Heap after GC invocations=51 (full 0):
 garbage-first heap   total 243712K, used 163362K [0x0000000080000000, 0x0000000100000000)
  region size 1024K, 5 young (5120K), 5 survivors (5120K)
 Metaspace       used 105134K, committed 106112K, reserved 557056K
  class space    used 14567K, committed 14976K, reserved 425984K
}
Event: 64.252 GC heap before
{Heap before GC invocations=51 (full 0):
 garbage-first heap   total 243712K, used 203298K [0x0000000080000000, 0x0000000100000000)
  region size 1024K, 45 young (46080K), 5 survivors (5120K)
 Metaspace       used 105926K, committed 106944K, reserved 557056K
  class space    used 14662K, committed 15104K, reserved 425984K
}
Event: 64.264 GC heap after
{Heap after GC invocations=52 (full 0):
 garbage-first heap   total 243712K, used 166267K [0x0000000080000000, 0x0000000100000000)
  region size 1024K, 3 young (3072K), 3 survivors (3072K)
 Metaspace       used 105926K, committed 106944K, reserved 557056K
  class space    used 14662K, committed 15104K, reserved 425984K
}
Event: 64.989 GC heap before
{Heap before GC invocations=52 (full 0):
 garbage-first heap   total 243712K, used 206203K [0x0000000080000000, 0x0000000100000000)
  region size 1024K, 42 young (43008K), 3 survivors (3072K)
 Metaspace       used 106186K, committed 107136K, reserved 557056K
  class space    used 14698K, committed 15104K, reserved 425984K
}
Event: 64.998 GC heap after
{Heap after GC invocations=53 (full 0):
 garbage-first heap   total 243712K, used 169825K [0x0000000080000000, 0x0000000100000000)
  region size 1024K, 6 young (6144K), 6 survivors (6144K)
 Metaspace       used 106186K, committed 107136K, reserved 557056K
  class space    used 14698K, committed 15104K, reserved 425984K
}

Dll operation events (14 events):
Event: 0.029 Loaded shared library C:\Program Files\Microsoft\jdk-17.0.8.7-hotspot\bin\java.dll
Event: 0.054 Loaded shared library C:\Program Files\Microsoft\jdk-17.0.8.7-hotspot\bin\jsvml.dll
Event: 0.184 Loaded shared library C:\Program Files\Microsoft\jdk-17.0.8.7-hotspot\bin\zip.dll
Event: 0.187 Loaded shared library C:\Program Files\Microsoft\jdk-17.0.8.7-hotspot\bin\instrument.dll
Event: 0.201 Loaded shared library C:\Program Files\Microsoft\jdk-17.0.8.7-hotspot\bin\net.dll
Event: 0.209 Loaded shared library C:\Program Files\Microsoft\jdk-17.0.8.7-hotspot\bin\nio.dll
Event: 0.215 Loaded shared library C:\Program Files\Microsoft\jdk-17.0.8.7-hotspot\bin\zip.dll
Event: 0.644 Loaded shared library C:\Program Files\Microsoft\jdk-17.0.8.7-hotspot\bin\jimage.dll
Event: 0.732 Loaded shared library C:\Program Files\Microsoft\jdk-17.0.8.7-hotspot\bin\verify.dll
Event: 0.996 Loaded shared library C:\Users\Hasan\.gradle\native\68d5fa5c4cc2d200863cafc0d521ce42e7d3e7ee720ec0a83991735586a16f82\windows-amd64\native-platform.dll
Event: 1.059 Loaded shared library C:\Users\Hasan\.gradle\native\e376f236ea51e6404a007f0833ffe2c6e607c4080706a723a18a27aeea778392\windows-amd64\native-platform-file-events.dll
Event: 2.895 Loaded shared library C:\Program Files\Microsoft\jdk-17.0.8.7-hotspot\bin\management.dll
Event: 2.910 Loaded shared library C:\Program Files\Microsoft\jdk-17.0.8.7-hotspot\bin\management_ext.dll
Event: 3.754 Loaded shared library C:\Program Files\Microsoft\jdk-17.0.8.7-hotspot\bin\sunmscapi.dll

Deoptimization events (20 events):
Event: 64.513 Thread 0x0000022bc2256c10 Uncommon trap: trap_request=0xffffff76 fr.pc=0x0000022b928647ac relative=0x000000000000086c
Event: 64.513 Thread 0x0000022bc2256c10 Uncommon trap: reason=predicate action=maybe_recompile pc=0x0000022b928647ac method=java.util.ComparableTimSort.binarySort([Ljava/lang/Object;III)V @ 34 c2
Event: 64.513 Thread 0x0000022bc2256c10 DEOPT PACKING pc=0x0000022b928647ac sp=0x000000cedeffbbb0
Event: 64.513 Thread 0x0000022bc2256c10 DEOPT UNPACKING pc=0x0000022b920069a3 sp=0x000000cedeffbb58 mode 2
Event: 64.527 Thread 0x0000022bc225bd10 Uncommon trap: trap_request=0xffffffc6 fr.pc=0x0000022b92d222c0 relative=0x00000000000000a0
Event: 64.527 Thread 0x0000022bc225bd10 Uncommon trap: reason=bimorphic_or_optimized_type_check action=maybe_recompile pc=0x0000022b92d222c0 method=org.gradle.execution.plan.ActionNode.hasPendingPreExecutionNodes()Z @ 11 c2
Event: 64.527 Thread 0x0000022bc225bd10 DEOPT PACKING pc=0x0000022b92d222c0 sp=0x000000cedeefeae0
Event: 64.527 Thread 0x0000022bc225bd10 DEOPT UNPACKING pc=0x0000022b920069a3 sp=0x000000cedeefea68 mode 2
Event: 64.547 Thread 0x0000022bc225bd10 Uncommon trap: trap_request=0xffffffc6 fr.pc=0x0000022b92d222c0 relative=0x00000000000000a0
Event: 64.547 Thread 0x0000022bc225bd10 Uncommon trap: reason=bimorphic_or_optimized_type_check action=maybe_recompile pc=0x0000022b92d222c0 method=org.gradle.execution.plan.ActionNode.hasPendingPreExecutionNodes()Z @ 11 c2
Event: 64.547 Thread 0x0000022bc225bd10 DEOPT PACKING pc=0x0000022b92d222c0 sp=0x000000cedeefeae0
Event: 64.547 Thread 0x0000022bc225bd10 DEOPT UNPACKING pc=0x0000022b920069a3 sp=0x000000cedeefea68 mode 2
Event: 64.553 Thread 0x0000022bc225bd10 Uncommon trap: trap_request=0xffffffc6 fr.pc=0x0000022b92d222c0 relative=0x00000000000000a0
Event: 64.553 Thread 0x0000022bc225bd10 Uncommon trap: reason=bimorphic_or_optimized_type_check action=maybe_recompile pc=0x0000022b92d222c0 method=org.gradle.execution.plan.ActionNode.hasPendingPreExecutionNodes()Z @ 11 c2
Event: 64.553 Thread 0x0000022bc225bd10 DEOPT PACKING pc=0x0000022b92d222c0 sp=0x000000cedeefeae0
Event: 64.553 Thread 0x0000022bc225bd10 DEOPT UNPACKING pc=0x0000022b920069a3 sp=0x000000cedeefea68 mode 2
Event: 64.563 Thread 0x0000022bc225bd10 Uncommon trap: trap_request=0xffffffc6 fr.pc=0x0000022b92d222c0 relative=0x00000000000000a0
Event: 64.563 Thread 0x0000022bc225bd10 Uncommon trap: reason=bimorphic_or_optimized_type_check action=maybe_recompile pc=0x0000022b92d222c0 method=org.gradle.execution.plan.ActionNode.hasPendingPreExecutionNodes()Z @ 11 c2
Event: 64.563 Thread 0x0000022bc225bd10 DEOPT PACKING pc=0x0000022b92d222c0 sp=0x000000cedeefeae0
Event: 64.563 Thread 0x0000022bc225bd10 DEOPT UNPACKING pc=0x0000022b920069a3 sp=0x000000cedeefea68 mode 2

Classes unloaded (0 events):
No events

Classes redefined (0 events):
No events

Internal exceptions (20 events):
Event: 61.417 Thread 0x0000022bc1ff7310 Implicit null exception at 0x0000022b92cec890 to 0x0000022b92cec958
Event: 61.442 Thread 0x0000022bc1ff7310 Implicit null exception at 0x0000022b92cee38a to 0x0000022b92cee46a
Event: 62.116 Thread 0x0000022bc1ff7310 Exception <a 'java/lang/IncompatibleClassChangeError'{0x000000008cedca50}: Found class java.lang.Object, but interface was expected> (0x000000008cedca50) 
thrown [s\src\hotspot\share\interpreter\linkResolver.cpp, line 826]
Event: 62.201 Thread 0x0000022bc1ff7310 Implicit null exception at 0x0000022b92591243 to 0x0000022b925912f7
Event: 62.304 Thread 0x0000022bc1ff7310 Exception <a 'sun/nio/fs/WindowsException'{0x000000008c6fb578}> (0x000000008c6fb578) 
thrown [s\src\hotspot\share\prims\jni.cpp, line 516]
Event: 62.305 Thread 0x0000022bc1ff7310 Exception <a 'sun/nio/fs/WindowsException'{0x000000008c6fcbb8}> (0x000000008c6fcbb8) 
thrown [s\src\hotspot\share\prims\jni.cpp, line 516]
Event: 62.305 Thread 0x0000022bc1ff7310 Exception <a 'sun/nio/fs/WindowsException'{0x000000008c6fe248}> (0x000000008c6fe248) 
thrown [s\src\hotspot\share\prims\jni.cpp, line 516]
Event: 62.305 Thread 0x0000022bc1ff7310 Exception <a 'sun/nio/fs/WindowsException'{0x000000008c6ff8d8}> (0x000000008c6ff8d8) 
thrown [s\src\hotspot\share\prims\jni.cpp, line 516]
Event: 62.979 Thread 0x0000022bc1ff7310 Implicit null exception at 0x0000022b92678297 to 0x0000022b92678920
Event: 63.392 Thread 0x0000022bc2258560 Exception <a 'java/lang/NoSuchMethodError'{0x000000008e88b3c8}: 'void java.lang.invoke.DirectMethodHandle$Holder.invokeStatic(java.lang.Object, java.lang.Object, java.lang.Object, java.lang.Object, int, java.lang.Object, java.lang.Object)'> (0x000000008e88b3c8) 
thrown [s\src\hotspot\share\interpreter\linkResolver.cpp, line 759]
Event: 63.435 Thread 0x0000022bc29b16c0 Exception <a 'java/lang/NoSuchMethodError'{0x000000008e7ee588}: 'java.lang.Object java.lang.invoke.DirectMethodHandle$Holder.invokeSpecialIFC(java.lang.Object, java.lang.Object, java.lang.Object)'> (0x000000008e7ee588) 
thrown [s\src\hotspot\share\interpreter\linkResolver.cpp, line 759]
Event: 63.435 Thread 0x0000022bc29b20e0 Exception <a 'java/lang/NoSuchMethodError'{0x000000008e60fbc0}: 'java.lang.Object java.lang.invoke.DirectMethodHandle$Holder.invokeSpecialIFC(java.lang.Object, java.lang.Object, java.lang.Object)'> (0x000000008e60fbc0) 
thrown [s\src\hotspot\share\interpreter\linkResolver.cpp, line 759]
Event: 63.435 Thread 0x0000022bc29b3520 Exception <a 'java/lang/NoSuchMethodError'{0x000000008e7cfaa0}: 'java.lang.Object java.lang.invoke.DirectMethodHandle$Holder.invokeSpecialIFC(java.lang.Object, java.lang.Object, java.lang.Object)'> (0x000000008e7cfaa0) 
thrown [s\src\hotspot\share\interpreter\linkResolver.cpp, line 759]
Event: 64.453 Thread 0x0000022bc2256c10 Exception <a 'java/lang/ClassNotFoundException'{0x000000008e1a3108}: groovy/util/FileTreeBuilderBeanInfo> (0x000000008e1a3108) 
thrown [s\src\hotspot\share\classfile\systemDictionary.cpp, line 256]
Event: 64.454 Thread 0x0000022bc2256c10 Exception <a 'java/lang/ClassNotFoundException'{0x000000008e0053c0}: groovy/util/FileTreeBuilderCustomizer> (0x000000008e0053c0) 
thrown [s\src\hotspot\share\classfile\systemDictionary.cpp, line 256]
Event: 64.460 Thread 0x0000022bc2256c10 Exception <a 'java/lang/ClassNotFoundException'{0x000000008e03c670}: java/io/BufferedWriterBeanInfo> (0x000000008e03c670) 
thrown [s\src\hotspot\share\classfile\systemDictionary.cpp, line 256]
Event: 64.460 Thread 0x0000022bc2256c10 Exception <a 'java/lang/ClassNotFoundException'{0x000000008e041cc8}: java/io/WriterBeanInfo> (0x000000008e041cc8) 
thrown [s\src\hotspot\share\classfile\systemDictionary.cpp, line 256]
Event: 64.460 Thread 0x0000022bc2256c10 Exception <a 'java/lang/ClassNotFoundException'{0x000000008e047318}: java/io/WriterCustomizer> (0x000000008e047318) 
thrown [s\src\hotspot\share\classfile\systemDictionary.cpp, line 256]
Event: 64.461 Thread 0x0000022bc2256c10 Exception <a 'java/lang/ClassNotFoundException'{0x000000008e055808}: java/io/BufferedWriterCustomizer> (0x000000008e055808) 
thrown [s\src\hotspot\share\classfile\systemDictionary.cpp, line 256]
Event: 64.514 Thread 0x0000022bc2256c10 Exception <a 'java/lang/NoSuchMethodError'{0x000000008e0b4c38}: static Lcom/android/build/api/variant/BuildConfigField;.<clinit>()V> (0x000000008e0b4c38) 
thrown [s\src\hotspot\share\prims\jni.cpp, line 1107]

VM Operations (20 events):
Event: 63.266 Executing VM operation: G1CollectForAllocation
Event: 63.283 Executing VM operation: G1CollectForAllocation done
Event: 63.353 Executing VM operation: HandshakeAllThreads
Event: 63.353 Executing VM operation: HandshakeAllThreads done
Event: 63.402 Executing VM operation: HandshakeAllThreads
Event: 63.402 Executing VM operation: HandshakeAllThreads done
Event: 63.451 Executing VM operation: HandshakeAllThreads
Event: 63.451 Executing VM operation: HandshakeAllThreads done
Event: 63.453 Executing VM operation: HandshakeAllThreads
Event: 63.453 Executing VM operation: HandshakeAllThreads done
Event: 63.597 Executing VM operation: ICBufferFull
Event: 63.598 Executing VM operation: ICBufferFull done
Event: 64.095 Executing VM operation: ICBufferFull
Event: 64.095 Executing VM operation: ICBufferFull done
Event: 64.251 Executing VM operation: G1CollectForAllocation
Event: 64.266 Executing VM operation: G1CollectForAllocation done
Event: 64.580 Executing VM operation: ICBufferFull
Event: 64.582 Executing VM operation: ICBufferFull done
Event: 64.989 Executing VM operation: G1CollectForAllocation
Event: 64.998 Executing VM operation: G1CollectForAllocation done

Events (20 events):
Event: 64.213 Thread 0x0000022bccd76ce0 Thread added: 0x0000022bccd76ce0
Event: 64.239 Thread 0x0000022bccd78b40 Thread added: 0x0000022bccd78b40
Event: 64.239 Thread 0x0000022bccd77700 Thread added: 0x0000022bccd77700
Event: 64.413 Thread 0x0000022bccd771f0 Thread added: 0x0000022bccd771f0
Event: 64.459 loading class java/io/BufferedWriterBeanInfo
Event: 64.459 loading class java/io/BufferedWriterBeanInfo done
Event: 64.460 loading class java/io/BufferedWriterBeanInfo
Event: 64.460 loading class java/io/BufferedWriterBeanInfo done
Event: 64.460 loading class java/io/WriterBeanInfo
Event: 64.460 loading class java/io/WriterBeanInfo done
Event: 64.460 loading class java/io/WriterBeanInfo
Event: 64.460 loading class java/io/WriterBeanInfo done
Event: 64.460 loading class java/io/WriterCustomizer
Event: 64.460 loading class java/io/WriterCustomizer done
Event: 64.460 loading class java/io/WriterCustomizer
Event: 64.460 loading class java/io/WriterCustomizer done
Event: 64.460 loading class java/io/BufferedWriterCustomizer
Event: 64.460 loading class java/io/BufferedWriterCustomizer done
Event: 64.461 loading class java/io/BufferedWriterCustomizer
Event: 64.461 loading class java/io/BufferedWriterCustomizer done


Dynamic libraries:
0x00007ff729f20000 - 0x00007ff729f2e000 	C:\Program Files\Microsoft\jdk-17.0.8.7-hotspot\bin\java.exe
0x00007fff62280000 - 0x00007fff62489000 	C:\Windows\SYSTEM32\ntdll.dll
0x00007fff61430000 - 0x00007fff614ed000 	C:\Windows\System32\KERNEL32.DLL
0x00007fff5f950000 - 0x00007fff5fcd5000 	C:\Windows\System32\KERNELBASE.dll
0x00007fff3a3e0000 - 0x00007fff3a4bb000 	C:\Program Files\Bitdefender\Endpoint Security\bdhkm\dlls_267019776978380285\bdhkm64.dll
0x00007fff3a270000 - 0x00007fff3a3dc000 	C:\Program Files\Bitdefender\Endpoint Security\atcuf\dlls_267019776929436779\atcuf64.dll
0x00007fff5fce0000 - 0x00007fff5fdf1000 	C:\Windows\System32\ucrtbase.dll
0x00007fff4fc60000 - 0x00007fff4fc77000 	C:\Program Files\Microsoft\jdk-17.0.8.7-hotspot\bin\jli.dll
0x00007fff60420000 - 0x00007fff605cc000 	C:\Windows\System32\USER32.dll
0x00007fff60090000 - 0x00007fff600b6000 	C:\Windows\System32\win32u.dll
0x00007fff614f0000 - 0x00007fff61519000 	C:\Windows\System32\GDI32.dll
0x00007fff5ff70000 - 0x00007fff6008b000 	C:\Windows\System32\gdi32full.dll
0x00007fff5f750000 - 0x00007fff5f7ed000 	C:\Windows\System32\msvcp_win.dll
0x00007fff4fc40000 - 0x00007fff4fc5b000 	C:\Program Files\Microsoft\jdk-17.0.8.7-hotspot\bin\VCRUNTIME140.dll
0x00007fff350b0000 - 0x00007fff35355000 	C:\Windows\WinSxS\amd64_microsoft.windows.common-controls_6595b64144ccf1df_6.0.22000.2600_none_1b65155c6ae217ae\COMCTL32.dll
0x00007fff62160000 - 0x00007fff62203000 	C:\Windows\System32\msvcrt.dll
0x00007fff60360000 - 0x00007fff60391000 	C:\Windows\System32\IMM32.DLL
0x00007fff4fc30000 - 0x00007fff4fc3c000 	C:\Program Files\Microsoft\jdk-17.0.8.7-hotspot\bin\vcruntime140_1.dll
0x00007fff4fba0000 - 0x00007fff4fc2d000 	C:\Program Files\Microsoft\jdk-17.0.8.7-hotspot\bin\msvcp140.dll
0x00007ffefe9d0000 - 0x00007ffeff635000 	C:\Program Files\Microsoft\jdk-17.0.8.7-hotspot\bin\server\jvm.dll
0x00007fff61650000 - 0x00007fff61701000 	C:\Windows\System32\ADVAPI32.dll
0x00007fff61190000 - 0x00007fff61232000 	C:\Windows\System32\sechost.dll
0x00007fff5f8b0000 - 0x00007fff5f8d7000 	C:\Windows\System32\bcrypt.dll
0x00007fff61300000 - 0x00007fff61421000 	C:\Windows\System32\RPCRT4.dll
0x00007fff5f5a0000 - 0x00007fff5f5ed000 	C:\Windows\SYSTEM32\POWRPROF.dll
0x00007fff4fb90000 - 0x00007fff4fb99000 	C:\Windows\SYSTEM32\WSOCK32.dll
0x00007fff61530000 - 0x00007fff6159f000 	C:\Windows\System32\WS2_32.dll
0x00007fff568f0000 - 0x00007fff56923000 	C:\Windows\SYSTEM32\WINMM.dll
0x00007fff59080000 - 0x00007fff5908a000 	C:\Windows\SYSTEM32\VERSION.dll
0x00007fff5f580000 - 0x00007fff5f593000 	C:\Windows\SYSTEM32\UMPDC.dll
0x00007fff5e770000 - 0x00007fff5e788000 	C:\Windows\SYSTEM32\kernel.appcore.dll
0x00007fff3ca70000 - 0x00007fff3ca7a000 	C:\Program Files\Microsoft\jdk-17.0.8.7-hotspot\bin\jimage.dll
0x00007fff5af20000 - 0x00007fff5b141000 	C:\Windows\SYSTEM32\DBGHELP.DLL
0x00007fff5ab50000 - 0x00007fff5ab81000 	C:\Windows\SYSTEM32\dbgcore.DLL
0x00007fff5f6d0000 - 0x00007fff5f74f000 	C:\Windows\System32\bcryptPrimitives.dll
0x00007fff0f300000 - 0x00007fff0f30e000 	C:\Program Files\Microsoft\jdk-17.0.8.7-hotspot\bin\instrument.dll
0x00007fff0b290000 - 0x00007fff0b2b5000 	C:\Program Files\Microsoft\jdk-17.0.8.7-hotspot\bin\java.dll
0x00007fff091c0000 - 0x00007fff09297000 	C:\Program Files\Microsoft\jdk-17.0.8.7-hotspot\bin\jsvml.dll
0x00007fff618a0000 - 0x00007fff62065000 	C:\Windows\System32\SHELL32.dll
0x00007fff5d7d0000 - 0x00007fff5e032000 	C:\Windows\SYSTEM32\windows.storage.dll
0x00007fff605d0000 - 0x00007fff60946000 	C:\Windows\System32\combase.dll
0x00007fff5d660000 - 0x00007fff5d7c7000 	C:\Windows\SYSTEM32\wintypes.dll
0x00007fff62070000 - 0x00007fff6215a000 	C:\Windows\System32\SHCORE.dll
0x00007fff60b10000 - 0x00007fff60b6d000 	C:\Windows\System32\shlwapi.dll
0x00007fff5f600000 - 0x00007fff5f625000 	C:\Windows\SYSTEM32\profapi.dll
0x00007fff0b270000 - 0x00007fff0b288000 	C:\Program Files\Microsoft\jdk-17.0.8.7-hotspot\bin\zip.dll
0x00007fff0f5d0000 - 0x00007fff0f5e9000 	C:\Program Files\Microsoft\jdk-17.0.8.7-hotspot\bin\net.dll
0x00007fff5ba40000 - 0x00007fff5bb54000 	C:\Windows\SYSTEM32\WINHTTP.dll
0x00007fff5ec10000 - 0x00007fff5ec77000 	C:\Windows\system32\mswsock.dll
0x00007fff0f410000 - 0x00007fff0f426000 	C:\Program Files\Microsoft\jdk-17.0.8.7-hotspot\bin\nio.dll
0x00007fff3c4a0000 - 0x00007fff3c4b0000 	C:\Program Files\Microsoft\jdk-17.0.8.7-hotspot\bin\verify.dll
0x00007fff0abb0000 - 0x00007fff0abd7000 	C:\Users\Hasan\.gradle\native\68d5fa5c4cc2d200863cafc0d521ce42e7d3e7ee720ec0a83991735586a16f82\windows-amd64\native-platform.dll
0x00007fff08d40000 - 0x00007fff08e84000 	C:\Users\Hasan\.gradle\native\e376f236ea51e6404a007f0833ffe2c6e607c4080706a723a18a27aeea778392\windows-amd64\native-platform-file-events.dll
0x00007fff12950000 - 0x00007fff12959000 	C:\Program Files\Microsoft\jdk-17.0.8.7-hotspot\bin\management.dll
0x00007fff127e0000 - 0x00007fff127eb000 	C:\Program Files\Microsoft\jdk-17.0.8.7-hotspot\bin\management_ext.dll
0x00007fff60350000 - 0x00007fff60358000 	C:\Windows\System32\PSAPI.DLL
0x00007fff5ee50000 - 0x00007fff5ee68000 	C:\Windows\SYSTEM32\CRYPTSP.dll
0x00007fff5e6d0000 - 0x00007fff5e705000 	C:\Windows\system32\rsaenh.dll
0x00007fff5ed00000 - 0x00007fff5ed2c000 	C:\Windows\SYSTEM32\USERENV.dll
0x00007fff5ee70000 - 0x00007fff5ee7c000 	C:\Windows\SYSTEM32\CRYPTBASE.dll
0x00007fff5e290000 - 0x00007fff5e2bd000 	C:\Windows\SYSTEM32\IPHLPAPI.DLL
0x00007fff612d0000 - 0x00007fff612d9000 	C:\Windows\System32\NSI.dll
0x00007fff5ba20000 - 0x00007fff5ba39000 	C:\Windows\SYSTEM32\dhcpcsvc6.DLL
0x00007fff5bb80000 - 0x00007fff5bb9e000 	C:\Windows\SYSTEM32\dhcpcsvc.DLL
0x00007fff5e2c0000 - 0x00007fff5e3a9000 	C:\Windows\SYSTEM32\DNSAPI.dll
0x00007fff0b230000 - 0x00007fff0b23e000 	C:\Program Files\Microsoft\jdk-17.0.8.7-hotspot\bin\sunmscapi.dll
0x00007fff5fe00000 - 0x00007fff5ff62000 	C:\Windows\System32\CRYPT32.dll
0x00007fff5efa0000 - 0x00007fff5efca000 	C:\Windows\SYSTEM32\ncrypt.dll
0x00007fff5ef60000 - 0x00007fff5ef97000 	C:\Windows\SYSTEM32\NTASN1.dll
0x00007fff0b220000 - 0x00007fff0b228000 	C:\Windows\system32\wshunix.dll
0x00007fff50350000 - 0x00007fff50367000 	C:\Windows\system32\napinsp.dll
0x00007fff50330000 - 0x00007fff5034b000 	C:\Windows\system32\pnrpnsp.dll
0x00007fff50310000 - 0x00007fff50322000 	C:\Windows\System32\winrnr.dll
0x00007fff502f0000 - 0x00007fff50305000 	C:\Windows\system32\wshbth.dll
0x00007fff502d0000 - 0x00007fff502ef000 	C:\Windows\system32\nlansp_c.dll
0x00007fff59030000 - 0x00007fff5903a000 	C:\Windows\System32\rasadhlp.dll
0x00007fff5a930000 - 0x00007fff5a9b1000 	C:\Windows\System32\fwpuclnt.dll

dbghelp: loaded successfully - version: 4.0.5 - missing functions: none
symbol engine: initialized successfully - sym options: 0x614 - pdb path: .;C:\Program Files\Microsoft\jdk-17.0.8.7-hotspot\bin;C:\Windows\SYSTEM32;C:\Program Files\Bitdefender\Endpoint Security\bdhkm\dlls_267019776978380285;C:\Program Files\Bitdefender\Endpoint Security\atcuf\dlls_267019776929436779;C:\Windows\WinSxS\amd64_microsoft.windows.common-controls_6595b64144ccf1df_6.0.22000.2600_none_1b65155c6ae217ae;C:\Program Files\Microsoft\jdk-17.0.8.7-hotspot\bin\server;C:\Users\Hasan\.gradle\native\68d5fa5c4cc2d200863cafc0d521ce42e7d3e7ee720ec0a83991735586a16f82\windows-amd64;C:\Users\Hasan\.gradle\native\e376f236ea51e6404a007f0833ffe2c6e607c4080706a723a18a27aeea778392\windows-amd64

VM Arguments:
jvm_args: -XX:MaxMetaspaceSize=512m --add-opens=java.base/java.util=ALL-UNNAMED --add-opens=java.base/java.lang=ALL-UNNAMED --add-opens=java.base/java.lang.invoke=ALL-UNNAMED --add-opens=java.prefs/java.util.prefs=ALL-UNNAMED --add-opens=java.base/java.nio.charset=ALL-UNNAMED --add-opens=java.base/java.net=ALL-UNNAMED --add-opens=java.base/java.util.concurrent.atomic=ALL-UNNAMED -Xmx2048m -Dfile.encoding=windows-1252 -Duser.country=US -Duser.language=en -Duser.variant -javaagent:C:\Users\Hasan\.gradle\wrapper\dists\gradle-8.3-all\6en3ugtfdg5xnpx44z4qbwgas\gradle-8.3\lib\agents\gradle-instrumentation-agent-8.3.jar 
java_command: org.gradle.launcher.daemon.bootstrap.GradleDaemon 8.3
java_class_path (initial): C:\Users\Hasan\.gradle\wrapper\dists\gradle-8.3-all\6en3ugtfdg5xnpx44z4qbwgas\gradle-8.3\lib\gradle-launcher-8.3.jar
Launcher Type: SUN_STANDARD

[Global flags]
     intx CICompilerCount                          = 3                                         {product} {ergonomic}
   size_t CompressedClassSpaceSize                 = 436207616                                 {product} {ergonomic}
     uint ConcGCThreads                            = 1                                         {product} {ergonomic}
     uint G1ConcRefinementThreads                  = 4                                         {product} {ergonomic}
   size_t G1HeapRegionSize                         = 1048576                                   {product} {ergonomic}
    uintx GCDrainStackTargetSize                   = 64                                        {product} {ergonomic}
   size_t InitialHeapSize                          = 201326592                                 {product} {ergonomic}
   size_t MarkStackSize                            = 4194304                                   {product} {ergonomic}
   size_t MaxHeapSize                              = 2147483648                                {product} {command line}
   size_t MaxMetaspaceSize                         = 536870912                                 {product} {command line}
   size_t MaxNewSize                               = 1287651328                                {product} {ergonomic}
   size_t MinHeapDeltaBytes                        = 1048576                                   {product} {ergonomic}
   size_t MinHeapSize                              = 8388608                                   {product} {ergonomic}
    uintx NonNMethodCodeHeapSize                   = 5832780                                {pd product} {ergonomic}
    uintx NonProfiledCodeHeapSize                  = 122912730                              {pd product} {ergonomic}
    uintx ProfiledCodeHeapSize                     = 122912730                              {pd product} {ergonomic}
    uintx ReservedCodeCacheSize                    = 251658240                              {pd product} {ergonomic}
     bool SegmentedCodeCache                       = true                                      {product} {ergonomic}
   size_t SoftMaxHeapSize                          = 2147483648                             {manageable} {ergonomic}
     bool UseCompressedClassPointers               = true                           {product lp64_product} {ergonomic}
     bool UseCompressedOops                        = true                           {product lp64_product} {ergonomic}
     bool UseG1GC                                  = true                                      {product} {ergonomic}
     bool UseLargePagesIndividualAllocation        = false                                  {pd product} {ergonomic}

Logging:
Log output configuration:
 #0: stdout all=warning uptime,level,tags
 #1: stderr all=off uptime,level,tags

Environment Variables:
JAVA_HOME=C:\Program Files\Microsoft\jdk-17.0.8.7-hotspot\
CLASSPATH=F:\Hasan Ali\Bitfender\android\\gradle\wrapper\gradle-wrapper.jar
PATH=F:\Hasan Ali\Bitfender\node_modules\.bin;F:\Hasan Ali\Bitfender\node_modules\.bin;F:\Hasan Ali\node_modules\.bin;F:\node_modules\.bin;C:\Program Files\nodejs\node_modules\npm\node_modules\@npmcli\run-script\lib\node-gyp-bin;C:\Program Files\Python311\Scripts\;C:\Program Files\Python311\;C:\Program Files\Microsoft\jdk-17.0.8.7-hotspot\bin;C:\Program Files\Microsoft\jdk-11.0.18.10-hotspot\bin;C:\Python311\Scripts\;C:\Python311\;C:\Windows\system32;C:\Windows;C:\Windows\System32\Wbem;C:\Windows\System32\WindowsPowerShell\v1.0\;C:\Windows\System32\OpenSSH\;C:\ProgramData\chocolatey\bin;C:\Users\mansoor\AppData\Local\Android\Sdk\platform-tools;C:\mongosh-2.1.1-win32-x64\bin;C:\Program Files\Git\cmd;C:\Users\Hasan\AppData\Roaming\npm;C:\Program Files\nodejs\;C:\Users\Hasan\AppData\Local\Microsoft\WindowsApps;C:\Users\Hasan\AppData\Local\Programs\Microsoft VS Code\bin;C:\Users\Hasan\AppData\Local\GitHubDesktop\bin;C:\Users\Hasan\AppData\Local\Android\Sdk\platform-tools;
USERNAME=Hasan
OS=Windows_NT
PROCESSOR_IDENTIFIER=Intel64 Family 6 Model 42 Stepping 7, GenuineIntel
TMP=C:\Users\Hasan\AppData\Local\Temp
TEMP=C:\Users\Hasan\AppData\Local\Temp



---------------  S Y S T E M  ---------------

OS:
 Windows 11 , 64 bit Build 22000 (10.0.22000.2600)
OS uptime: 0 days 1:26 hours

CPU: total 4 (initial active 4) (4 cores per cpu, 1 threads per core) family 6 model 42 stepping 7 microcode 0x2f, cx8, cmov, fxsr, mmx, sse, sse2, sse3, ssse3, sse4.1, sse4.2, popcnt, tsc, tscinvbit, avx, aes, clmul, vzeroupper, clflush
Processor Information for all 4 processors :
  Max Mhz: 3101, Current Mhz: 2900, Mhz Limit: 3101

Memory: 4k page, system-wide physical 12176M (4914M free)
TotalPageFile size 16272M (AvailPageFile size 7974M)
current process WorkingSet (physical memory assigned to process): 558M, peak: 569M
current process commit charge ("private bytes"): 599M, peak: 610M

vm_info: OpenJDK 64-Bit Server VM (17.0.8+7-LTS) for windows-amd64 JRE (17.0.8+7-LTS), built on Jul  7 2023 17:21:55 by "MicrosoftCorporation" with MS VC++ 16.10 / 16.11 (VS2019)

END.
