#
# A fatal error has been detected by the Java Runtime Environment:
#
#  EXCEPTION_ACCESS_VIOLATION (0xc0000005) at pc=0x00007ffc7cb5e0a9, pid=21840, tid=2844
#
# JRE version: OpenJDK Runtime Environment Microsoft-8035246 (17.0.8+7) (build 17.0.8+7-LTS)
# Java VM: OpenJDK 64-Bit Server VM Microsoft-8035246 (17.0.8+7-LTS, mixed mode, sharing, tiered, compressed oops, compressed class ptrs, g1 gc, windows-amd64)
# Problematic frame:
# V  [jvm.dll+0x2be0a9]
#
# No core dump will be written. Minidumps are not enabled by default on client versions of Windows
#
# If you would like to submit a bug report, please visit:
#   https://github.com/microsoft/openjdk/issues
#

---------------  S U M M A R Y ------------

Command Line: -XX:MaxMetaspaceSize=512m --add-opens=java.base/java.util=ALL-UNNAMED --add-opens=java.base/java.lang=ALL-UNNAMED --add-opens=java.base/java.lang.invoke=ALL-UNNAMED --add-opens=java.prefs/java.util.prefs=ALL-UNNAMED --add-opens=java.base/java.nio.charset=ALL-UNNAMED --add-opens=java.base/java.net=ALL-UNNAMED --add-opens=java.base/java.util.concurrent.atomic=ALL-UNNAMED -Xmx2048m -Dfile.encoding=windows-1252 -Duser.country=US -Duser.language=en -Duser.variant -javaagent:C:\Users\Hasan\.gradle\wrapper\dists\gradle-8.3-all\6en3ugtfdg5xnpx44z4qbwgas\gradle-8.3\lib\agents\gradle-instrumentation-agent-8.3.jar org.gradle.launcher.daemon.bootstrap.GradleDaemon 8.3

Host: Intel(R) Core(TM) i5-2400 CPU @ 3.10GHz, 4 cores, 11G,  Windows 11 , 64 bit Build 22000 (10.0.22000.2836)
Time: Fri Mar 29 14:41:02 2024 Pakistan Standard Time elapsed time: 64.797846 seconds (0d 0h 1m 4s)

---------------  T H R E A D  ---------------

Current thread (0x000001ecdd980150):  JavaThread "C2 CompilerThread1" daemon [_thread_in_native, id=2844, stack(0x00000062c8f00000,0x00000062c9000000)]


Current CompileTask:
C2:  64798 15048   !   4       org.gradle.cache.internal.DefaultMultiProcessSafeIndexedCache::getIfPresent (25 bytes)

Stack: [0x00000062c8f00000,0x00000062c9000000],  sp=0x00000062c8ffb540,  free space=1005k
Native frames: (J=compiled Java code, j=interpreted, Vv=VM code, C=native code)
V  [jvm.dll+0x2be0a9]
V  [jvm.dll+0x21ba8b]
V  [jvm.dll+0x21944b]
V  [jvm.dll+0x1a56b6]
V  [jvm.dll+0x2291ea]
V  [jvm.dll+0x22724c]
V  [jvm.dll+0x7efd0c]
V  [jvm.dll+0x7ea13a]
V  [jvm.dll+0x67ad85]
C  [ucrtbase.dll+0x26c0c]
C  [KERNEL32.DLL+0x153e0]
C  [ntdll.dll+0x485b]


siginfo: EXCEPTION_ACCESS_VIOLATION (0xc0000005), reading address 0x0000000000000028


Register to memory mapping:

RIP=0x00007ffc7cb5e0a9 jvm.dll
RAX=0x000001ecdfd926f0 points into unknown readable memory: 0x0000000000000000 | 00 00 00 00 00 00 00 00
RBX=0x00000000000018ca is an unknown value
RCX=0x000001ecdfda26f0 points into unknown readable memory: 0x0000000000000000 | 00 00 00 00 00 00 00 00
RDX=0x0 is NULL
RSP=0x00000062c8ffb540 is pointing into the stack for thread: 0x000001ecdd980150
RBP=0x00000062c8ffb5b0 is pointing into the stack for thread: 0x000001ecdd980150
RSI=0x0 is NULL
RDI=0x000000000000004d is an unknown value
R8 =0x0 is NULL
R9 =0x0 is NULL
R10=0x00007ffc9a110000 VCRUNTIME140.dll
R11=0x000001ecdfd92710 points into unknown readable memory: 0x0000000000000000 | 00 00 00 00 00 00 00 00
R12=0x0000000000000050 is an unknown value
R13=0x0 is NULL
R14=0x0 is NULL
R15=0x00000062c8ffe760 is pointing into the stack for thread: 0x000001ecdd980150


Registers:
RAX=0x000001ecdfd926f0, RBX=0x00000000000018ca, RCX=0x000001ecdfda26f0, RDX=0x0000000000000000
RSP=0x00000062c8ffb540, RBP=0x00000062c8ffb5b0, RSI=0x0000000000000000, RDI=0x000000000000004d
R8 =0x0000000000000000, R9 =0x0000000000000000, R10=0x00007ffc9a110000, R11=0x000001ecdfd92710
R12=0x0000000000000050, R13=0x0000000000000000, R14=0x0000000000000000, R15=0x00000062c8ffe760
RIP=0x00007ffc7cb5e0a9, EFLAGS=0x0000000000010246

Top of Stack: (sp=0x00000062c8ffb540)
0x00000062c8ffb540:   00000000000018ca 0000000000000000
0x00000062c8ffb550:   00000062c8ffe760 00007ffc7cac38d1
0x00000062c8ffb560:   000001ece63a4b00 00007ffc00002000
0x00000062c8ffb570:   000001ecdfd926f0 0000000000000000
0x00000062c8ffb580:   0000000000000002 000001ecdcca7750
0x00000062c8ffb590:   0000000000000002 000001ece63a4b00
0x00000062c8ffb5a0:   0000000000000000 0000000000000000
0x00000062c8ffb5b0:   000001ece4c89720 000001ec9a247ca0
0x00000062c8ffb5c0:   000000000000004d 00007ffc7d1e4c08
0x00000062c8ffb5d0:   00000062c8ffb6e0 00007ffc7cabba8b
0x00000062c8ffb5e0:   00000062c8ffe760 00007ffc7d1e4c08
0x00000062c8ffb5f0:   00000062c8ffe760 00000062c8ffb6e0
0x00000062c8ffb600:   000001ec00000000 00007ffc7cebb7fb
0x00000062c8ffb610:   000000620000000f 00000062c8ffe760
0x00000062c8ffb620:   00000062c8ffb790 0000000000000000
0x00000062c8ffb630:   000001ec00000100 00007ffc7d1e4c08 

Instructions: (pc=0x00007ffc7cb5e0a9)
0x00007ffc7cb5dfa9:   3b d0 75 0b ff c1 41 3b c9 7c dc 48 8b c2 c3 33
0x00007ffc7cb5dfb9:   c0 c3 cc cc cc cc cc 48 89 5c 24 18 55 56 57 41
0x00007ffc7cb5dfc9:   55 41 57 48 8b ec 48 83 ec 70 65 48 8b 04 25 58
0x00007ffc7cb5dfd9:   00 00 00 48 8b f2 44 8b 05 d2 8b 90 00 4c 8b f9
0x00007ffc7cb5dfe9:   4a 8b 1c c0 b8 50 00 00 00 80 3c 18 00 75 05 e8
0x00007ffc7cb5dff9:   8b 6f 5d 00 b8 20 00 00 00 48 8b 04 18 48 8b 98
0x00007ffc7cb5e009:   38 02 00 00 48 89 5d b0 c7 45 b8 04 00 00 00 48
0x00007ffc7cb5e019:   8b 43 18 48 83 f8 df 76 18 4c 8d 05 37 a9 65 00
0x00007ffc7cb5e029:   ba 20 00 00 00 48 8b cb e8 5a eb de ff 48 8b 43
0x00007ffc7cb5e039:   18 48 8d 48 20 48 3b 4b 20 76 11 45 33 c0 48 8b
0x00007ffc7cb5e049:   cb 41 8d 50 20 e8 fd e8 de ff eb 04 48 89 4b 18
0x00007ffc7cb5e059:   44 8b 45 b8 33 d2 49 c1 e0 03 48 8b c8 48 89 45
0x00007ffc7cb5e069:   c0 e8 e3 80 5d 00 45 33 ed 48 8d 4d d0 44 89 6d
0x00007ffc7cb5e079:   c8 e8 01 59 56 00 41 8b 9f 40 02 00 00 41 2b 9f
0x00007ffc7cb5e089:   68 02 00 00 44 89 6d f0 3b 5d b8 72 0b 8b d3 48
0x00007ffc7cb5e099:   8d 4d b0 e8 6f b3 39 00 48 8b 45 c0 4c 89 2c d8
0x00007ffc7cb5e0a9:   8b 7e 28 8b df c1 eb 05 3b 5d d0 72 0b 8b d3 48
0x00007ffc7cb5e0b9:   8d 4d d0 e8 1f 59 56 00 48 8b 45 d8 83 e7 1f 48
0x00007ffc7cb5e0c9:   8d 14 98 40 0f b6 cf 41 b8 01 00 00 00 41 d3 e0
0x00007ffc7cb5e0d9:   8b 0a 8b c1 41 0b c0 89 02 41 85 c8 75 21 8b 5d
0x00007ffc7cb5e0e9:   c8 8d 43 01 89 45 c8 3b 5d b8 72 0b 8b d3 48 8d
0x00007ffc7cb5e0f9:   4d b0 e8 10 b3 39 00 48 8b 45 c0 48 89 34 d8 44
0x00007ffc7cb5e109:   39 6d c8 0f 86 77 01 00 00 4c 89 a4 24 a0 00 00
0x00007ffc7cb5e119:   00 4c 89 b4 24 a8 00 00 00 48 8b 45 c0 41 8b cd
0x00007ffc7cb5e129:   48 8b 34 c8 8b 46 2c 25 ff 1f 00 00 3d 04 10 00
0x00007ffc7cb5e139:   00 0f 85 a7 00 00 00 bb 01 00 00 00 39 5e 18 76
0x00007ffc7cb5e149:   39 66 0f 1f 44 00 00 48 8b 46 08 8b cb 48 8b 14
0x00007ffc7cb5e159:   c8 48 85 d2 74 1d 48 83 7a 10 00 74 16 80 7a 2c
0x00007ffc7cb5e169:   84 74 10 e8 7f 7e ee ff 48 8b d0 49 8b cf e8 a4
0x00007ffc7cb5e179:   61 f6 ff ff c3 3b 5e 18 72 cd 48 8b 5e 10 8b 46
0x00007ffc7cb5e189:   20 4c 8d 34 c3 49 3b de 73 54 48 8b 3b 8b 47 2c
0x00007ffc7cb5e199:   83 e0 03 3c 03 75 2e 48 8b 07 48 8b cf ff 90 88 


Stack slot to memory mapping:
stack at sp + 0 slots: 0x00000000000018ca is an unknown value
stack at sp + 1 slots: 0x0 is NULL
stack at sp + 2 slots: 0x00000062c8ffe760 is pointing into the stack for thread: 0x000001ecdd980150
stack at sp + 3 slots: 0x00007ffc7cac38d1 jvm.dll
stack at sp + 4 slots: 0x000001ece63a4b00 points into unknown readable memory: 0x0000000000000006 | 06 00 00 00 00 00 00 00
stack at sp + 5 slots: 0x00007ffc00002000 is an unknown value
stack at sp + 6 slots: 0x000001ecdfd926f0 points into unknown readable memory: 0x0000000000000000 | 00 00 00 00 00 00 00 00
stack at sp + 7 slots: 0x0 is NULL


---------------  P R O C E S S  ---------------

Threads class SMR info:
_java_thread_list=0x000001ece67be8d0, length=92, elements={
0x000001ec9a22fce0, 0x000001ecba7d8a90, 0x000001ecba7d9910, 0x000001ecba7f4430,
0x000001ecba7f6160, 0x000001ecba7f8b30, 0x000001ecba7f94f0, 0x000001ecba7fa290,
0x000001ecba7fb150, 0x000001ecba82e1a0, 0x000001ecba9fba10, 0x000001ecbab13a50,
0x000001ecdbd42890, 0x000001ecdb7c77e0, 0x000001ecdbb1ab90, 0x000001ecdaa41cb0,
0x000001ecdaa41290, 0x000001ecdaa421c0, 0x000001ecdaa3ea10, 0x000001ecdaa3ef20,
0x000001ecdaa3fe50, 0x000001ecdaa417a0, 0x000001ecdaa3f430, 0x000001ecdaa3f940,
0x000001ecdaa40360, 0x000001ecdaa40d80, 0x000001ecda30d010, 0x000001ecda309d70,
0x000001ecda30aca0, 0x000001ecda30f890, 0x000001ecda30b6c0, 0x000001ecda309350,
0x000001ecda308e40, 0x000001ecda30bbd0, 0x000001ecda308420, 0x000001ecda30d520,
0x000001ecda30fda0, 0x000001ecda30c0e0, 0x000001ecda30c5f0, 0x000001ecda30a790,
0x000001ecda308930, 0x000001ecda30df40, 0x000001ecda30e450, 0x000001ecda30e960,
0x000001ecda30ee70, 0x000001ecda30f380, 0x000001ecde489670, 0x000001ecde48d330,
0x000001ecde489160, 0x000001ecde48d840, 0x000001ecde48dd50, 0x000001ecde48c400,
0x000001ecde48e260, 0x000001ecde48afc0, 0x000001ecde48e770, 0x000001ecde48c910,
0x000001ecde48bef0, 0x000001ecde48b9e0, 0x000001ecde489b80, 0x000001ecde48ce20,
0x000001ecde48f190, 0x000001ecde48f6a0, 0x000001ecde48fbb0, 0x000001ecdb3582f0,
0x000001ecdb35b590, 0x000001ecdb35b080, 0x000001ecdb356eb0, 0x000001ecdb359220,
0x000001ecdb3573c0, 0x000001ecdb358800, 0x000001ecdb35de10, 0x000001ecdb3578d0,
0x000001ecdb35c4c0, 0x000001ecdb35a660, 0x000001ecdb358d10, 0x000001ecdb3569a0,
0x000001ecdb359730, 0x000001ecdb35e320, 0x000001ecdb357de0, 0x000001ecdd980150,
0x000001ecdfdb1b20, 0x000001ecdfdafcc0, 0x000001ecdfdb01d0, 0x000001ecdfdb1610,
0x000001ecdfdb1100, 0x000001ecdfdb0bf0, 0x000001ecdfdb2030, 0x000001ecdfdae880,
0x000001ecdaa40870, 0x000001ece6db3fa0, 0x000001ece6db58f0, 0x000001ece6db6310
}

Java Threads: ( => current thread )
  0x000001ec9a22fce0 JavaThread "main" [_thread_blocked, id=19168, stack(0x00000062c3c00000,0x00000062c3d00000)]
  0x000001ecba7d8a90 JavaThread "Reference Handler" daemon [_thread_blocked, id=15372, stack(0x00000062c4300000,0x00000062c4400000)]
  0x000001ecba7d9910 JavaThread "Finalizer" daemon [_thread_blocked, id=10012, stack(0x00000062c4400000,0x00000062c4500000)]
  0x000001ecba7f4430 JavaThread "Signal Dispatcher" daemon [_thread_blocked, id=18988, stack(0x00000062c4500000,0x00000062c4600000)]
  0x000001ecba7f6160 JavaThread "Attach Listener" daemon [_thread_blocked, id=21508, stack(0x00000062c4600000,0x00000062c4700000)]
  0x000001ecba7f8b30 JavaThread "Service Thread" daemon [_thread_blocked, id=10216, stack(0x00000062c4700000,0x00000062c4800000)]
  0x000001ecba7f94f0 JavaThread "Monitor Deflation Thread" daemon [_thread_blocked, id=18004, stack(0x00000062c4800000,0x00000062c4900000)]
  0x000001ecba7fa290 JavaThread "C2 CompilerThread0" daemon [_thread_blocked, id=9120, stack(0x00000062c4900000,0x00000062c4a00000)]
  0x000001ecba7fb150 JavaThread "C1 CompilerThread0" daemon [_thread_blocked, id=13932, stack(0x00000062c4a00000,0x00000062c4b00000)]
  0x000001ecba82e1a0 JavaThread "Sweeper thread" daemon [_thread_blocked, id=22024, stack(0x00000062c4b00000,0x00000062c4c00000)]
  0x000001ecba9fba10 JavaThread "Common-Cleaner" daemon [_thread_blocked, id=21656, stack(0x00000062c4c00000,0x00000062c4d00000)]
  0x000001ecbab13a50 JavaThread "Notification Thread" daemon [_thread_blocked, id=11428, stack(0x00000062c4d00000,0x00000062c4e00000)]
  0x000001ecdbd42890 JavaThread "Daemon health stats" [_thread_blocked, id=8808, stack(0x00000062c5300000,0x00000062c5400000)]
  0x000001ecdb7c77e0 JavaThread "Incoming local TCP Connector on port 64351" [_thread_in_native, id=22936, stack(0x00000062c4f00000,0x00000062c5000000)]
  0x000001ecdbb1ab90 JavaThread "Daemon periodic checks" [_thread_blocked, id=23068, stack(0x00000062c5400000,0x00000062c5500000)]
  0x000001ecdaa41cb0 JavaThread "Daemon" [_thread_blocked, id=3640, stack(0x00000062c5500000,0x00000062c5600000)]
  0x000001ecdaa41290 JavaThread "Handler for socket connection from /127.0.0.1:64351 to /127.0.0.1:64352" [_thread_in_native, id=4456, stack(0x00000062c5600000,0x00000062c5700000)]
  0x000001ecdaa421c0 JavaThread "Cancel handler" [_thread_blocked, id=8484, stack(0x00000062c5700000,0x00000062c5800000)]
  0x000001ecdaa3ea10 JavaThread "Daemon worker" [_thread_blocked, id=23376, stack(0x00000062c5800000,0x00000062c5900000)]
  0x000001ecdaa3ef20 JavaThread "Asynchronous log dispatcher for DefaultDaemonConnection: socket connection from /127.0.0.1:64351 to /127.0.0.1:64352" [_thread_blocked, id=23344, stack(0x00000062c5900000,0x00000062c5a00000)]
  0x000001ecdaa3fe50 JavaThread "Stdin handler" [_thread_blocked, id=21720, stack(0x00000062c5a00000,0x00000062c5b00000)]
  0x000001ecdaa417a0 JavaThread "Daemon client event forwarder" [_thread_blocked, id=7172, stack(0x00000062c5b00000,0x00000062c5c00000)]
  0x000001ecdaa3f430 JavaThread "Cache worker for journal cache (C:\Users\Hasan\.gradle\caches\journal-1)" [_thread_blocked, id=21360, stack(0x00000062c5c00000,0x00000062c5d00000)]
  0x000001ecdaa3f940 JavaThread "File lock request listener" [_thread_in_native, id=1088, stack(0x00000062c5d00000,0x00000062c5e00000)]
  0x000001ecdaa40360 JavaThread "Cache worker for file hash cache (C:\Users\Hasan\.gradle\caches\8.3\fileHashes)" [_thread_blocked, id=23124, stack(0x00000062c5f00000,0x00000062c6000000)]
  0x000001ecdaa40d80 JavaThread "File watcher server" daemon [_thread_in_native, id=23000, stack(0x00000062c6000000,0x00000062c6100000)]
  0x000001ecda30d010 JavaThread "File watcher consumer" daemon [_thread_blocked, id=21684, stack(0x00000062c6100000,0x00000062c6200000)]
  0x000001ecda309d70 JavaThread "Cache worker for checksums cache (F:\Hasan Ali\Bitfender\android\.gradle\8.3\checksums)" [_thread_blocked, id=22784, stack(0x00000062c5e00000,0x00000062c5f00000)]
  0x000001ecda30aca0 JavaThread "Cache worker for file hash cache (F:\Hasan Ali\Bitfender\android\.gradle\8.3\fileHashes)" [_thread_blocked, id=20004, stack(0x00000062c6200000,0x00000062c6300000)]
  0x000001ecda30f890 JavaThread "Cache worker for cache directory md-supplier (C:\Users\Hasan\.gradle\caches\8.3\md-supplier)" [_thread_blocked, id=18524, stack(0x00000062c6300000,0x00000062c6400000)]
  0x000001ecda30b6c0 JavaThread "Cache worker for file content cache (C:\Users\Hasan\.gradle\caches\8.3\fileContent)" [_thread_blocked, id=2552, stack(0x00000062c6400000,0x00000062c6500000)]
  0x000001ecda309350 JavaThread "Cache worker for cache directory md-rule (C:\Users\Hasan\.gradle\caches\8.3\md-rule)" [_thread_blocked, id=21436, stack(0x00000062c6500000,0x00000062c6600000)]
  0x000001ecda308e40 JavaThread "Cache worker for execution history cache (C:\Users\Hasan\.gradle\caches\8.3\executionHistory)" [_thread_blocked, id=15124, stack(0x00000062c6600000,0x00000062c6700000)]
  0x000001ecda30bbd0 JavaThread "jar transforms" [_thread_blocked, id=11496, stack(0x00000062c6900000,0x00000062c6a00000)]
  0x000001ecda308420 JavaThread "jar transforms Thread 2" [_thread_blocked, id=16064, stack(0x00000062c6a00000,0x00000062c6b00000)]
  0x000001ecda30d520 JavaThread "jar transforms Thread 3" [_thread_blocked, id=21376, stack(0x00000062c6b00000,0x00000062c6c00000)]
  0x000001ecda30fda0 JavaThread "jar transforms Thread 4" [_thread_blocked, id=16092, stack(0x00000062c6c00000,0x00000062c6d00000)]
  0x000001ecda30c0e0 JavaThread "Cache worker for kotlin-dsl (C:\Users\Hasan\.gradle\caches\8.3\kotlin-dsl)" [_thread_blocked, id=12488, stack(0x00000062c6d00000,0x00000062c6e00000)]
  0x000001ecda30c5f0 JavaThread "Unconstrained build operations" [_thread_blocked, id=2052, stack(0x00000062c6700000,0x00000062c6800000)]
  0x000001ecda30a790 JavaThread "Unconstrained build operations Thread 2" [_thread_blocked, id=22736, stack(0x00000062c6e00000,0x00000062c6f00000)]
  0x000001ecda308930 JavaThread "Cache worker for dependencies-accessors (F:\Hasan Ali\Bitfender\android\.gradle\8.3\dependencies-accessors)" [_thread_blocked, id=23032, stack(0x00000062c7000000,0x00000062c7100000)]
  0x000001ecda30df40 JavaThread "Cache worker for Build Output Cleanup Cache (F:\Hasan Ali\Bitfender\node_modules\@react-native\gradle-plugin\.gradle\buildOutputCleanup)" [_thread_blocked, id=10896, stack(0x00000062c7100000,0x00000062c7200000)]
  0x000001ecda30e450 JavaThread "Unconstrained build operations Thread 3" [_thread_blocked, id=2484, stack(0x00000062c6f00000,0x00000062c7000000)]
  0x000001ecda30e960 JavaThread "Unconstrained build operations Thread 4" [_thread_blocked, id=1484, stack(0x00000062c7200000,0x00000062c7300000)]
  0x000001ecda30ee70 JavaThread "Unconstrained build operations Thread 5" [_thread_blocked, id=2544, stack(0x00000062c7300000,0x00000062c7400000)]
  0x000001ecda30f380 JavaThread "Memory manager" [_thread_blocked, id=22612, stack(0x00000062c7500000,0x00000062c7600000)]
  0x000001ecde489670 JavaThread "Cache worker for Build Output Cleanup Cache (F:\Hasan Ali\Bitfender\android\.gradle\buildOutputCleanup)" [_thread_blocked, id=19132, stack(0x00000062c7400000,0x00000062c7500000)]
  0x000001ecde48d330 JavaThread "ForkJoinPool.commonPool-worker-1" daemon [_thread_blocked, id=12904, stack(0x00000062c7700000,0x00000062c7800000)]
  0x000001ecde489160 JavaThread "ForkJoinPool.commonPool-worker-2" daemon [_thread_blocked, id=6600, stack(0x00000062c7800000,0x00000062c7900000)]
  0x000001ecde48d840 JavaThread "ForkJoinPool.commonPool-worker-3" daemon [_thread_blocked, id=21424, stack(0x00000062c7900000,0x00000062c7a00000)]
  0x000001ecde48dd50 JavaThread "included builds" [_thread_blocked, id=22020, stack(0x00000062c7a00000,0x00000062c7b00000)]
  0x000001ecde48c400 JavaThread "Execution worker" [_thread_blocked, id=10560, stack(0x00000062c7b00000,0x00000062c7c00000)]
  0x000001ecde48e260 JavaThread "Execution worker Thread 2" [_thread_blocked, id=2616, stack(0x00000062c7c00000,0x00000062c7d00000)]
  0x000001ecde48afc0 JavaThread "Execution worker Thread 3" [_thread_blocked, id=23212, stack(0x00000062c7d00000,0x00000062c7e00000)]
  0x000001ecde48e770 JavaThread "Cache worker for execution history cache (F:\Hasan Ali\Bitfender\node_modules\@react-native\gradle-plugin\.gradle\8.3\executionHistory)" [_thread_blocked, id=23452, stack(0x00000062c7e00000,0x00000062c7f00000)]
  0x000001ecde48c910 JavaThread "Unconstrained build operations Thread 6" [_thread_blocked, id=19784, stack(0x00000062c7f00000,0x00000062c8000000)]
  0x000001ecde48bef0 JavaThread "Unconstrained build operations Thread 7" [_thread_blocked, id=2216, stack(0x00000062c8000000,0x00000062c8100000)]
  0x000001ecde48b9e0 JavaThread "Unconstrained build operations Thread 8" [_thread_blocked, id=22568, stack(0x00000062c8100000,0x00000062c8200000)]
  0x000001ecde489b80 JavaThread "Unconstrained build operations Thread 9" [_thread_blocked, id=5492, stack(0x00000062c8200000,0x00000062c8300000)]
  0x000001ecde48ce20 JavaThread "Unconstrained build operations Thread 10" [_thread_blocked, id=10064, stack(0x00000062c8300000,0x00000062c8400000)]
  0x000001ecde48f190 JavaThread "Unconstrained build operations Thread 11" [_thread_blocked, id=22860, stack(0x00000062c8400000,0x00000062c8500000)]
  0x000001ecde48f6a0 JavaThread "Unconstrained build operations Thread 12" [_thread_blocked, id=9492, stack(0x00000062c8500000,0x00000062c8600000)]
  0x000001ecde48fbb0 JavaThread "Unconstrained build operations Thread 13" [_thread_in_native, id=22284, stack(0x00000062c8600000,0x00000062c8700000)]
  0x000001ecdb3582f0 JavaThread "Unconstrained build operations Thread 14" [_thread_blocked, id=7468, stack(0x00000062c8900000,0x00000062c8a00000)]
  0x000001ecdb35b590 JavaThread "Unconstrained build operations Thread 15" [_thread_blocked, id=4164, stack(0x00000062c8a00000,0x00000062c8b00000)]
  0x000001ecdb35b080 JavaThread "Unconstrained build operations Thread 16" [_thread_blocked, id=11840, stack(0x00000062c8b00000,0x00000062c8c00000)]
  0x000001ecdb356eb0 JavaThread "Unconstrained build operations Thread 17" [_thread_blocked, id=20520, stack(0x00000062c8c00000,0x00000062c8d00000)]
  0x000001ecdb359220 JavaThread "Unconstrained build operations Thread 18" [_thread_blocked, id=15184, stack(0x00000062c8800000,0x00000062c8900000)]
  0x000001ecdb3573c0 JavaThread "Unconstrained build operations Thread 19" [_thread_blocked, id=5004, stack(0x00000062c8d00000,0x00000062c8e00000)]
  0x000001ecdb358800 JavaThread "Unconstrained build operations Thread 20" [_thread_blocked, id=9424, stack(0x00000062c8e00000,0x00000062c8f00000)]
  0x000001ecdb35de10 JavaThread "Unconstrained build operations Thread 21" [_thread_blocked, id=17816, stack(0x00000062c9000000,0x00000062c9100000)]
  0x000001ecdb3578d0 JavaThread "Unconstrained build operations Thread 22" [_thread_blocked, id=16640, stack(0x00000062c9100000,0x00000062c9200000)]
  0x000001ecdb35c4c0 JavaThread "Unconstrained build operations Thread 23" [_thread_blocked, id=15072, stack(0x00000062c9200000,0x00000062c9300000)]
  0x000001ecdb35a660 JavaThread "Unconstrained build operations Thread 24" [_thread_blocked, id=19528, stack(0x00000062c9300000,0x00000062c9400000)]
  0x000001ecdb358d10 JavaThread "Unconstrained build operations Thread 25" [_thread_blocked, id=2992, stack(0x00000062c9400000,0x00000062c9500000)]
  0x000001ecdb3569a0 JavaThread "Unconstrained build operations Thread 26" [_thread_blocked, id=11204, stack(0x00000062c9500000,0x00000062c9600000)]
  0x000001ecdb359730 JavaThread "Unconstrained build operations Thread 27" [_thread_blocked, id=6268, stack(0x00000062c9600000,0x00000062c9700000)]
  0x000001ecdb35e320 JavaThread "Unconstrained build operations Thread 28" [_thread_blocked, id=3656, stack(0x00000062c9700000,0x00000062c9800000)]
  0x000001ecdb357de0 JavaThread "Unconstrained build operations Thread 29" [_thread_blocked, id=23136, stack(0x00000062c9800000,0x00000062c9900000)]
=>0x000001ecdd980150 JavaThread "C2 CompilerThread1" daemon [_thread_in_native, id=2844, stack(0x00000062c8f00000,0x00000062c9000000)]
  0x000001ecdfdb1b20 JavaThread "Unconstrained build operations Thread 30" [_thread_blocked, id=15500, stack(0x00000062c9900000,0x00000062c9a00000)]
  0x000001ecdfdafcc0 JavaThread "Unconstrained build operations Thread 31" [_thread_blocked, id=6260, stack(0x00000062c9a00000,0x00000062c9b00000)]
  0x000001ecdfdb01d0 JavaThread "Unconstrained build operations Thread 32" [_thread_blocked, id=20432, stack(0x00000062c9b00000,0x00000062c9c00000)]
  0x000001ecdfdb1610 JavaThread "Unconstrained build operations Thread 33" [_thread_blocked, id=11740, stack(0x00000062c9c00000,0x00000062c9d00000)]
  0x000001ecdfdb1100 JavaThread "Unconstrained build operations Thread 34" [_thread_blocked, id=21016, stack(0x00000062c9d00000,0x00000062c9e00000)]
  0x000001ecdfdb0bf0 JavaThread "Unconstrained build operations Thread 35" [_thread_blocked, id=12368, stack(0x00000062c9e00000,0x00000062c9f00000)]
  0x000001ecdfdb2030 JavaThread "Unconstrained build operations Thread 36" [_thread_blocked, id=16284, stack(0x00000062c9f00000,0x00000062ca000000)]
  0x000001ecdfdae880 JavaThread "Unconstrained build operations Thread 37" [_thread_blocked, id=948, stack(0x00000062ca000000,0x00000062ca100000)]
  0x000001ecdaa40870 JavaThread "Unconstrained build operations Thread 38" [_thread_blocked, id=19840, stack(0x00000062ca100000,0x00000062ca200000)]
  0x000001ece6db3fa0 JavaThread "Unconstrained build operations Thread 39" [_thread_blocked, id=5040, stack(0x00000062ca200000,0x00000062ca300000)]
  0x000001ece6db58f0 JavaThread "Unconstrained build operations Thread 40" [_thread_blocked, id=20040, stack(0x00000062ca300000,0x00000062ca400000)]
  0x000001ece6db6310 JavaThread "Cache worker for execution history cache (F:\Hasan Ali\Bitfender\android\.gradle\8.3\executionHistory)" [_thread_blocked, id=17284, stack(0x00000062ca400000,0x00000062ca500000)]

Other Threads:
  0x000001ecba7ceae0 VMThread "VM Thread" [stack: 0x00000062c4200000,0x00000062c4300000] [id=23036]
  0x000001ecbaa6dda0 WatcherThread [stack: 0x00000062c4e00000,0x00000062c4f00000] [id=18616]
  0x000001ec9a289b50 GCTaskThread "GC Thread#0" [stack: 0x00000062c3d00000,0x00000062c3e00000] [id=23464]
  0x000001ecbab67310 GCTaskThread "GC Thread#1" [stack: 0x00000062c5000000,0x00000062c5100000] [id=13844]
  0x000001ecda282780 GCTaskThread "GC Thread#2" [stack: 0x00000062c5100000,0x00000062c5200000] [id=4392]
  0x000001ecda165880 GCTaskThread "GC Thread#3" [stack: 0x00000062c5200000,0x00000062c5300000] [id=13540]
  0x000001ec9a29bab0 ConcurrentGCThread "G1 Main Marker" [stack: 0x00000062c3e00000,0x00000062c3f00000] [id=9200]
  0x000001ec9a29c4c0 ConcurrentGCThread "G1 Conc#0" [stack: 0x00000062c3f00000,0x00000062c4000000] [id=20848]
  0x000001ecba68e140 ConcurrentGCThread "G1 Refine#0" [stack: 0x00000062c4000000,0x00000062c4100000] [id=10656]
  0x000001ecdbd41b80 ConcurrentGCThread "G1 Refine#1" [stack: 0x00000062c6800000,0x00000062c6900000] [id=23404]
  0x000001ecba68eb70 ConcurrentGCThread "G1 Service" [stack: 0x00000062c4100000,0x00000062c4200000] [id=23088]

Threads with active compile tasks:
C2 CompilerThread0    65005 15083       4       org.gradle.cache.internal.CrossProcessSynchronizingIndexedCache::getIfPresent (17 bytes)
C2 CompilerThread1    65005 15048   !   4       org.gradle.cache.internal.DefaultMultiProcessSafeIndexedCache::getIfPresent (25 bytes)

VM state: not at safepoint (normal execution)

VM Mutex/Monitor currently owned by a thread: None

Heap address: 0x0000000080000000, size: 2048 MB, Compressed Oops mode: 32-bit

CDS archive(s) mapped at: [0x000001ecbb000000-0x000001ecbbbd0000-0x000001ecbbbd0000), size 12386304, SharedBaseAddress: 0x000001ecbb000000, ArchiveRelocationMode: 1.
Compressed class space mapped at: 0x000001ecbc000000-0x000001ecd6000000, reserved size: 436207616
Narrow klass base: 0x000001ecbb000000, Narrow klass shift: 0, Narrow klass range: 0x100000000

GC Precious Log:
 CPUs: 4 total, 4 available
 Memory: 12176M
 Large Page Support: Disabled
 NUMA Support: Disabled
 Compressed Oops: Enabled (32-bit)
 Heap Region Size: 1M
 Heap Min Capacity: 8M
 Heap Initial Capacity: 192M
 Heap Max Capacity: 2G
 Pre-touch: Disabled
 Parallel Workers: 4
 Concurrent Workers: 1
 Concurrent Refinement Workers: 4
 Periodic GC: Disabled

Heap:
 garbage-first heap   total 271360K, used 180182K [0x0000000080000000, 0x0000000100000000)
  region size 1024K, 13 young (13312K), 7 survivors (7168K)
 Metaspace       used 99090K, committed 100224K, reserved 557056K
  class space    used 13865K, committed 14400K, reserved 425984K

Heap Regions: E=young(eden), S=young(survivor), O=old, HS=humongous(starts), HC=humongous(continues), CS=collection set, F=free, OA=open archive, CA=closed archive, TAMS=top-at-mark-start (previous, next)
|   0|0x0000000080000000, 0x0000000080100000, 0x0000000080100000|100%| O|  |TAMS 0x0000000080100000, 0x0000000080100000| Untracked 
|   1|0x0000000080100000, 0x0000000080200000, 0x0000000080200000|100%| O|  |TAMS 0x0000000080200000, 0x0000000080200000| Untracked 
|   2|0x0000000080200000, 0x0000000080300000, 0x0000000080300000|100%|HS|  |TAMS 0x0000000080300000, 0x0000000080300000| Complete 
|   3|0x0000000080300000, 0x0000000080400000, 0x0000000080400000|100%|HC|  |TAMS 0x0000000080400000, 0x0000000080400000| Complete 
|   4|0x0000000080400000, 0x0000000080500000, 0x0000000080500000|100%|HC|  |TAMS 0x0000000080500000, 0x0000000080500000| Complete 
|   5|0x0000000080500000, 0x0000000080600000, 0x0000000080600000|100%|HC|  |TAMS 0x0000000080600000, 0x0000000080600000| Complete 
|   6|0x0000000080600000, 0x0000000080700000, 0x0000000080700000|100%| O|  |TAMS 0x0000000080700000, 0x0000000080700000| Untracked 
|   7|0x0000000080700000, 0x0000000080800000, 0x0000000080800000|100%| O|  |TAMS 0x0000000080800000, 0x0000000080800000| Untracked 
|   8|0x0000000080800000, 0x0000000080900000, 0x0000000080900000|100%| O|  |TAMS 0x0000000080900000, 0x0000000080900000| Untracked 
|   9|0x0000000080900000, 0x0000000080a00000, 0x0000000080a00000|100%| O|  |TAMS 0x0000000080a00000, 0x0000000080a00000| Untracked 
|  10|0x0000000080a00000, 0x0000000080b00000, 0x0000000080b00000|100%| O|  |TAMS 0x0000000080b00000, 0x0000000080b00000| Untracked 
|  11|0x0000000080b00000, 0x0000000080c00000, 0x0000000080c00000|100%| O|  |TAMS 0x0000000080c00000, 0x0000000080c00000| Untracked 
|  12|0x0000000080c00000, 0x0000000080d00000, 0x0000000080d00000|100%| O|  |TAMS 0x0000000080d00000, 0x0000000080d00000| Untracked 
|  13|0x0000000080d00000, 0x0000000080e00000, 0x0000000080e00000|100%| O|  |TAMS 0x0000000080e00000, 0x0000000080e00000| Untracked 
|  14|0x0000000080e00000, 0x0000000080f00000, 0x0000000080f00000|100%| O|  |TAMS 0x0000000080f00000, 0x0000000080f00000| Untracked 
|  15|0x0000000080f00000, 0x0000000081000000, 0x0000000081000000|100%| O|  |TAMS 0x0000000081000000, 0x0000000081000000| Untracked 
|  16|0x0000000081000000, 0x0000000081100000, 0x0000000081100000|100%| O|  |TAMS 0x0000000081100000, 0x0000000081100000| Untracked 
|  17|0x0000000081100000, 0x0000000081200000, 0x0000000081200000|100%| O|  |TAMS 0x0000000081200000, 0x0000000081200000| Untracked 
|  18|0x0000000081200000, 0x0000000081300000, 0x0000000081300000|100%| O|  |TAMS 0x0000000081300000, 0x0000000081300000| Untracked 
|  19|0x0000000081300000, 0x0000000081400000, 0x0000000081400000|100%| O|  |TAMS 0x0000000081400000, 0x0000000081400000| Untracked 
|  20|0x0000000081400000, 0x0000000081500000, 0x0000000081500000|100%| O|  |TAMS 0x0000000081500000, 0x0000000081500000| Untracked 
|  21|0x0000000081500000, 0x0000000081600000, 0x0000000081600000|100%| O|  |TAMS 0x0000000081600000, 0x0000000081600000| Untracked 
|  22|0x0000000081600000, 0x0000000081700000, 0x0000000081700000|100%| O|  |TAMS 0x0000000081700000, 0x0000000081700000| Untracked 
|  23|0x0000000081700000, 0x0000000081800000, 0x0000000081800000|100%| O|  |TAMS 0x0000000081800000, 0x0000000081800000| Untracked 
|  24|0x0000000081800000, 0x0000000081900000, 0x0000000081900000|100%| O|  |TAMS 0x0000000081900000, 0x0000000081900000| Untracked 
|  25|0x0000000081900000, 0x0000000081a00000, 0x0000000081a00000|100%| O|  |TAMS 0x0000000081a00000, 0x0000000081a00000| Untracked 
|  26|0x0000000081a00000, 0x0000000081b00000, 0x0000000081b00000|100%| O|  |TAMS 0x0000000081b00000, 0x0000000081b00000| Untracked 
|  27|0x0000000081b00000, 0x0000000081c00000, 0x0000000081c00000|100%| O|  |TAMS 0x0000000081c00000, 0x0000000081c00000| Untracked 
|  28|0x0000000081c00000, 0x0000000081d00000, 0x0000000081d00000|100%| O|  |TAMS 0x0000000081d00000, 0x0000000081d00000| Untracked 
|  29|0x0000000081d00000, 0x0000000081e00000, 0x0000000081e00000|100%| O|  |TAMS 0x0000000081e00000, 0x0000000081e00000| Untracked 
|  30|0x0000000081e00000, 0x0000000081f00000, 0x0000000081f00000|100%| O|  |TAMS 0x0000000081f00000, 0x0000000081f00000| Untracked 
|  31|0x0000000081f00000, 0x0000000082000000, 0x0000000082000000|100%| O|  |TAMS 0x0000000082000000, 0x0000000082000000| Untracked 
|  32|0x0000000082000000, 0x0000000082100000, 0x0000000082100000|100%| O|  |TAMS 0x0000000082100000, 0x0000000082100000| Untracked 
|  33|0x0000000082100000, 0x0000000082200000, 0x0000000082200000|100%| O|  |TAMS 0x0000000082200000, 0x0000000082200000| Untracked 
|  34|0x0000000082200000, 0x0000000082300000, 0x0000000082300000|100%|HS|  |TAMS 0x0000000082300000, 0x0000000082300000| Complete 
|  35|0x0000000082300000, 0x0000000082400000, 0x0000000082400000|100%|HC|  |TAMS 0x0000000082400000, 0x0000000082400000| Complete 
|  36|0x0000000082400000, 0x0000000082500000, 0x0000000082500000|100%|HS|  |TAMS 0x0000000082500000, 0x0000000082500000| Complete 
|  37|0x0000000082500000, 0x0000000082600000, 0x0000000082600000|100%|HC|  |TAMS 0x0000000082600000, 0x0000000082600000| Complete 
|  38|0x0000000082600000, 0x0000000082700000, 0x0000000082700000|100%| O|  |TAMS 0x0000000082700000, 0x0000000082700000| Untracked 
|  39|0x0000000082700000, 0x0000000082800000, 0x0000000082800000|100%|HS|  |TAMS 0x0000000082800000, 0x0000000082800000| Complete 
|  40|0x0000000082800000, 0x0000000082900000, 0x0000000082900000|100%|HC|  |TAMS 0x0000000082900000, 0x0000000082900000| Complete 
|  41|0x0000000082900000, 0x0000000082a00000, 0x0000000082a00000|100%|HC|  |TAMS 0x0000000082a00000, 0x0000000082a00000| Complete 
|  42|0x0000000082a00000, 0x0000000082b00000, 0x0000000082b00000|100%|HC|  |TAMS 0x0000000082b00000, 0x0000000082b00000| Complete 
|  43|0x0000000082b00000, 0x0000000082c00000, 0x0000000082c00000|100%| O|  |TAMS 0x0000000082c00000, 0x0000000082c00000| Untracked 
|  44|0x0000000082c00000, 0x0000000082d00000, 0x0000000082d00000|100%| O|  |TAMS 0x0000000082d00000, 0x0000000082d00000| Untracked 
|  45|0x0000000082d00000, 0x0000000082e00000, 0x0000000082e00000|100%| O|  |TAMS 0x0000000082e00000, 0x0000000082e00000| Untracked 
|  46|0x0000000082e00000, 0x0000000082f00000, 0x0000000082f00000|100%| O|  |TAMS 0x0000000082f00000, 0x0000000082f00000| Untracked 
|  47|0x0000000082f00000, 0x0000000083000000, 0x0000000083000000|100%| O|  |TAMS 0x0000000083000000, 0x0000000083000000| Untracked 
|  48|0x0000000083000000, 0x0000000083100000, 0x0000000083100000|100%| O|  |TAMS 0x0000000083100000, 0x0000000083100000| Untracked 
|  49|0x0000000083100000, 0x0000000083200000, 0x0000000083200000|100%|HS|  |TAMS 0x0000000083200000, 0x0000000083200000| Complete 
|  50|0x0000000083200000, 0x0000000083300000, 0x0000000083300000|100%|HC|  |TAMS 0x0000000083300000, 0x0000000083300000| Complete 
|  51|0x0000000083300000, 0x0000000083400000, 0x0000000083400000|100%|HC|  |TAMS 0x0000000083400000, 0x0000000083400000| Complete 
|  52|0x0000000083400000, 0x0000000083500000, 0x0000000083500000|100%|HC|  |TAMS 0x0000000083500000, 0x0000000083500000| Complete 
|  53|0x0000000083500000, 0x0000000083600000, 0x0000000083600000|100%| O|  |TAMS 0x0000000083600000, 0x0000000083600000| Untracked 
|  54|0x0000000083600000, 0x0000000083700000, 0x0000000083700000|100%| O|  |TAMS 0x0000000083700000, 0x0000000083700000| Untracked 
|  55|0x0000000083700000, 0x0000000083800000, 0x0000000083800000|100%| O|  |TAMS 0x0000000083800000, 0x0000000083800000| Untracked 
|  56|0x0000000083800000, 0x0000000083900000, 0x0000000083900000|100%| O|  |TAMS 0x0000000083900000, 0x0000000083900000| Untracked 
|  57|0x0000000083900000, 0x0000000083a00000, 0x0000000083a00000|100%| O|  |TAMS 0x0000000083a00000, 0x0000000083a00000| Untracked 
|  58|0x0000000083a00000, 0x0000000083b00000, 0x0000000083b00000|100%| O|  |TAMS 0x0000000083b00000, 0x0000000083b00000| Untracked 
|  59|0x0000000083b00000, 0x0000000083c00000, 0x0000000083c00000|100%| O|  |TAMS 0x0000000083c00000, 0x0000000083c00000| Untracked 
|  60|0x0000000083c00000, 0x0000000083d00000, 0x0000000083d00000|100%| O|  |TAMS 0x0000000083d00000, 0x0000000083d00000| Untracked 
|  61|0x0000000083d00000, 0x0000000083e00000, 0x0000000083e00000|100%| O|  |TAMS 0x0000000083e00000, 0x0000000083e00000| Untracked 
|  62|0x0000000083e00000, 0x0000000083f00000, 0x0000000083f00000|100%|HS|  |TAMS 0x0000000083f00000, 0x0000000083f00000| Complete 
|  63|0x0000000083f00000, 0x0000000084000000, 0x0000000084000000|100%|HS|  |TAMS 0x0000000084000000, 0x0000000084000000| Complete 
|  64|0x0000000084000000, 0x0000000084100000, 0x0000000084100000|100%|HS|  |TAMS 0x0000000084100000, 0x0000000084100000| Complete 
|  65|0x0000000084100000, 0x0000000084200000, 0x0000000084200000|100%|HS|  |TAMS 0x0000000084200000, 0x0000000084200000| Complete 
|  66|0x0000000084200000, 0x0000000084300000, 0x0000000084300000|100%| O|  |TAMS 0x0000000084300000, 0x0000000084300000| Untracked 
|  67|0x0000000084300000, 0x0000000084400000, 0x0000000084400000|100%| O|  |TAMS 0x0000000084300000, 0x0000000084400000| Untracked 
|  68|0x0000000084400000, 0x0000000084500000, 0x0000000084500000|100%| O|  |TAMS 0x0000000084500000, 0x0000000084500000| Untracked 
|  69|0x0000000084500000, 0x0000000084600000, 0x0000000084600000|100%|HS|  |TAMS 0x0000000084600000, 0x0000000084600000| Complete 
|  70|0x0000000084600000, 0x0000000084700000, 0x0000000084700000|100%| O|  |TAMS 0x0000000084700000, 0x0000000084700000| Untracked 
|  71|0x0000000084700000, 0x0000000084800000, 0x0000000084800000|100%| O|  |TAMS 0x0000000084800000, 0x0000000084800000| Untracked 
|  72|0x0000000084800000, 0x0000000084900000, 0x0000000084900000|100%| O|  |TAMS 0x0000000084900000, 0x0000000084900000| Untracked 
|  73|0x0000000084900000, 0x0000000084a00000, 0x0000000084a00000|100%| O|  |TAMS 0x0000000084a00000, 0x0000000084a00000| Untracked 
|  74|0x0000000084a00000, 0x0000000084b00000, 0x0000000084b00000|100%| O|  |TAMS 0x0000000084b00000, 0x0000000084b00000| Untracked 
|  75|0x0000000084b00000, 0x0000000084c00000, 0x0000000084c00000|100%| O|  |TAMS 0x0000000084c00000, 0x0000000084c00000| Untracked 
|  76|0x0000000084c00000, 0x0000000084d00000, 0x0000000084d00000|100%| O|  |TAMS 0x0000000084d00000, 0x0000000084d00000| Untracked 
|  77|0x0000000084d00000, 0x0000000084e00000, 0x0000000084e00000|100%| O|  |TAMS 0x0000000084d00000, 0x0000000084e00000| Untracked 
|  78|0x0000000084e00000, 0x0000000084f00000, 0x0000000084f00000|100%| O|  |TAMS 0x0000000084f00000, 0x0000000084f00000| Untracked 
|  79|0x0000000084f00000, 0x0000000085000000, 0x0000000085000000|100%| O|  |TAMS 0x0000000085000000, 0x0000000085000000| Untracked 
|  80|0x0000000085000000, 0x0000000085100000, 0x0000000085100000|100%| O|  |TAMS 0x0000000085100000, 0x0000000085100000| Untracked 
|  81|0x0000000085100000, 0x0000000085200000, 0x0000000085200000|100%| O|  |TAMS 0x0000000085200000, 0x0000000085200000| Untracked 
|  82|0x0000000085200000, 0x0000000085300000, 0x0000000085300000|100%| O|  |TAMS 0x0000000085300000, 0x0000000085300000| Untracked 
|  83|0x0000000085300000, 0x0000000085400000, 0x0000000085400000|100%| O|  |TAMS 0x0000000085400000, 0x0000000085400000| Untracked 
|  84|0x0000000085400000, 0x0000000085500000, 0x0000000085500000|100%| O|  |TAMS 0x0000000085500000, 0x0000000085500000| Untracked 
|  85|0x0000000085500000, 0x0000000085600000, 0x0000000085600000|100%| O|  |TAMS 0x0000000085600000, 0x0000000085600000| Untracked 
|  86|0x0000000085600000, 0x0000000085700000, 0x0000000085700000|100%| O|  |TAMS 0x0000000085700000, 0x0000000085700000| Untracked 
|  87|0x0000000085700000, 0x0000000085800000, 0x0000000085800000|100%| O|  |TAMS 0x0000000085800000, 0x0000000085800000| Untracked 
|  88|0x0000000085800000, 0x0000000085900000, 0x0000000085900000|100%| O|  |TAMS 0x0000000085900000, 0x0000000085900000| Untracked 
|  89|0x0000000085900000, 0x0000000085a00000, 0x0000000085a00000|100%| O|  |TAMS 0x0000000085a00000, 0x0000000085a00000| Untracked 
|  90|0x0000000085a00000, 0x0000000085b00000, 0x0000000085b00000|100%| O|  |TAMS 0x0000000085b00000, 0x0000000085b00000| Untracked 
|  91|0x0000000085b00000, 0x0000000085c00000, 0x0000000085c00000|100%| O|  |TAMS 0x0000000085c00000, 0x0000000085c00000| Untracked 
|  92|0x0000000085c00000, 0x0000000085d00000, 0x0000000085d00000|100%| O|  |TAMS 0x0000000085d00000, 0x0000000085d00000| Untracked 
|  93|0x0000000085d00000, 0x0000000085e00000, 0x0000000085e00000|100%| O|  |TAMS 0x0000000085e00000, 0x0000000085e00000| Untracked 
|  94|0x0000000085e00000, 0x0000000085f00000, 0x0000000085f00000|100%| O|  |TAMS 0x0000000085f00000, 0x0000000085f00000| Untracked 
|  95|0x0000000085f00000, 0x0000000086000000, 0x0000000086000000|100%| O|  |TAMS 0x0000000086000000, 0x0000000086000000| Untracked 
|  96|0x0000000086000000, 0x0000000086100000, 0x0000000086100000|100%| O|  |TAMS 0x0000000086100000, 0x0000000086100000| Untracked 
|  97|0x0000000086100000, 0x0000000086200000, 0x0000000086200000|100%| O|  |TAMS 0x0000000086200000, 0x0000000086200000| Untracked 
|  98|0x0000000086200000, 0x0000000086300000, 0x0000000086300000|100%| O|  |TAMS 0x0000000086300000, 0x0000000086300000| Untracked 
|  99|0x0000000086300000, 0x0000000086400000, 0x0000000086400000|100%| O|  |TAMS 0x0000000086400000, 0x0000000086400000| Untracked 
| 100|0x0000000086400000, 0x0000000086500000, 0x0000000086500000|100%| O|  |TAMS 0x0000000086500000, 0x0000000086500000| Untracked 
| 101|0x0000000086500000, 0x0000000086600000, 0x0000000086600000|100%| O|  |TAMS 0x0000000086600000, 0x0000000086600000| Untracked 
| 102|0x0000000086600000, 0x0000000086700000, 0x0000000086700000|100%| O|  |TAMS 0x0000000086700000, 0x0000000086700000| Untracked 
| 103|0x0000000086700000, 0x0000000086800000, 0x0000000086800000|100%| O|  |TAMS 0x0000000086800000, 0x0000000086800000| Untracked 
| 104|0x0000000086800000, 0x0000000086900000, 0x0000000086900000|100%|HS|  |TAMS 0x0000000086900000, 0x0000000086900000| Complete 
| 105|0x0000000086900000, 0x0000000086a00000, 0x0000000086a00000|100%|HC|  |TAMS 0x0000000086a00000, 0x0000000086a00000| Complete 
| 106|0x0000000086a00000, 0x0000000086b00000, 0x0000000086b00000|100%| O|  |TAMS 0x0000000086b00000, 0x0000000086b00000| Untracked 
| 107|0x0000000086b00000, 0x0000000086c00000, 0x0000000086c00000|100%|HS|  |TAMS 0x0000000086c00000, 0x0000000086c00000| Complete 
| 108|0x0000000086c00000, 0x0000000086d00000, 0x0000000086d00000|100%| O|  |TAMS 0x0000000086d00000, 0x0000000086d00000| Untracked 
| 109|0x0000000086d00000, 0x0000000086e00000, 0x0000000086e00000|100%| O|  |TAMS 0x0000000086e00000, 0x0000000086e00000| Untracked 
| 110|0x0000000086e00000, 0x0000000086f00000, 0x0000000086f00000|100%| O|  |TAMS 0x0000000086f00000, 0x0000000086f00000| Untracked 
| 111|0x0000000086f00000, 0x0000000087000000, 0x0000000087000000|100%| O|  |TAMS 0x0000000087000000, 0x0000000087000000| Untracked 
| 112|0x0000000087000000, 0x0000000087100000, 0x0000000087100000|100%| O|  |TAMS 0x0000000087100000, 0x0000000087100000| Untracked 
| 113|0x0000000087100000, 0x0000000087200000, 0x0000000087200000|100%| O|  |TAMS 0x0000000087200000, 0x0000000087200000| Untracked 
| 114|0x0000000087200000, 0x0000000087300000, 0x0000000087300000|100%|HS|  |TAMS 0x0000000087300000, 0x0000000087300000| Complete 
| 115|0x0000000087300000, 0x0000000087400000, 0x0000000087400000|100%|HS|  |TAMS 0x0000000087400000, 0x0000000087400000| Complete 
| 116|0x0000000087400000, 0x0000000087500000, 0x0000000087500000|100%|HS|  |TAMS 0x0000000087500000, 0x0000000087500000| Complete 
| 117|0x0000000087500000, 0x0000000087600000, 0x0000000087600000|100%|HC|  |TAMS 0x0000000087600000, 0x0000000087600000| Complete 
| 118|0x0000000087600000, 0x0000000087700000, 0x0000000087700000|100%| O|  |TAMS 0x0000000087700000, 0x0000000087700000| Untracked 
| 119|0x0000000087700000, 0x0000000087800000, 0x0000000087800000|100%| O|  |TAMS 0x0000000087800000, 0x0000000087800000| Untracked 
| 120|0x0000000087800000, 0x0000000087900000, 0x0000000087900000|100%| O|  |TAMS 0x0000000087900000, 0x0000000087900000| Untracked 
| 121|0x0000000087900000, 0x0000000087a00000, 0x0000000087a00000|100%|HS|  |TAMS 0x0000000087a00000, 0x0000000087a00000| Complete 
| 122|0x0000000087a00000, 0x0000000087b00000, 0x0000000087b00000|100%| O|  |TAMS 0x0000000087b00000, 0x0000000087b00000| Untracked 
| 123|0x0000000087b00000, 0x0000000087c00000, 0x0000000087c00000|100%| O|  |TAMS 0x0000000087c00000, 0x0000000087c00000| Untracked 
| 124|0x0000000087c00000, 0x0000000087d00000, 0x0000000087d00000|100%| O|  |TAMS 0x0000000087d00000, 0x0000000087d00000| Untracked 
| 125|0x0000000087d00000, 0x0000000087e00000, 0x0000000087e00000|100%| O|  |TAMS 0x0000000087e00000, 0x0000000087e00000| Untracked 
| 126|0x0000000087e00000, 0x0000000087f00000, 0x0000000087f00000|100%| O|  |TAMS 0x0000000087f00000, 0x0000000087f00000| Untracked 
| 127|0x0000000087f00000, 0x0000000088000000, 0x0000000088000000|100%| O|  |TAMS 0x0000000088000000, 0x0000000088000000| Untracked 
| 128|0x0000000088000000, 0x0000000088100000, 0x0000000088100000|100%| O|  |TAMS 0x0000000088100000, 0x0000000088100000| Untracked 
| 129|0x0000000088100000, 0x0000000088200000, 0x0000000088200000|100%|HS|  |TAMS 0x0000000088200000, 0x0000000088200000| Complete 
| 130|0x0000000088200000, 0x0000000088300000, 0x0000000088300000|100%| O|  |TAMS 0x0000000088300000, 0x0000000088300000| Untracked 
| 131|0x0000000088300000, 0x0000000088400000, 0x0000000088400000|100%| O|  |TAMS 0x0000000088400000, 0x0000000088400000| Untracked 
| 132|0x0000000088400000, 0x0000000088500000, 0x0000000088500000|100%| O|  |TAMS 0x0000000088500000, 0x0000000088500000| Untracked 
| 133|0x0000000088500000, 0x0000000088600000, 0x0000000088600000|100%| O|  |TAMS 0x0000000088600000, 0x0000000088600000| Untracked 
| 134|0x0000000088600000, 0x0000000088700000, 0x0000000088700000|100%| O|  |TAMS 0x0000000088700000, 0x0000000088700000| Untracked 
| 135|0x0000000088700000, 0x0000000088800000, 0x0000000088800000|100%| O|  |TAMS 0x0000000088800000, 0x0000000088800000| Untracked 
| 136|0x0000000088800000, 0x0000000088900000, 0x0000000088900000|100%| O|  |TAMS 0x0000000088900000, 0x0000000088900000| Untracked 
| 137|0x0000000088900000, 0x0000000088a00000, 0x0000000088a00000|100%| O|  |TAMS 0x0000000088a00000, 0x0000000088a00000| Untracked 
| 138|0x0000000088a00000, 0x0000000088b00000, 0x0000000088b00000|100%| O|  |TAMS 0x0000000088b00000, 0x0000000088b00000| Untracked 
| 139|0x0000000088b00000, 0x0000000088c00000, 0x0000000088c00000|100%| O|  |TAMS 0x0000000088c00000, 0x0000000088c00000| Untracked 
| 140|0x0000000088c00000, 0x0000000088d00000, 0x0000000088d00000|100%| O|  |TAMS 0x0000000088d00000, 0x0000000088d00000| Untracked 
| 141|0x0000000088d00000, 0x0000000088e00000, 0x0000000088e00000|100%| O|  |TAMS 0x0000000088e00000, 0x0000000088e00000| Untracked 
| 142|0x0000000088e00000, 0x0000000088f00000, 0x0000000088f00000|100%|HS|  |TAMS 0x0000000088f00000, 0x0000000088f00000| Complete 
| 143|0x0000000088f00000, 0x0000000089000000, 0x0000000089000000|100%| O|  |TAMS 0x0000000089000000, 0x0000000089000000| Untracked 
| 144|0x0000000089000000, 0x0000000089100000, 0x0000000089100000|100%| O|  |TAMS 0x0000000089100000, 0x0000000089100000| Untracked 
| 145|0x0000000089100000, 0x0000000089200000, 0x0000000089200000|100%| O|  |TAMS 0x0000000089200000, 0x0000000089200000| Untracked 
| 146|0x0000000089200000, 0x0000000089300000, 0x0000000089300000|100%| O|  |TAMS 0x0000000089300000, 0x0000000089300000| Untracked 
| 147|0x0000000089300000, 0x0000000089400000, 0x0000000089400000|100%| O|  |TAMS 0x0000000089400000, 0x0000000089400000| Untracked 
| 148|0x0000000089400000, 0x0000000089500000, 0x0000000089500000|100%| O|  |TAMS 0x0000000089500000, 0x0000000089500000| Untracked 
| 149|0x0000000089500000, 0x0000000089600000, 0x0000000089600000|100%| O|  |TAMS 0x0000000089600000, 0x0000000089600000| Untracked 
| 150|0x0000000089600000, 0x0000000089700000, 0x0000000089700000|100%| O|  |TAMS 0x0000000089700000, 0x0000000089700000| Untracked 
| 151|0x0000000089700000, 0x0000000089800000, 0x0000000089800000|100%| O|  |TAMS 0x000000008976d408, 0x0000000089800000| Untracked 
| 152|0x0000000089800000, 0x0000000089900000, 0x0000000089900000|100%| O|  |TAMS 0x0000000089800000, 0x0000000089900000| Untracked 
| 153|0x0000000089900000, 0x0000000089a00000, 0x0000000089a00000|100%| O|  |TAMS 0x0000000089900000, 0x0000000089a00000| Untracked 
| 154|0x0000000089a00000, 0x0000000089b00000, 0x0000000089b00000|100%| O|  |TAMS 0x0000000089a00000, 0x0000000089b00000| Untracked 
| 155|0x0000000089b00000, 0x0000000089c00000, 0x0000000089c00000|100%| O|  |TAMS 0x0000000089b00000, 0x0000000089c00000| Untracked 
| 156|0x0000000089c00000, 0x0000000089d00000, 0x0000000089d00000|100%| O|  |TAMS 0x0000000089c00000, 0x0000000089d00000| Untracked 
| 157|0x0000000089d00000, 0x0000000089e00000, 0x0000000089e00000|100%| O|  |TAMS 0x0000000089d00000, 0x0000000089e00000| Untracked 
| 158|0x0000000089e00000, 0x0000000089f00000, 0x0000000089f00000|100%| O|  |TAMS 0x0000000089e00000, 0x0000000089f00000| Untracked 
| 159|0x0000000089f00000, 0x000000008a000000, 0x000000008a000000|100%| O|  |TAMS 0x0000000089f00000, 0x000000008a000000| Untracked 
| 160|0x000000008a000000, 0x000000008a100000, 0x000000008a100000|100%| O|  |TAMS 0x000000008a000000, 0x000000008a100000| Untracked 
| 161|0x000000008a100000, 0x000000008a200000, 0x000000008a200000|100%| O|  |TAMS 0x000000008a100000, 0x000000008a200000| Untracked 
| 162|0x000000008a200000, 0x000000008a300000, 0x000000008a300000|100%| O|  |TAMS 0x000000008a200000, 0x000000008a300000| Untracked 
| 163|0x000000008a300000, 0x000000008a3f5800, 0x000000008a400000| 95%| O|  |TAMS 0x000000008a300000, 0x000000008a354400| Untracked 
| 164|0x000000008a400000, 0x000000008a400000, 0x000000008a500000|  0%| F|  |TAMS 0x000000008a400000, 0x000000008a400000| Untracked 
| 165|0x000000008a500000, 0x000000008a500000, 0x000000008a600000|  0%| F|  |TAMS 0x000000008a500000, 0x000000008a500000| Untracked 
| 166|0x000000008a600000, 0x000000008a600000, 0x000000008a700000|  0%| F|  |TAMS 0x000000008a600000, 0x000000008a600000| Untracked 
| 167|0x000000008a700000, 0x000000008a700000, 0x000000008a800000|  0%| F|  |TAMS 0x000000008a700000, 0x000000008a700000| Untracked 
| 168|0x000000008a800000, 0x000000008a800000, 0x000000008a900000|  0%| F|  |TAMS 0x000000008a800000, 0x000000008a800000| Untracked 
| 169|0x000000008a900000, 0x000000008a900000, 0x000000008aa00000|  0%| F|  |TAMS 0x000000008a900000, 0x000000008a900000| Untracked 
| 170|0x000000008aa00000, 0x000000008aa00000, 0x000000008ab00000|  0%| F|  |TAMS 0x000000008aa00000, 0x000000008aa00000| Untracked 
| 171|0x000000008ab00000, 0x000000008ab00000, 0x000000008ac00000|  0%| F|  |TAMS 0x000000008ab00000, 0x000000008ab00000| Untracked 
| 172|0x000000008ac00000, 0x000000008ac00000, 0x000000008ad00000|  0%| F|  |TAMS 0x000000008ac00000, 0x000000008ac00000| Untracked 
| 173|0x000000008ad00000, 0x000000008ad00000, 0x000000008ae00000|  0%| F|  |TAMS 0x000000008ad00000, 0x000000008ad00000| Untracked 
| 174|0x000000008ae00000, 0x000000008ae00000, 0x000000008af00000|  0%| F|  |TAMS 0x000000008ae00000, 0x000000008ae00000| Untracked 
| 175|0x000000008af00000, 0x000000008af00000, 0x000000008b000000|  0%| F|  |TAMS 0x000000008af00000, 0x000000008af00000| Untracked 
| 176|0x000000008b000000, 0x000000008b000000, 0x000000008b100000|  0%| F|  |TAMS 0x000000008b000000, 0x000000008b000000| Untracked 
| 177|0x000000008b100000, 0x000000008b100000, 0x000000008b200000|  0%| F|  |TAMS 0x000000008b100000, 0x000000008b100000| Untracked 
| 178|0x000000008b200000, 0x000000008b200000, 0x000000008b300000|  0%| F|  |TAMS 0x000000008b200000, 0x000000008b200000| Untracked 
| 179|0x000000008b300000, 0x000000008b300000, 0x000000008b400000|  0%| F|  |TAMS 0x000000008b300000, 0x000000008b300000| Untracked 
| 180|0x000000008b400000, 0x000000008b400000, 0x000000008b500000|  0%| F|  |TAMS 0x000000008b400000, 0x000000008b400000| Untracked 
| 181|0x000000008b500000, 0x000000008b500000, 0x000000008b600000|  0%| F|  |TAMS 0x000000008b500000, 0x000000008b500000| Untracked 
| 182|0x000000008b600000, 0x000000008b600000, 0x000000008b700000|  0%| F|  |TAMS 0x000000008b600000, 0x000000008b600000| Untracked 
| 183|0x000000008b700000, 0x000000008b700000, 0x000000008b800000|  0%| F|  |TAMS 0x000000008b700000, 0x000000008b700000| Untracked 
| 184|0x000000008b800000, 0x000000008b800000, 0x000000008b900000|  0%| F|  |TAMS 0x000000008b800000, 0x000000008b800000| Untracked 
| 185|0x000000008b900000, 0x000000008b900000, 0x000000008ba00000|  0%| F|  |TAMS 0x000000008b900000, 0x000000008b900000| Untracked 
| 186|0x000000008ba00000, 0x000000008ba00000, 0x000000008bb00000|  0%| F|  |TAMS 0x000000008ba00000, 0x000000008ba00000| Untracked 
| 187|0x000000008bb00000, 0x000000008bb00000, 0x000000008bc00000|  0%| F|  |TAMS 0x000000008bb00000, 0x000000008bb00000| Untracked 
| 188|0x000000008bc00000, 0x000000008bc00000, 0x000000008bd00000|  0%| F|  |TAMS 0x000000008bc00000, 0x000000008bc00000| Untracked 
| 189|0x000000008bd00000, 0x000000008bd00000, 0x000000008be00000|  0%| F|  |TAMS 0x000000008bd00000, 0x000000008bd00000| Untracked 
| 190|0x000000008be00000, 0x000000008be00000, 0x000000008bf00000|  0%| F|  |TAMS 0x000000008be00000, 0x000000008be00000| Untracked 
| 191|0x000000008bf00000, 0x000000008bf00000, 0x000000008c000000|  0%| F|  |TAMS 0x000000008bf00000, 0x000000008bf00000| Untracked 
| 192|0x000000008c000000, 0x000000008c000000, 0x000000008c100000|  0%| F|  |TAMS 0x000000008c000000, 0x000000008c000000| Untracked 
| 193|0x000000008c100000, 0x000000008c100000, 0x000000008c200000|  0%| F|  |TAMS 0x000000008c100000, 0x000000008c100000| Untracked 
| 194|0x000000008c200000, 0x000000008c200000, 0x000000008c300000|  0%| F|  |TAMS 0x000000008c200000, 0x000000008c200000| Untracked 
| 195|0x000000008c300000, 0x000000008c300000, 0x000000008c400000|  0%| F|  |TAMS 0x000000008c300000, 0x000000008c300000| Untracked 
| 196|0x000000008c400000, 0x000000008c400000, 0x000000008c500000|  0%| F|  |TAMS 0x000000008c400000, 0x000000008c400000| Untracked 
| 197|0x000000008c500000, 0x000000008c500000, 0x000000008c600000|  0%| F|  |TAMS 0x000000008c500000, 0x000000008c500000| Untracked 
| 198|0x000000008c600000, 0x000000008c600000, 0x000000008c700000|  0%| F|  |TAMS 0x000000008c600000, 0x000000008c600000| Untracked 
| 199|0x000000008c700000, 0x000000008c700000, 0x000000008c800000|  0%| F|  |TAMS 0x000000008c700000, 0x000000008c700000| Untracked 
| 200|0x000000008c800000, 0x000000008c800000, 0x000000008c900000|  0%| F|  |TAMS 0x000000008c800000, 0x000000008c800000| Untracked 
| 201|0x000000008c900000, 0x000000008c900000, 0x000000008ca00000|  0%| F|  |TAMS 0x000000008c900000, 0x000000008c900000| Untracked 
| 202|0x000000008ca00000, 0x000000008ca00000, 0x000000008cb00000|  0%| F|  |TAMS 0x000000008ca00000, 0x000000008ca00000| Untracked 
| 203|0x000000008cb00000, 0x000000008cb00000, 0x000000008cc00000|  0%| F|  |TAMS 0x000000008cb00000, 0x000000008cb00000| Untracked 
| 204|0x000000008cc00000, 0x000000008cc00000, 0x000000008cd00000|  0%| F|  |TAMS 0x000000008cc00000, 0x000000008cc00000| Untracked 
| 205|0x000000008cd00000, 0x000000008cd00000, 0x000000008ce00000|  0%| F|  |TAMS 0x000000008cd00000, 0x000000008cd00000| Untracked 
| 206|0x000000008ce00000, 0x000000008ce00000, 0x000000008cf00000|  0%| F|  |TAMS 0x000000008ce00000, 0x000000008ce00000| Untracked 
| 207|0x000000008cf00000, 0x000000008cf00000, 0x000000008d000000|  0%| F|  |TAMS 0x000000008cf00000, 0x000000008cf00000| Untracked 
| 208|0x000000008d000000, 0x000000008d100000, 0x000000008d100000|100%| S|CS|TAMS 0x000000008d000000, 0x000000008d000000| Complete 
| 209|0x000000008d100000, 0x000000008d100000, 0x000000008d200000|  0%| F|  |TAMS 0x000000008d100000, 0x000000008d100000| Untracked 
| 210|0x000000008d200000, 0x000000008d200000, 0x000000008d300000|  0%| F|  |TAMS 0x000000008d200000, 0x000000008d200000| Untracked 
| 211|0x000000008d300000, 0x000000008d400000, 0x000000008d400000|100%| S|CS|TAMS 0x000000008d300000, 0x000000008d300000| Complete 
| 212|0x000000008d400000, 0x000000008d500000, 0x000000008d500000|100%| S|CS|TAMS 0x000000008d400000, 0x000000008d400000| Complete 
| 213|0x000000008d500000, 0x000000008d600000, 0x000000008d600000|100%| S|CS|TAMS 0x000000008d500000, 0x000000008d500000| Complete 
| 214|0x000000008d600000, 0x000000008d700000, 0x000000008d700000|100%| S|CS|TAMS 0x000000008d600000, 0x000000008d600000| Complete 
| 215|0x000000008d700000, 0x000000008d800000, 0x000000008d800000|100%| S|CS|TAMS 0x000000008d700000, 0x000000008d700000| Complete 
| 216|0x000000008d800000, 0x000000008d900000, 0x000000008d900000|100%| S|CS|TAMS 0x000000008d800000, 0x000000008d800000| Complete 
| 217|0x000000008d900000, 0x000000008d900000, 0x000000008da00000|  0%| F|  |TAMS 0x000000008d900000, 0x000000008d900000| Untracked 
| 218|0x000000008da00000, 0x000000008da00000, 0x000000008db00000|  0%| F|  |TAMS 0x000000008da00000, 0x000000008da00000| Untracked 
| 219|0x000000008db00000, 0x000000008db00000, 0x000000008dc00000|  0%| F|  |TAMS 0x000000008db00000, 0x000000008db00000| Untracked 
| 220|0x000000008dc00000, 0x000000008dc00000, 0x000000008dd00000|  0%| F|  |TAMS 0x000000008dc00000, 0x000000008dc00000| Untracked 
| 221|0x000000008dd00000, 0x000000008dd00000, 0x000000008de00000|  0%| F|  |TAMS 0x000000008dd00000, 0x000000008dd00000| Untracked 
| 222|0x000000008de00000, 0x000000008de00000, 0x000000008df00000|  0%| F|  |TAMS 0x000000008de00000, 0x000000008de00000| Untracked 
| 223|0x000000008df00000, 0x000000008df00000, 0x000000008e000000|  0%| F|  |TAMS 0x000000008df00000, 0x000000008df00000| Untracked 
| 224|0x000000008e000000, 0x000000008e000000, 0x000000008e100000|  0%| F|  |TAMS 0x000000008e000000, 0x000000008e000000| Untracked 
| 225|0x000000008e100000, 0x000000008e100000, 0x000000008e200000|  0%| F|  |TAMS 0x000000008e100000, 0x000000008e100000| Untracked 
| 226|0x000000008e200000, 0x000000008e200000, 0x000000008e300000|  0%| F|  |TAMS 0x000000008e200000, 0x000000008e200000| Untracked 
| 227|0x000000008e300000, 0x000000008e300000, 0x000000008e400000|  0%| F|  |TAMS 0x000000008e300000, 0x000000008e300000| Untracked 
| 228|0x000000008e400000, 0x000000008e400000, 0x000000008e500000|  0%| F|  |TAMS 0x000000008e400000, 0x000000008e400000| Untracked 
| 229|0x000000008e500000, 0x000000008e500000, 0x000000008e600000|  0%| F|  |TAMS 0x000000008e500000, 0x000000008e500000| Untracked 
| 230|0x000000008e600000, 0x000000008e600000, 0x000000008e700000|  0%| F|  |TAMS 0x000000008e600000, 0x000000008e600000| Untracked 
| 231|0x000000008e700000, 0x000000008e700000, 0x000000008e800000|  0%| F|  |TAMS 0x000000008e700000, 0x000000008e700000| Untracked 
| 232|0x000000008e800000, 0x000000008e800000, 0x000000008e900000|  0%| F|  |TAMS 0x000000008e800000, 0x000000008e800000| Untracked 
| 233|0x000000008e900000, 0x000000008e900000, 0x000000008ea00000|  0%| F|  |TAMS 0x000000008e900000, 0x000000008e900000| Untracked 
| 234|0x000000008ea00000, 0x000000008ea00000, 0x000000008eb00000|  0%| F|  |TAMS 0x000000008ea00000, 0x000000008ea00000| Untracked 
| 235|0x000000008eb00000, 0x000000008eb00000, 0x000000008ec00000|  0%| F|  |TAMS 0x000000008eb00000, 0x000000008eb00000| Untracked 
| 236|0x000000008ec00000, 0x000000008ec00000, 0x000000008ed00000|  0%| F|  |TAMS 0x000000008ec00000, 0x000000008ec00000| Untracked 
| 237|0x000000008ed00000, 0x000000008ed00000, 0x000000008ee00000|  0%| F|  |TAMS 0x000000008ed00000, 0x000000008ed00000| Untracked 
| 238|0x000000008ee00000, 0x000000008ee00000, 0x000000008ef00000|  0%| F|  |TAMS 0x000000008ee00000, 0x000000008ee00000| Untracked 
| 239|0x000000008ef00000, 0x000000008ef00000, 0x000000008f000000|  0%| F|  |TAMS 0x000000008ef00000, 0x000000008ef00000| Untracked 
| 240|0x000000008f000000, 0x000000008f000000, 0x000000008f100000|  0%| F|  |TAMS 0x000000008f000000, 0x000000008f000000| Untracked 
| 241|0x000000008f100000, 0x000000008f100000, 0x000000008f200000|  0%| F|  |TAMS 0x000000008f100000, 0x000000008f100000| Untracked 
| 242|0x000000008f200000, 0x000000008f200000, 0x000000008f300000|  0%| F|  |TAMS 0x000000008f200000, 0x000000008f200000| Untracked 
| 243|0x000000008f300000, 0x000000008f300000, 0x000000008f400000|  0%| F|  |TAMS 0x000000008f300000, 0x000000008f300000| Untracked 
| 244|0x000000008f400000, 0x000000008f400000, 0x000000008f500000|  0%| F|  |TAMS 0x000000008f400000, 0x000000008f400000| Untracked 
| 245|0x000000008f500000, 0x000000008f500000, 0x000000008f600000|  0%| F|  |TAMS 0x000000008f500000, 0x000000008f500000| Untracked 
| 246|0x000000008f600000, 0x000000008f600000, 0x000000008f700000|  0%| F|  |TAMS 0x000000008f600000, 0x000000008f600000| Untracked 
| 247|0x000000008f700000, 0x000000008f700000, 0x000000008f800000|  0%| F|  |TAMS 0x000000008f700000, 0x000000008f700000| Untracked 
| 248|0x000000008f800000, 0x000000008f800000, 0x000000008f900000|  0%| F|  |TAMS 0x000000008f800000, 0x000000008f800000| Untracked 
| 249|0x000000008f900000, 0x000000008f900000, 0x000000008fa00000|  0%| F|  |TAMS 0x000000008f900000, 0x000000008f900000| Untracked 
| 250|0x000000008fa00000, 0x000000008fa00000, 0x000000008fb00000|  0%| F|  |TAMS 0x000000008fa00000, 0x000000008fa00000| Untracked 
| 251|0x000000008fb00000, 0x000000008fb00000, 0x000000008fc00000|  0%| F|  |TAMS 0x000000008fb00000, 0x000000008fb00000| Untracked 
| 252|0x000000008fc00000, 0x000000008fc00000, 0x000000008fd00000|  0%| F|  |TAMS 0x000000008fc00000, 0x000000008fc00000| Untracked 
| 253|0x000000008fd00000, 0x000000008fd00000, 0x000000008fe00000|  0%| F|  |TAMS 0x000000008fd00000, 0x000000008fd00000| Untracked 
| 254|0x000000008fe00000, 0x000000008fe00000, 0x000000008ff00000|  0%| F|  |TAMS 0x000000008fe00000, 0x000000008fe00000| Untracked 
| 255|0x000000008ff00000, 0x000000008ff00000, 0x0000000090000000|  0%| F|  |TAMS 0x000000008ff00000, 0x000000008ff00000| Untracked 
| 256|0x0000000090000000, 0x0000000090000000, 0x0000000090100000|  0%| F|  |TAMS 0x0000000090000000, 0x0000000090000000| Untracked 
| 257|0x0000000090100000, 0x000000009010f180, 0x0000000090200000|  5%| E|  |TAMS 0x0000000090100000, 0x0000000090100000| Complete 
| 258|0x0000000090200000, 0x0000000090300000, 0x0000000090300000|100%| E|CS|TAMS 0x0000000090200000, 0x0000000090200000| Complete 
| 259|0x0000000090300000, 0x0000000090400000, 0x0000000090400000|100%| E|CS|TAMS 0x0000000090300000, 0x0000000090300000| Complete 
| 260|0x0000000090400000, 0x0000000090500000, 0x0000000090500000|100%| E|CS|TAMS 0x0000000090400000, 0x0000000090400000| Complete 
| 261|0x0000000090500000, 0x0000000090600000, 0x0000000090600000|100%| E|CS|TAMS 0x0000000090500000, 0x0000000090500000| Complete 
| 262|0x0000000090600000, 0x0000000090700000, 0x0000000090700000|100%| E|CS|TAMS 0x0000000090600000, 0x0000000090600000| Complete 
| 263|0x0000000090700000, 0x0000000090800000, 0x0000000090800000|100%| E|CS|TAMS 0x0000000090700000, 0x0000000090700000| Complete 
| 264|0x0000000090800000, 0x0000000090900000, 0x0000000090900000|100%| E|CS|TAMS 0x0000000090800000, 0x0000000090800000| Complete 

Card table byte_map: [0x000001ecb39d0000,0x000001ecb3dd0000] _byte_map_base: 0x000001ecb35d0000

Marking Bits (Prev, Next): (CMBitMap*) 0x000001ec9a28a1b0, (CMBitMap*) 0x000001ec9a28a170
 Prev Bits: [0x000001ecb61d0000, 0x000001ecb81d0000)
 Next Bits: [0x000001ecb41d0000, 0x000001ecb61d0000)

Polling page: 0x000001ec9a3b0000

Metaspace:

Usage:
  Non-class:     83.23 MB used.
      Class:     13.54 MB used.
       Both:     96.77 MB used.

Virtual space:
  Non-class space:      128.00 MB reserved,      83.81 MB ( 65%) committed,  2 nodes.
      Class space:      416.00 MB reserved,      14.06 MB (  3%) committed,  1 nodes.
             Both:      544.00 MB reserved,      97.88 MB ( 18%) committed. 

Chunk freelists:
   Non-Class:  11.41 MB
       Class:  1.89 MB
        Both:  13.29 MB

MaxMetaspaceSize: 512.00 MB
CompressedClassSpaceSize: 416.00 MB
Initial GC threshold: 21.00 MB
Current GC threshold: 157.62 MB
CDS: on
MetaspaceReclaimPolicy: balanced
 - commit_granule_bytes: 65536.
 - commit_granule_words: 8192.
 - virtual_space_node_default_size: 8388608.
 - enlarge_chunks_in_place: 1.
 - new_chunks_are_fully_committed: 0.
 - uncommit_free_chunks: 1.
 - use_allocation_guard: 0.
 - handle_deallocations: 1.


Internal statistics:

num_allocs_failed_limit: 6.
num_arena_births: 1328.
num_arena_deaths: 0.
num_vsnodes_births: 3.
num_vsnodes_deaths: 0.
num_space_committed: 1566.
num_space_uncommitted: 0.
num_chunks_returned_to_freelist: 6.
num_chunks_taken_from_freelist: 5729.
num_chunk_merges: 6.
num_chunk_splits: 3672.
num_chunks_enlarged: 2304.
num_inconsistent_stats: 0.

CodeHeap 'non-profiled nmethods': size=120000Kb used=8467Kb max_used=8467Kb free=111532Kb
 bounds [0x000001ecabd70000, 0x000001ecac5c0000, 0x000001ecb32a0000]
CodeHeap 'profiled nmethods': size=120000Kb used=24911Kb max_used=24911Kb free=95088Kb
 bounds [0x000001eca42a0000, 0x000001eca5b00000, 0x000001ecab7d0000]
CodeHeap 'non-nmethods': size=5760Kb used=2396Kb max_used=2477Kb free=3364Kb
 bounds [0x000001ecab7d0000, 0x000001ecaba50000, 0x000001ecabd70000]
 total_blobs=13755 nmethods=12826 adapters=841
 compilation: enabled
              stopped_count=0, restarted_count=0
 full_count=0

Compilation events (20 events):
Event: 64.734 Thread 0x000001ecba7fa290 nmethod 15049 0x000001ecac59d190 code [0x000001ecac59d320, 0x000001ecac59d3f8]
Event: 64.749 Thread 0x000001ecba7fa290 15051       4       java.util.TimSort::countRunAndMakeAscending (128 bytes)
Event: 64.756 Thread 0x000001ecba7fa290 nmethod 15051 0x000001ecac59d490 code [0x000001ecac59d620, 0x000001ecac59db98]
Event: 64.756 Thread 0x000001ecba7fa290 15052       4       java.lang.String::encodeUTF8 (141 bytes)
Event: 64.758 Thread 0x000001ecba7fa290 nmethod 15052 0x000001ecac59de90 code [0x000001ecac59e020, 0x000001ecac59e268]
Event: 64.758 Thread 0x000001ecba7fa290 15053       4       org.gradle.internal.snapshot.DirectorySnapshot$$Lambda$481/0x000001ecbc42ea58::apply (8 bytes)
Event: 64.761 Thread 0x000001ecba7fa290 nmethod 15053 0x000001ecac59e410 code [0x000001ecac59e5a0, 0x000001ecac59e878]
Event: 64.761 Thread 0x000001ecba7fa290 15054       4       org.gradle.internal.file.impl.DefaultFileMetadata::file (15 bytes)
Event: 64.761 Thread 0x000001ecba7fa290 nmethod 15054 0x000001ecac59e990 code [0x000001ecac59eb20, 0x000001ecac59ebf8]
Event: 64.761 Thread 0x000001ecba7fa290 15055       4       com.google.common.base.Ticker$1::read (4 bytes)
Event: 64.762 Thread 0x000001ecba7fa290 nmethod 15055 0x000001ecac59ec90 code [0x000001ecac59ee00, 0x000001ecac59ee98]
Event: 64.763 Thread 0x000001ecba7fa290 15056   !   4       java.util.concurrent.FutureTask::run (123 bytes)
Event: 64.770 Thread 0x000001ecba7fa290 nmethod 15056 0x000001ecac59f290 code [0x000001ecac59f440, 0x000001ecac59f9e8]
Event: 64.770 Thread 0x000001ecba7fa290 15059       4       com.google.common.util.concurrent.AbstractFuture::set (32 bytes)
Event: 64.773 Thread 0x000001ecba7fa290 nmethod 15059 0x000001ecac59fd90 code [0x000001ecac59ff20, 0x000001ecac5a0238]
Event: 64.773 Thread 0x000001ecba7fa290 15060       4       com.google.common.util.concurrent.AbstractFuture$UnsafeAtomicHelper::casValue (13 bytes)
Event: 64.774 Thread 0x000001ecba7fa290 nmethod 15060 0x000001ecac5a0390 code [0x000001ecac5a0500, 0x000001ecac5a0658]
Event: 64.774 Thread 0x000001ecba7fa290 15061   !   4       org.gradle.internal.serialize.kryo.KryoBackedDecoder::readLong (15 bytes)
Event: 64.779 Thread 0x000001ecba7fa290 nmethod 15061 0x000001ecac5a0710 code [0x000001ecac5a08c0, 0x000001ecac5a0de8]
Event: 64.779 Thread 0x000001ecba7fa290 15062       4       com.esotericsoftware.kryo.io.Input::readLong (181 bytes)

GC Heap History (20 events):
Event: 58.533 GC heap before
{Heap before GC invocations=64 (full 0):
 garbage-first heap   total 258048K, used 175186K [0x0000000080000000, 0x0000000100000000)
  region size 1024K, 43 young (44032K), 3 survivors (3072K)
 Metaspace       used 90357K, committed 91392K, reserved 557056K
  class space    used 12692K, committed 13184K, reserved 425984K
}
Event: 58.548 GC heap after
{Heap after GC invocations=65 (full 0):
 garbage-first heap   total 258048K, used 144418K [0x0000000080000000, 0x0000000100000000)
  region size 1024K, 6 young (6144K), 6 survivors (6144K)
 Metaspace       used 90357K, committed 91392K, reserved 557056K
  class space    used 12692K, committed 13184K, reserved 425984K
}
Event: 59.016 GC heap before
{Heap before GC invocations=65 (full 0):
 garbage-first heap   total 258048K, used 150562K [0x0000000080000000, 0x0000000100000000)
  region size 1024K, 12 young (12288K), 6 survivors (6144K)
 Metaspace       used 90415K, committed 91456K, reserved 557056K
  class space    used 12699K, committed 13184K, reserved 425984K
}
Event: 59.023 GC heap after
{Heap after GC invocations=66 (full 0):
 garbage-first heap   total 258048K, used 145806K [0x0000000080000000, 0x0000000100000000)
  region size 1024K, 2 young (2048K), 2 survivors (2048K)
 Metaspace       used 90415K, committed 91456K, reserved 557056K
  class space    used 12699K, committed 13184K, reserved 425984K
}
Event: 59.342 GC heap before
{Heap before GC invocations=66 (full 0):
 garbage-first heap   total 258048K, used 157070K [0x0000000080000000, 0x0000000100000000)
  region size 1024K, 14 young (14336K), 2 survivors (2048K)
 Metaspace       used 90477K, committed 91520K, reserved 557056K
  class space    used 12704K, committed 13184K, reserved 425984K
}
Event: 59.350 GC heap after
{Heap after GC invocations=67 (full 0):
 garbage-first heap   total 258048K, used 146651K [0x0000000080000000, 0x0000000100000000)
  region size 1024K, 3 young (3072K), 3 survivors (3072K)
 Metaspace       used 90477K, committed 91520K, reserved 557056K
  class space    used 12704K, committed 13184K, reserved 425984K
}
Event: 60.368 GC heap before
{Heap before GC invocations=68 (full 0):
 garbage-first heap   total 265216K, used 189659K [0x0000000080000000, 0x0000000100000000)
  region size 1024K, 43 young (44032K), 3 survivors (3072K)
 Metaspace       used 91923K, committed 92928K, reserved 557056K
  class space    used 12892K, committed 13376K, reserved 425984K
}
Event: 60.380 GC heap after
{Heap after GC invocations=69 (full 0):
 garbage-first heap   total 265216K, used 154612K [0x0000000080000000, 0x0000000100000000)
  region size 1024K, 6 young (6144K), 6 survivors (6144K)
 Metaspace       used 91923K, committed 92928K, reserved 557056K
  class space    used 12892K, committed 13376K, reserved 425984K
}
Event: 60.487 GC heap before
{Heap before GC invocations=69 (full 0):
 garbage-first heap   total 265216K, used 160756K [0x0000000080000000, 0x0000000100000000)
  region size 1024K, 12 young (12288K), 6 survivors (6144K)
 Metaspace       used 92471K, committed 93504K, reserved 557056K
  class space    used 12982K, committed 13440K, reserved 425984K
}
Event: 60.499 GC heap after
{Heap after GC invocations=70 (full 0):
 garbage-first heap   total 265216K, used 154866K [0x0000000080000000, 0x0000000100000000)
  region size 1024K, 1 young (1024K), 1 survivors (1024K)
 Metaspace       used 92471K, committed 93504K, reserved 557056K
  class space    used 12982K, committed 13440K, reserved 425984K
}
Event: 61.439 GC heap before
{Heap before GC invocations=70 (full 0):
 garbage-first heap   total 265216K, used 197874K [0x0000000080000000, 0x0000000100000000)
  region size 1024K, 43 young (44032K), 1 survivors (1024K)
 Metaspace       used 95754K, committed 96768K, reserved 557056K
  class space    used 13455K, committed 13952K, reserved 425984K
}
Event: 61.446 GC heap after
{Heap after GC invocations=71 (full 0):
 garbage-first heap   total 265216K, used 157035K [0x0000000080000000, 0x0000000100000000)
  region size 1024K, 3 young (3072K), 3 survivors (3072K)
 Metaspace       used 95754K, committed 96768K, reserved 557056K
  class space    used 13455K, committed 13952K, reserved 425984K
}
Event: 62.466 GC heap before
{Heap before GC invocations=72 (full 0):
 garbage-first heap   total 271360K, used 201067K [0x0000000080000000, 0x0000000100000000)
  region size 1024K, 46 young (47104K), 3 survivors (3072K)
 Metaspace       used 97213K, committed 98304K, reserved 557056K
  class space    used 13645K, committed 14208K, reserved 425984K
}
Event: 62.477 GC heap after
{Heap after GC invocations=73 (full 0):
 garbage-first heap   total 271360K, used 162002K [0x0000000080000000, 0x0000000100000000)
  region size 1024K, 6 young (6144K), 6 survivors (6144K)
 Metaspace       used 97213K, committed 98304K, reserved 557056K
  class space    used 13645K, committed 14208K, reserved 425984K
}
Event: 62.574 GC heap before
{Heap before GC invocations=73 (full 0):
 garbage-first heap   total 271360K, used 169170K [0x0000000080000000, 0x0000000100000000)
  region size 1024K, 13 young (13312K), 6 survivors (6144K)
 Metaspace       used 97342K, committed 98496K, reserved 557056K
  class space    used 13658K, committed 14208K, reserved 425984K
}
Event: 62.585 GC heap after
{Heap after GC invocations=74 (full 0):
 garbage-first heap   total 271360K, used 163053K [0x0000000080000000, 0x0000000100000000)
  region size 1024K, 2 young (2048K), 2 survivors (2048K)
 Metaspace       used 97342K, committed 98496K, reserved 557056K
  class space    used 13658K, committed 14208K, reserved 425984K
}
Event: 63.319 GC heap before
{Heap before GC invocations=74 (full 0):
 garbage-first heap   total 271360K, used 210157K [0x0000000080000000, 0x0000000100000000)
  region size 1024K, 48 young (49152K), 2 survivors (2048K)
 Metaspace       used 97805K, committed 98880K, reserved 557056K
  class space    used 13693K, committed 14208K, reserved 425984K
}
Event: 63.327 GC heap after
{Heap after GC invocations=75 (full 0):
 garbage-first heap   total 271360K, used 167256K [0x0000000080000000, 0x0000000100000000)
  region size 1024K, 6 young (6144K), 6 survivors (6144K)
 Metaspace       used 97805K, committed 98880K, reserved 557056K
  class space    used 13693K, committed 14208K, reserved 425984K
}
Event: 64.050 GC heap before
{Heap before GC invocations=75 (full 0):
 garbage-first heap   total 271360K, used 213336K [0x0000000080000000, 0x0000000100000000)
  region size 1024K, 52 young (53248K), 6 survivors (6144K)
 Metaspace       used 98724K, committed 99840K, reserved 557056K
  class space    used 13816K, committed 14400K, reserved 425984K
}
Event: 64.061 GC heap after
{Heap after GC invocations=76 (full 0):
 garbage-first heap   total 271360K, used 170990K [0x0000000080000000, 0x0000000100000000)
  region size 1024K, 4 young (4096K), 4 survivors (4096K)
 Metaspace       used 98724K, committed 99840K, reserved 557056K
  class space    used 13816K, committed 14400K, reserved 425984K
}

Dll operation events (14 events):
Event: 0.123 Loaded shared library C:\Program Files\Microsoft\jdk-17.0.8.7-hotspot\bin\java.dll
Event: 0.275 Loaded shared library C:\Program Files\Microsoft\jdk-17.0.8.7-hotspot\bin\jsvml.dll
Event: 0.380 Loaded shared library C:\Program Files\Microsoft\jdk-17.0.8.7-hotspot\bin\zip.dll
Event: 0.404 Loaded shared library C:\Program Files\Microsoft\jdk-17.0.8.7-hotspot\bin\instrument.dll
Event: 0.423 Loaded shared library C:\Program Files\Microsoft\jdk-17.0.8.7-hotspot\bin\net.dll
Event: 0.428 Loaded shared library C:\Program Files\Microsoft\jdk-17.0.8.7-hotspot\bin\nio.dll
Event: 0.435 Loaded shared library C:\Program Files\Microsoft\jdk-17.0.8.7-hotspot\bin\zip.dll
Event: 0.936 Loaded shared library C:\Program Files\Microsoft\jdk-17.0.8.7-hotspot\bin\jimage.dll
Event: 1.046 Loaded shared library C:\Program Files\Microsoft\jdk-17.0.8.7-hotspot\bin\verify.dll
Event: 1.440 Loaded shared library C:\Users\Hasan\.gradle\native\68d5fa5c4cc2d200863cafc0d521ce42e7d3e7ee720ec0a83991735586a16f82\windows-amd64\native-platform.dll
Event: 1.462 Loaded shared library C:\Users\Hasan\.gradle\native\e376f236ea51e6404a007f0833ffe2c6e607c4080706a723a18a27aeea778392\windows-amd64\native-platform-file-events.dll
Event: 3.691 Loaded shared library C:\Program Files\Microsoft\jdk-17.0.8.7-hotspot\bin\management.dll
Event: 3.701 Loaded shared library C:\Program Files\Microsoft\jdk-17.0.8.7-hotspot\bin\management_ext.dll
Event: 4.811 Loaded shared library C:\Program Files\Microsoft\jdk-17.0.8.7-hotspot\bin\sunmscapi.dll

Deoptimization events (20 events):
Event: 64.423 Thread 0x000001ecde48c400 Uncommon trap: trap_request=0xffffffc6 fr.pc=0x000001ecac3e9824 relative=0x0000000000000564
Event: 64.423 Thread 0x000001ecde48c400 Uncommon trap: reason=bimorphic_or_optimized_type_check action=maybe_recompile pc=0x000001ecac3e9824 method=java.io.DataOutputStream.writeInt(I)V @ 53 c2
Event: 64.423 Thread 0x000001ecde48c400 DEOPT PACKING pc=0x000001ecac3e9824 sp=0x00000062c7bfc460
Event: 64.423 Thread 0x000001ecde48c400 DEOPT UNPACKING pc=0x000001ecab8269a3 sp=0x00000062c7bfc428 mode 2
Event: 64.432 Thread 0x000001ecde48c400 Uncommon trap: trap_request=0xffffffc6 fr.pc=0x000001ecac5465c0 relative=0x00000000000000a0
Event: 64.432 Thread 0x000001ecde48c400 Uncommon trap: reason=bimorphic_or_optimized_type_check action=maybe_recompile pc=0x000001ecac5465c0 method=org.gradle.execution.plan.ActionNode.hasPendingPreExecutionNodes()Z @ 11 c2
Event: 64.432 Thread 0x000001ecde48c400 DEOPT PACKING pc=0x000001ecac5465c0 sp=0x00000062c7bfedd0
Event: 64.432 Thread 0x000001ecde48c400 DEOPT UNPACKING pc=0x000001ecab8269a3 sp=0x00000062c7bfed58 mode 2
Event: 64.442 Thread 0x000001ecde48c400 Uncommon trap: trap_request=0xffffffc6 fr.pc=0x000001ecac5465c0 relative=0x00000000000000a0
Event: 64.442 Thread 0x000001ecde48c400 Uncommon trap: reason=bimorphic_or_optimized_type_check action=maybe_recompile pc=0x000001ecac5465c0 method=org.gradle.execution.plan.ActionNode.hasPendingPreExecutionNodes()Z @ 11 c2
Event: 64.442 Thread 0x000001ecde48c400 DEOPT PACKING pc=0x000001ecac5465c0 sp=0x00000062c7bfedd0
Event: 64.442 Thread 0x000001ecde48c400 DEOPT UNPACKING pc=0x000001ecab8269a3 sp=0x00000062c7bfed58 mode 2
Event: 64.448 Thread 0x000001ecde48afc0 Uncommon trap: trap_request=0xffffffc6 fr.pc=0x000001ecac5465c0 relative=0x00000000000000a0
Event: 64.448 Thread 0x000001ecde48afc0 Uncommon trap: reason=bimorphic_or_optimized_type_check action=maybe_recompile pc=0x000001ecac5465c0 method=org.gradle.execution.plan.ActionNode.hasPendingPreExecutionNodes()Z @ 11 c2
Event: 64.448 Thread 0x000001ecde48afc0 DEOPT PACKING pc=0x000001ecac5465c0 sp=0x00000062c7dfee00
Event: 64.448 Thread 0x000001ecde48afc0 DEOPT UNPACKING pc=0x000001ecab8269a3 sp=0x00000062c7dfed88 mode 2
Event: 64.455 Thread 0x000001ecde48afc0 Uncommon trap: trap_request=0xffffffc6 fr.pc=0x000001ecac5465c0 relative=0x00000000000000a0
Event: 64.456 Thread 0x000001ecde48afc0 Uncommon trap: reason=bimorphic_or_optimized_type_check action=maybe_recompile pc=0x000001ecac5465c0 method=org.gradle.execution.plan.ActionNode.hasPendingPreExecutionNodes()Z @ 11 c2
Event: 64.456 Thread 0x000001ecde48afc0 DEOPT PACKING pc=0x000001ecac5465c0 sp=0x00000062c7dfee00
Event: 64.456 Thread 0x000001ecde48afc0 DEOPT UNPACKING pc=0x000001ecab8269a3 sp=0x00000062c7dfed88 mode 2

Classes unloaded (0 events):
No events

Classes redefined (0 events):
No events

Internal exceptions (20 events):
Event: 61.913 Thread 0x000001ecdaa3ea10 Implicit null exception at 0x000001ecac4c2e8a to 0x000001ecac4c2f6a
Event: 62.305 Thread 0x000001ecdaa3ea10 Implicit null exception at 0x000001ecac4e31c3 to 0x000001ecac4e3277
Event: 62.435 Thread 0x000001ecdaa3ea10 Exception <a 'java/lang/IncompatibleClassChangeError'{0x000000008df10bd8}: Found class java.lang.Object, but interface was expected> (0x000000008df10bd8) 
thrown [s\src\hotspot\share\interpreter\linkResolver.cpp, line 826]
Event: 62.494 Thread 0x000001ecdaa3ea10 Implicit null exception at 0x000001ecac4fec0e to 0x000001ecac4ffaa0
Event: 62.567 Thread 0x000001ecdaa3ea10 Exception <a 'sun/nio/fs/WindowsException'{0x000000009029bf30}> (0x000000009029bf30) 
thrown [s\src\hotspot\share\prims\jni.cpp, line 516]
Event: 62.567 Thread 0x000001ecdaa3ea10 Exception <a 'sun/nio/fs/WindowsException'{0x000000009029d570}> (0x000000009029d570) 
thrown [s\src\hotspot\share\prims\jni.cpp, line 516]
Event: 62.567 Thread 0x000001ecdaa3ea10 Exception <a 'sun/nio/fs/WindowsException'{0x000000009029ec00}> (0x000000009029ec00) 
thrown [s\src\hotspot\share\prims\jni.cpp, line 516]
Event: 62.567 Thread 0x000001ecdaa3ea10 Exception <a 'sun/nio/fs/WindowsException'{0x00000000902a0290}> (0x00000000902a0290) 
thrown [s\src\hotspot\share\prims\jni.cpp, line 516]
Event: 63.548 Thread 0x000001ecde48dd50 Exception <a 'java/lang/NoSuchMethodError'{0x000000008f7886c8}: 'void java.lang.invoke.DirectMethodHandle$Holder.invokeStatic(java.lang.Object, java.lang.Object, java.lang.Object, java.lang.Object, int, java.lang.Object, java.lang.Object)'> (0x000000008f7886c8) 
thrown [s\src\hotspot\share\interpreter\linkResolver.cpp, line 759]
Event: 63.578 Thread 0x000001ecdfdb01d0 Exception <a 'java/lang/NoSuchMethodError'{0x000000008f6d4150}: 'java.lang.Object java.lang.invoke.DirectMethodHandle$Holder.invokeSpecialIFC(java.lang.Object, java.lang.Object, java.lang.Object)'> (0x000000008f6d4150) 
thrown [s\src\hotspot\share\interpreter\linkResolver.cpp, line 759]
Event: 63.578 Thread 0x000001ecdfdafcc0 Exception <a 'java/lang/NoSuchMethodError'{0x000000008f673298}: 'java.lang.Object java.lang.invoke.DirectMethodHandle$Holder.invokeSpecialIFC(java.lang.Object, java.lang.Object, java.lang.Object)'> (0x000000008f673298) 
thrown [s\src\hotspot\share\interpreter\linkResolver.cpp, line 759]
Event: 63.578 Thread 0x000001ecde48dd50 Exception <a 'java/lang/NoSuchMethodError'{0x000000008f540ba0}: 'java.lang.Object java.lang.invoke.DirectMethodHandle$Holder.invokeSpecialIFC(java.lang.Object, java.lang.Object, java.lang.Object)'> (0x000000008f540ba0) 
thrown [s\src\hotspot\share\interpreter\linkResolver.cpp, line 759]
Event: 63.700 Thread 0x000001ecde48dd50 Exception <a 'java/lang/NoSuchMethodError'{0x000000008efaacc0}: 'void java.lang.invoke.DirectMethodHandle$Holder.invokeVirtual(java.lang.Object, java.lang.Object)'> (0x000000008efaacc0) 
thrown [s\src\hotspot\share\interpreter\linkResolver.cpp, line 759]
Event: 64.374 Thread 0x000001ecde48c400 Exception <a 'java/lang/ClassNotFoundException'{0x000000008f30cd40}: groovy/util/FileTreeBuilderBeanInfo> (0x000000008f30cd40) 
thrown [s\src\hotspot\share\classfile\systemDictionary.cpp, line 256]
Event: 64.375 Thread 0x000001ecde48c400 Exception <a 'java/lang/ClassNotFoundException'{0x000000008f370058}: groovy/util/FileTreeBuilderCustomizer> (0x000000008f370058) 
thrown [s\src\hotspot\share\classfile\systemDictionary.cpp, line 256]
Event: 64.380 Thread 0x000001ecde48c400 Exception <a 'java/lang/ClassNotFoundException'{0x000000008f3a7c80}: java/io/BufferedWriterBeanInfo> (0x000000008f3a7c80) 
thrown [s\src\hotspot\share\classfile\systemDictionary.cpp, line 256]
Event: 64.380 Thread 0x000001ecde48c400 Exception <a 'java/lang/ClassNotFoundException'{0x000000008f3ad2a8}: java/io/WriterBeanInfo> (0x000000008f3ad2a8) 
thrown [s\src\hotspot\share\classfile\systemDictionary.cpp, line 256]
Event: 64.381 Thread 0x000001ecde48c400 Exception <a 'java/lang/ClassNotFoundException'{0x000000008f3b2898}: java/io/WriterCustomizer> (0x000000008f3b2898) 
thrown [s\src\hotspot\share\classfile\systemDictionary.cpp, line 256]
Event: 64.382 Thread 0x000001ecde48c400 Exception <a 'java/lang/ClassNotFoundException'{0x000000008f3c12b0}: java/io/BufferedWriterCustomizer> (0x000000008f3c12b0) 
thrown [s\src\hotspot\share\classfile\systemDictionary.cpp, line 256]
Event: 64.423 Thread 0x000001ecde48c400 Exception <a 'java/lang/NoSuchMethodError'{0x000000008f2467d8}: static Lcom/android/build/api/variant/BuildConfigField;.<clinit>()V> (0x000000008f2467d8) 
thrown [s\src\hotspot\share\prims\jni.cpp, line 1107]

VM Operations (20 events):
Event: 63.319 Executing VM operation: G1CollectForAllocation
Event: 63.327 Executing VM operation: G1CollectForAllocation done
Event: 63.517 Executing VM operation: HandshakeAllThreads
Event: 63.527 Executing VM operation: HandshakeAllThreads done
Event: 63.557 Executing VM operation: HandshakeAllThreads
Event: 63.558 Executing VM operation: HandshakeAllThreads done
Event: 63.590 Executing VM operation: HandshakeAllThreads
Event: 63.591 Executing VM operation: HandshakeAllThreads done
Event: 63.593 Executing VM operation: HandshakeAllThreads
Event: 63.593 Executing VM operation: HandshakeAllThreads done
Event: 63.608 Executing VM operation: ICBufferFull
Event: 63.608 Executing VM operation: ICBufferFull done
Event: 63.608 Executing VM operation: ICBufferFull
Event: 63.609 Executing VM operation: ICBufferFull done
Event: 63.955 Executing VM operation: ICBufferFull
Event: 63.955 Executing VM operation: ICBufferFull done
Event: 64.050 Executing VM operation: G1CollectForAllocation
Event: 64.061 Executing VM operation: G1CollectForAllocation done
Event: 64.444 Executing VM operation: ICBufferFull
Event: 64.444 Executing VM operation: ICBufferFull done

Events (20 events):
Event: 64.089 Thread 0x000001ecdaa40870 Thread added: 0x000001ecdaa40870
Event: 64.130 Thread 0x000001ece6db3fa0 Thread added: 0x000001ece6db3fa0
Event: 64.160 Thread 0x000001ece6db58f0 Thread added: 0x000001ece6db58f0
Event: 64.341 Thread 0x000001ece6db6310 Thread added: 0x000001ece6db6310
Event: 64.380 loading class java/io/BufferedWriterBeanInfo
Event: 64.380 loading class java/io/BufferedWriterBeanInfo done
Event: 64.380 loading class java/io/BufferedWriterBeanInfo
Event: 64.380 loading class java/io/BufferedWriterBeanInfo done
Event: 64.380 loading class java/io/WriterBeanInfo
Event: 64.380 loading class java/io/WriterBeanInfo done
Event: 64.380 loading class java/io/WriterBeanInfo
Event: 64.380 loading class java/io/WriterBeanInfo done
Event: 64.381 loading class java/io/WriterCustomizer
Event: 64.381 loading class java/io/WriterCustomizer done
Event: 64.381 loading class java/io/WriterCustomizer
Event: 64.381 loading class java/io/WriterCustomizer done
Event: 64.381 loading class java/io/BufferedWriterCustomizer
Event: 64.381 loading class java/io/BufferedWriterCustomizer done
Event: 64.382 loading class java/io/BufferedWriterCustomizer
Event: 64.382 loading class java/io/BufferedWriterCustomizer done


Dynamic libraries:
0x00007ff6b9a80000 - 0x00007ff6b9a8e000 	C:\Program Files\Microsoft\jdk-17.0.8.7-hotspot\bin\java.exe
0x00007ffcd6ca0000 - 0x00007ffcd6eaa000 	C:\Windows\SYSTEM32\ntdll.dll
0x00007ffcd5380000 - 0x00007ffcd543d000 	C:\Windows\System32\KERNEL32.DLL
0x00007ffcd40f0000 - 0x00007ffcd4475000 	C:\Windows\System32\KERNELBASE.dll
0x00007ffca81b0000 - 0x00007ffca828b000 	C:\Program Files\Bitdefender\Endpoint Security\bdhkm\dlls_267019776978380285\bdhkm64.dll
0x00007ffc99f10000 - 0x00007ffc9a0c3000 	C:\Program Files\Bitdefender\Endpoint Security\atcuf\dlls_267118345290373239\atcuf64.dll
0x00007ffcd49c0000 - 0x00007ffcd4ad1000 	C:\Windows\System32\ucrtbase.dll
0x00007ffc9c3c0000 - 0x00007ffc9c3d7000 	C:\Program Files\Microsoft\jdk-17.0.8.7-hotspot\bin\jli.dll
0x00007ffcd6060000 - 0x00007ffcd620c000 	C:\Windows\System32\USER32.dll
0x00007ffcd4990000 - 0x00007ffcd49b6000 	C:\Windows\System32\win32u.dll
0x00007ffcd58b0000 - 0x00007ffcd58d9000 	C:\Windows\System32\GDI32.dll
0x00007ffcd4480000 - 0x00007ffcd459b000 	C:\Windows\System32\gdi32full.dll
0x00007ffcd45a0000 - 0x00007ffcd463d000 	C:\Windows\System32\msvcp_win.dll
0x00007ffc9a110000 - 0x00007ffc9a12b000 	C:\Program Files\Microsoft\jdk-17.0.8.7-hotspot\bin\VCRUNTIME140.dll
0x00007ffcbc900000 - 0x00007ffcbcba5000 	C:\Windows\WinSxS\amd64_microsoft.windows.common-controls_6595b64144ccf1df_6.0.22000.2600_none_1b65155c6ae217ae\COMCTL32.dll
0x00007ffcd6430000 - 0x00007ffcd64d3000 	C:\Windows\System32\msvcrt.dll
0x00007ffcd6bf0000 - 0x00007ffcd6c21000 	C:\Windows\System32\IMM32.DLL
0x00007ffcc4480000 - 0x00007ffcc448c000 	C:\Program Files\Microsoft\jdk-17.0.8.7-hotspot\bin\vcruntime140_1.dll
0x00007ffc93b20000 - 0x00007ffc93bad000 	C:\Program Files\Microsoft\jdk-17.0.8.7-hotspot\bin\msvcp140.dll
0x00007ffc7c8a0000 - 0x00007ffc7d505000 	C:\Program Files\Microsoft\jdk-17.0.8.7-hotspot\bin\server\jvm.dll
0x00007ffcd4af0000 - 0x00007ffcd4ba1000 	C:\Windows\System32\ADVAPI32.dll
0x00007ffcd58e0000 - 0x00007ffcd5982000 	C:\Windows\System32\sechost.dll
0x00007ffcd4780000 - 0x00007ffcd47a7000 	C:\Windows\System32\bcrypt.dll
0x00007ffcd6220000 - 0x00007ffcd6341000 	C:\Windows\System32\RPCRT4.dll
0x00007ffcd3fc0000 - 0x00007ffcd400d000 	C:\Windows\SYSTEM32\POWRPROF.dll
0x00007ffcbe370000 - 0x00007ffcbe379000 	C:\Windows\SYSTEM32\WSOCK32.dll
0x00007ffcd5be0000 - 0x00007ffcd5c4f000 	C:\Windows\System32\WS2_32.dll
0x00007ffccbd50000 - 0x00007ffccbd83000 	C:\Windows\SYSTEM32\WINMM.dll
0x00007ffcc8af0000 - 0x00007ffcc8afa000 	C:\Windows\SYSTEM32\VERSION.dll
0x00007ffcd3fa0000 - 0x00007ffcd3fb3000 	C:\Windows\SYSTEM32\UMPDC.dll
0x00007ffcd31b0000 - 0x00007ffcd31c8000 	C:\Windows\SYSTEM32\kernel.appcore.dll
0x00007ffcc4230000 - 0x00007ffcc423a000 	C:\Program Files\Microsoft\jdk-17.0.8.7-hotspot\bin\jimage.dll
0x00007ffcc6a50000 - 0x00007ffcc6c71000 	C:\Windows\SYSTEM32\DBGHELP.DLL
0x00007ffcc68f0000 - 0x00007ffcc6921000 	C:\Windows\SYSTEM32\dbgcore.DLL
0x00007ffcd4640000 - 0x00007ffcd46bf000 	C:\Windows\System32\bcryptPrimitives.dll
0x00007ffcbde20000 - 0x00007ffcbde2e000 	C:\Program Files\Microsoft\jdk-17.0.8.7-hotspot\bin\instrument.dll
0x00007ffc98c40000 - 0x00007ffc98c65000 	C:\Program Files\Microsoft\jdk-17.0.8.7-hotspot\bin\java.dll
0x00007ffc91e40000 - 0x00007ffc91f17000 	C:\Program Files\Microsoft\jdk-17.0.8.7-hotspot\bin\jsvml.dll
0x00007ffcd4bb0000 - 0x00007ffcd5375000 	C:\Windows\System32\SHELL32.dll
0x00007ffcd2220000 - 0x00007ffcd2a82000 	C:\Windows\SYSTEM32\windows.storage.dll
0x00007ffcd5530000 - 0x00007ffcd58a6000 	C:\Windows\System32\combase.dll
0x00007ffcd20b0000 - 0x00007ffcd2217000 	C:\Windows\SYSTEM32\wintypes.dll
0x00007ffcd5dd0000 - 0x00007ffcd5eba000 	C:\Windows\System32\SHCORE.dll
0x00007ffcd5b10000 - 0x00007ffcd5b6d000 	C:\Windows\System32\shlwapi.dll
0x00007ffcd4020000 - 0x00007ffcd4045000 	C:\Windows\SYSTEM32\profapi.dll
0x00007ffc98b60000 - 0x00007ffc98b78000 	C:\Program Files\Microsoft\jdk-17.0.8.7-hotspot\bin\zip.dll
0x00007ffc98ba0000 - 0x00007ffc98bb9000 	C:\Program Files\Microsoft\jdk-17.0.8.7-hotspot\bin\net.dll
0x00007ffccf3d0000 - 0x00007ffccf4e4000 	C:\Windows\SYSTEM32\WINHTTP.dll
0x00007ffcd3640000 - 0x00007ffcd36a7000 	C:\Windows\system32\mswsock.dll
0x00007ffc98b80000 - 0x00007ffc98b96000 	C:\Program Files\Microsoft\jdk-17.0.8.7-hotspot\bin\nio.dll
0x00007ffcc3ee0000 - 0x00007ffcc3ef0000 	C:\Program Files\Microsoft\jdk-17.0.8.7-hotspot\bin\verify.dll
0x00007ffc987b0000 - 0x00007ffc987d7000 	C:\Users\Hasan\.gradle\native\68d5fa5c4cc2d200863cafc0d521ce42e7d3e7ee720ec0a83991735586a16f82\windows-amd64\native-platform.dll
0x00007ffc91cf0000 - 0x00007ffc91e34000 	C:\Users\Hasan\.gradle\native\e376f236ea51e6404a007f0833ffe2c6e607c4080706a723a18a27aeea778392\windows-amd64\native-platform-file-events.dll
0x00007ffcbfe90000 - 0x00007ffcbfe99000 	C:\Program Files\Microsoft\jdk-17.0.8.7-hotspot\bin\management.dll
0x00007ffcbe2c0000 - 0x00007ffcbe2cb000 	C:\Program Files\Microsoft\jdk-17.0.8.7-hotspot\bin\management_ext.dll
0x00007ffcd4ae0000 - 0x00007ffcd4ae8000 	C:\Windows\System32\PSAPI.DLL
0x00007ffcd3880000 - 0x00007ffcd3898000 	C:\Windows\SYSTEM32\CRYPTSP.dll
0x00007ffcd3110000 - 0x00007ffcd3145000 	C:\Windows\system32\rsaenh.dll
0x00007ffcd3730000 - 0x00007ffcd375c000 	C:\Windows\SYSTEM32\USERENV.dll
0x00007ffcd38a0000 - 0x00007ffcd38ac000 	C:\Windows\SYSTEM32\CRYPTBASE.dll
0x00007ffcd2ce0000 - 0x00007ffcd2d0d000 	C:\Windows\SYSTEM32\IPHLPAPI.DLL
0x00007ffcd6210000 - 0x00007ffcd6219000 	C:\Windows\System32\NSI.dll
0x00007ffccf240000 - 0x00007ffccf259000 	C:\Windows\SYSTEM32\dhcpcsvc6.DLL
0x00007ffccf8a0000 - 0x00007ffccf8be000 	C:\Windows\SYSTEM32\dhcpcsvc.DLL
0x00007ffcd2d50000 - 0x00007ffcd2e39000 	C:\Windows\SYSTEM32\DNSAPI.dll
0x00007ffcbd4e0000 - 0x00007ffcbd4ee000 	C:\Program Files\Microsoft\jdk-17.0.8.7-hotspot\bin\sunmscapi.dll
0x00007ffcd47b0000 - 0x00007ffcd4912000 	C:\Windows\System32\CRYPT32.dll
0x00007ffcd39d0000 - 0x00007ffcd39fa000 	C:\Windows\SYSTEM32\ncrypt.dll
0x00007ffcd3990000 - 0x00007ffcd39c7000 	C:\Windows\SYSTEM32\NTASN1.dll
0x00007ffcbd430000 - 0x00007ffcbd438000 	C:\Windows\system32\wshunix.dll
0x00007ffcbfae0000 - 0x00007ffcbfaf7000 	C:\Windows\system32\napinsp.dll
0x00007ffcbfac0000 - 0x00007ffcbfadb000 	C:\Windows\system32\pnrpnsp.dll
0x00007ffcbfaa0000 - 0x00007ffcbfab2000 	C:\Windows\System32\winrnr.dll
0x00007ffcbfa80000 - 0x00007ffcbfa95000 	C:\Windows\system32\wshbth.dll
0x00007ffcbfa60000 - 0x00007ffcbfa7f000 	C:\Windows\system32\nlansp_c.dll
0x00007ffccbd90000 - 0x00007ffccbd9a000 	C:\Windows\System32\rasadhlp.dll
0x00007ffccdb80000 - 0x00007ffccdc01000 	C:\Windows\System32\fwpuclnt.dll

dbghelp: loaded successfully - version: 4.0.5 - missing functions: none
symbol engine: initialized successfully - sym options: 0x614 - pdb path: .;C:\Program Files\Microsoft\jdk-17.0.8.7-hotspot\bin;C:\Windows\SYSTEM32;C:\Program Files\Bitdefender\Endpoint Security\bdhkm\dlls_267019776978380285;C:\Program Files\Bitdefender\Endpoint Security\atcuf\dlls_267118345290373239;C:\Windows\WinSxS\amd64_microsoft.windows.common-controls_6595b64144ccf1df_6.0.22000.2600_none_1b65155c6ae217ae;C:\Program Files\Microsoft\jdk-17.0.8.7-hotspot\bin\server;C:\Users\Hasan\.gradle\native\68d5fa5c4cc2d200863cafc0d521ce42e7d3e7ee720ec0a83991735586a16f82\windows-amd64;C:\Users\Hasan\.gradle\native\e376f236ea51e6404a007f0833ffe2c6e607c4080706a723a18a27aeea778392\windows-amd64

VM Arguments:
jvm_args: -XX:MaxMetaspaceSize=512m --add-opens=java.base/java.util=ALL-UNNAMED --add-opens=java.base/java.lang=ALL-UNNAMED --add-opens=java.base/java.lang.invoke=ALL-UNNAMED --add-opens=java.prefs/java.util.prefs=ALL-UNNAMED --add-opens=java.base/java.nio.charset=ALL-UNNAMED --add-opens=java.base/java.net=ALL-UNNAMED --add-opens=java.base/java.util.concurrent.atomic=ALL-UNNAMED -Xmx2048m -Dfile.encoding=windows-1252 -Duser.country=US -Duser.language=en -Duser.variant -javaagent:C:\Users\Hasan\.gradle\wrapper\dists\gradle-8.3-all\6en3ugtfdg5xnpx44z4qbwgas\gradle-8.3\lib\agents\gradle-instrumentation-agent-8.3.jar 
java_command: org.gradle.launcher.daemon.bootstrap.GradleDaemon 8.3
java_class_path (initial): C:\Users\Hasan\.gradle\wrapper\dists\gradle-8.3-all\6en3ugtfdg5xnpx44z4qbwgas\gradle-8.3\lib\gradle-launcher-8.3.jar
Launcher Type: SUN_STANDARD

[Global flags]
     intx CICompilerCount                          = 3                                         {product} {ergonomic}
   size_t CompressedClassSpaceSize                 = 436207616                                 {product} {ergonomic}
     uint ConcGCThreads                            = 1                                         {product} {ergonomic}
     uint G1ConcRefinementThreads                  = 4                                         {product} {ergonomic}
   size_t G1HeapRegionSize                         = 1048576                                   {product} {ergonomic}
    uintx GCDrainStackTargetSize                   = 64                                        {product} {ergonomic}
   size_t InitialHeapSize                          = 201326592                                 {product} {ergonomic}
   size_t MarkStackSize                            = 4194304                                   {product} {ergonomic}
   size_t MaxHeapSize                              = 2147483648                                {product} {command line}
   size_t MaxMetaspaceSize                         = 536870912                                 {product} {command line}
   size_t MaxNewSize                               = 1287651328                                {product} {ergonomic}
   size_t MinHeapDeltaBytes                        = 1048576                                   {product} {ergonomic}
   size_t MinHeapSize                              = 8388608                                   {product} {ergonomic}
    uintx NonNMethodCodeHeapSize                   = 5832780                                {pd product} {ergonomic}
    uintx NonProfiledCodeHeapSize                  = 122912730                              {pd product} {ergonomic}
    uintx ProfiledCodeHeapSize                     = 122912730                              {pd product} {ergonomic}
    uintx ReservedCodeCacheSize                    = 251658240                              {pd product} {ergonomic}
     bool SegmentedCodeCache                       = true                                      {product} {ergonomic}
   size_t SoftMaxHeapSize                          = 2147483648                             {manageable} {ergonomic}
     bool UseCompressedClassPointers               = true                           {product lp64_product} {ergonomic}
     bool UseCompressedOops                        = true                           {product lp64_product} {ergonomic}
     bool UseG1GC                                  = true                                      {product} {ergonomic}
     bool UseLargePagesIndividualAllocation        = false                                  {pd product} {ergonomic}

Logging:
Log output configuration:
 #0: stdout all=warning uptime,level,tags
 #1: stderr all=off uptime,level,tags

Environment Variables:
JAVA_HOME=C:\Program Files\Microsoft\jdk-17.0.8.7-hotspot\
CLASSPATH=F:\Hasan Ali\Bitfender\android\\gradle\wrapper\gradle-wrapper.jar
PATH=F:\Hasan Ali\Bitfender\node_modules\.bin;F:\Hasan Ali\Bitfender\node_modules\.bin;F:\Hasan Ali\node_modules\.bin;F:\node_modules\.bin;C:\Program Files\nodejs\node_modules\npm\node_modules\@npmcli\run-script\lib\node-gyp-bin;C:\Program Files\Python311\Scripts\;C:\Program Files\Python311\;C:\Program Files\Microsoft\jdk-17.0.8.7-hotspot\bin;C:\Program Files\Microsoft\jdk-11.0.18.10-hotspot\bin;C:\Python311\Scripts\;C:\Python311\;C:\Windows\system32;C:\Windows;C:\Windows\System32\Wbem;C:\Windows\System32\WindowsPowerShell\v1.0\;C:\Windows\System32\OpenSSH\;C:\ProgramData\chocolatey\bin;C:\Users\mansoor\AppData\Local\Android\Sdk\platform-tools;C:\mongosh-2.1.1-win32-x64\bin;C:\Users\Hasan\AppData\Roaming\npm;C:\Program Files\Git\cmd;C:\Program Files\nodejs\;C:\Users\Hasan\AppData\Local\Microsoft\WindowsApps;C:\Users\Hasan\AppData\Local\Programs\Microsoft VS Code\bin;C:\Users\Hasan\AppData\Local\GitHubDesktop\bin;C:\Users\Hasan\AppData\Local\Android\Sdk\platform-tools;
USERNAME=Hasan
OS=Windows_NT
PROCESSOR_IDENTIFIER=Intel64 Family 6 Model 42 Stepping 7, GenuineIntel
TMP=C:\Users\Hasan\AppData\Local\Temp
TEMP=C:\Users\Hasan\AppData\Local\Temp



---------------  S Y S T E M  ---------------

OS:
 Windows 11 , 64 bit Build 22000 (10.0.22000.2836)
OS uptime: 1 days 15:04 hours

CPU: total 4 (initial active 4) (4 cores per cpu, 1 threads per core) family 6 model 42 stepping 7 microcode 0x2f, cx8, cmov, fxsr, mmx, sse, sse2, sse3, ssse3, sse4.1, sse4.2, popcnt, tsc, tscinvbit, avx, aes, clmul, vzeroupper, clflush
Processor Information for all 4 processors :
  Max Mhz: 3101, Current Mhz: 3101, Mhz Limit: 3101

Memory: 4k page, system-wide physical 12176M (1971M free)
TotalPageFile size 17277M (AvailPageFile size 2624M)
current process WorkingSet (physical memory assigned to process): 578M, peak: 583M
current process commit charge ("private bytes"): 616M, peak: 621M

vm_info: OpenJDK 64-Bit Server VM (17.0.8+7-LTS) for windows-amd64 JRE (17.0.8+7-LTS), built on Jul  7 2023 17:21:55 by "MicrosoftCorporation" with MS VC++ 16.10 / 16.11 (VS2019)

END.
